This is potfit-git compiled on Nov 23 2016, 15:30:24.

Reading parameter file >> input_test.tmp << ... 
Reading parameter file >> input_test.tmp << ... done
Starting to read the potential file:
 - Potential file format 0 (analytic potentials) detected
 - Using 1 PAIR potentials to calculate forces
 - Successfully read 1 potential table(s)
Reading potential file >> LJ_230616.pot << ... done
Reading the config file >> potfit_initial_230616.config << and calculating neighbor lists ...
Reading the config file >> potfit_initial_230616.config << and calculating neighbor lists ... done

Read 6 configurations (6 with forces, 0 with stresses)
with a total of 182 atoms (182 Ni (100.00%)).

Minimal Distances Matrix:
Atom	      Ni	with
Ni	2.276916	

Global energy weight: 100.000000

Starting optimization with 3 parameters.
  k	T        	  m	F          	F_opt
  0	100.000000	  0	10932.067040	10932.067040
  0	100.000000	  1	10874.891984	10805.615394
  0	100.000000	  2	9636.718969	9636.545134
  0	100.000000	  3	2503.035173	2475.536754
  0	100.000000	  4	2548.906575	2475.536754
  0	100.000000	  5	2585.803882	2464.803280
  0	100.000000	  6	2804.820708	2464.803280
  0	100.000000	  7	2540.308791	2464.803280
  0	100.000000	  8	2566.253602	2464.803280
  0	100.000000	  9	2892.771805	2464.803280
  1	85.000000	  1	2574.791249	2464.803280
  1	85.000000	  2	2514.533157	2464.803280
  1	85.000000	  3	2550.482622	2464.803280
  1	85.000000	  4	2614.492473	2464.803280
  1	85.000000	  5	2570.678934	2464.803280
  1	85.000000	  6	2866.940825	2464.803280
  1	85.000000	  7	2572.548905	2464.803280
  1	85.000000	  8	2566.117957	2464.738210
  1	85.000000	  9	2596.653442	2464.738210
  2	72.250000	  1	2466.102743	2464.738210
  2	72.250000	  2	2497.007465	2464.738210
  2	72.250000	  3	2532.203684	2464.738210
  2	72.250000	  4	2515.913895	2464.738210
  2	72.250000	  5	2473.504298	2464.738210
  2	72.250000	  6	2548.848665	2464.738210
  2	72.250000	  7	2633.904836	2464.738210
  2	72.250000	  8	2601.017706	2464.738210
  2	72.250000	  9	2548.311579	2464.738210
  3	61.412500	  1	2581.233181	2464.738210
  3	61.412500	  2	2588.734189	2464.738210
  3	61.412500	  3	2640.401304	2464.738210
  3	61.412500	  4	2545.303276	2464.738210
  3	61.412500	  5	2764.167656	2464.738210
  3	61.412500	  6	2589.830656	2464.738210
  3	61.412500	  7	2489.262945	2464.738210
  3	61.412500	  8	2533.880587	2464.738210
  3	61.412500	  9	2542.331642	2464.738210
  4	52.200625	  1	2563.201598	2464.738210
  4	52.200625	  2	2505.096495	2464.738210
  4	52.200625	  3	2531.193599	2464.738210
  4	52.200625	  4	2469.185577	2463.730272
  4	52.200625	  5	2471.960596	2463.730272
  4	52.200625	  6	2488.226661	2463.730272
  4	52.200625	  7	2468.328132	2463.730272
  4	52.200625	  8	2592.650160	2463.730272
  4	52.200625	  9	2488.517859	2463.730272
  5	44.370531	  1	2513.291707	2463.730272
  5	44.370531	  2	2486.475650	2463.730272
  5	44.370531	  3	2622.827353	2463.730272
  5	44.370531	  4	2476.409415	2463.730272
  5	44.370531	  5	2512.412989	2463.730272
  5	44.370531	  6	2489.178441	2463.730272
  5	44.370531	  7	2472.615822	2463.730272
  5	44.370531	  8	2566.444231	2463.730272
  5	44.370531	  9	2515.249661	2463.730272
  6	37.714952	  1	2466.207467	2463.730272
  6	37.714952	  2	2494.762654	2463.730272
  6	37.714952	  3	2613.778569	2463.730272
  6	37.714952	  4	2512.151778	2463.730272
  6	37.714952	  5	2514.686304	2463.730272
  6	37.714952	  6	2368.042822	2368.042822
  6	37.714952	  7	2379.374075	2327.881869
  6	37.714952	  8	2340.243475	2327.881869
  6	37.714952	  9	2387.875363	2304.944707
  7	32.057709	  1	2229.820520	2226.548830
  7	32.057709	  2	2328.736340	2226.548830
  7	32.057709	  3	2296.155902	2226.548830
  7	32.057709	  4	2205.922342	2205.559533
  7	32.057709	  5	2143.047328	2132.928736
  7	32.057709	  6	2226.867213	2115.854978
  7	32.057709	  7	2003.188221	1991.980445
  7	32.057709	  8	1821.051129	1818.438090
  7	32.057709	  9	768.981433	762.789435
  8	27.249053	  1	49.630743	9.577344
  8	27.249053	  2	3.149614	3.149614
  8	27.249053	  3	2.481853	0.581197
  8	27.249053	  4	1.332836	0.399923
  8	27.249053	  5	3.006673	0.399923
  8	27.249053	  6	47.164633	0.399923
  8	27.249053	  7	39.328143	0.354948
  8	27.249053	  8	34.938114	0.354948
  8	27.249053	  9	4.536039	0.354948
  9	23.161695	  1	12.923543	0.354948
  9	23.161695	  2	8.652404	0.354948
  9	23.161695	  3	8.560210	0.351629
  9	23.161695	  4	0.707685	0.351629
  9	23.161695	  5	17.934124	0.351629
  9	23.161695	  6	22.047925	0.351629
  9	23.161695	  7	8.576813	0.351629
  9	23.161695	  8	50.906615	0.351629
  9	23.161695	  9	10.170502	0.351629
 10	19.687440	  1	1.790991	0.351629
 10	19.687440	  2	2.864318	0.351629
 10	19.687440	  3	8.529244	0.351629
 10	19.687440	  4	5.619081	0.351629
 10	19.687440	  5	1.695800	0.351629
 10	19.687440	  6	7.837895	0.351629
 10	19.687440	  7	16.150421	0.257102
 10	19.687440	  8	4.817895	0.257102
 10	19.687440	  9	17.694670	0.257102
 11	16.734324	  1	5.319632	0.257102
 11	16.734324	  2	5.726041	0.257102
 11	16.734324	  3	4.143169	0.257102
 11	16.734324	  4	8.067753	0.257102
 11	16.734324	  5	14.253959	0.257102
 11	16.734324	  6	16.552807	0.257102
 11	16.734324	  7	2.309718	0.239066
 11	16.734324	  8	3.942984	0.239066
 11	16.734324	  9	44.582032	0.239066
 12	14.224176	  1	18.495076	0.203160
 12	14.224176	  2	33.658404	0.203160
 12	14.224176	  3	4.819657	0.203160
 12	14.224176	  4	13.567861	0.203160
 12	14.224176	  5	28.150895	0.203160
 12	14.224176	  6	3.898666	0.203160
 12	14.224176	  7	14.687074	0.203160
 12	14.224176	  8	9.047007	0.203160
 12	14.224176	  9	20.509555	0.203160
 13	12.090549	  1	17.319233	0.203160
 13	12.090549	  2	28.659393	0.203160
 13	12.090549	  3	18.032942	0.203160
 13	12.090549	  4	8.489439	0.203160
 13	12.090549	  5	35.527512	0.203160
 13	12.090549	  6	26.060758	0.203160
 13	12.090549	  7	15.512847	0.203160
 13	12.090549	  8	13.996614	0.203160
 13	12.090549	  9	9.497485	0.203160
 14	10.276967	  1	24.761259	0.203160
 14	10.276967	  2	3.624479	0.203160
 14	10.276967	  3	6.137874	0.203160
 14	10.276967	  4	30.102168	0.203160
 14	10.276967	  5	21.103549	0.203160
 14	10.276967	  6	8.087379	0.203160
 14	10.276967	  7	12.221190	0.203160
 14	10.276967	  8	3.536378	0.203160
 14	10.276967	  9	5.458280	0.203160
 15	8.735422	  1	10.094593	0.203160
 15	8.735422	  2	10.077401	0.203160
 15	8.735422	  3	6.186823	0.203160
 15	8.735422	  4	11.086571	0.203160
 15	8.735422	  5	4.076518	0.203160
 15	8.735422	  6	2.755081	0.203160
 15	8.735422	  7	0.915929	0.203160
 15	8.735422	  8	19.127014	0.203160
 15	8.735422	  9	0.326212	0.203160
 16	7.425109	  1	0.662108	0.203160
 16	7.425109	  2	15.226697	0.203160
 16	7.425109	  3	13.926425	0.203160
 16	7.425109	  4	14.196325	0.203160
 16	7.425109	  5	10.878150	0.203160
 16	7.425109	  6	1.978325	0.203160
 16	7.425109	  7	4.452622	0.203160
 16	7.425109	  8	2.456163	0.203160
 16	7.425109	  9	16.423801	0.203160
 17	6.311342	  1	2.203781	0.203160
 17	6.311342	  2	7.110836	0.203160
 17	6.311342	  3	7.741296	0.203160
 17	6.311342	  4	2.859538	0.203160
 17	6.311342	  5	2.077971	0.203160
 17	6.311342	  6	1.531384	0.203160
 17	6.311342	  7	0.466234	0.203160
 17	6.311342	  8	1.921487	0.203160
 17	6.311342	  9	0.451529	0.203160
 18	5.364641	  1	18.360779	0.203160
 18	5.364641	  2	5.426312	0.203160
 18	5.364641	  3	14.518822	0.203160
 18	5.364641	  4	3.534149	0.203160
 18	5.364641	  5	2.878877	0.203160
 18	5.364641	  6	1.858488	0.203160
 18	5.364641	  7	1.561018	0.203160
 18	5.364641	  8	3.582090	0.203160
 18	5.364641	  9	20.891116	0.203160
 19	4.559945	  1	10.900573	0.203160
 19	4.559945	  2	3.687823	0.203160
 19	4.559945	  3	1.359624	0.203160
 19	4.559945	  4	7.515313	0.203160
 19	4.559945	  5	6.877185	0.203160
 19	4.559945	  6	0.655756	0.203160
 19	4.559945	  7	0.933889	0.203160
 19	4.559945	  8	3.628316	0.203160
 19	4.559945	  9	6.442695	0.201720
 20	3.875953	  1	8.751139	0.201720
 20	3.875953	  2	7.180046	0.201720
 20	3.875953	  3	0.991034	0.201720
 20	3.875953	  4	5.065538	0.201720
 20	3.875953	  5	2.456886	0.201720
 20	3.875953	  6	0.947604	0.201720
 20	3.875953	  7	3.217805	0.201720
 20	3.875953	  8	4.723079	0.201720
 20	3.875953	  9	2.523671	0.201720
 21	3.294560	  1	2.760634	0.201720
 21	3.294560	  2	7.889465	0.201720
 21	3.294560	  3	5.431323	0.201720
 21	3.294560	  4	5.100242	0.201720
 21	3.294560	  5	2.223368	0.201720
 21	3.294560	  6	2.121139	0.201720
 21	3.294560	  7	3.797001	0.201720
 21	3.294560	  8	0.718269	0.201720
 21	3.294560	  9	4.971560	0.201720
 22	2.800376	  1	8.638784	0.201720
 22	2.800376	  2	0.656506	0.201720
 22	2.800376	  3	3.047064	0.201720
 22	2.800376	  4	2.725767	0.201720
 22	2.800376	  5	5.656852	0.201720
 22	2.800376	  6	2.659728	0.201720
 22	2.800376	  7	1.411104	0.201720
 22	2.800376	  8	2.478504	0.201720
 22	2.800376	  9	1.870488	0.201720
 23	2.380320	  1	6.073561	0.201720
 23	2.380320	  2	0.688011	0.201720
 23	2.380320	  3	5.618737	0.201720
 23	2.380320	  4	1.656172	0.201720
 23	2.380320	  5	3.049765	0.201720
 23	2.380320	  6	0.958546	0.201720
 23	2.380320	  7	1.510054	0.201720
 23	2.380320	  8	2.326342	0.201720
 23	2.380320	  9	5.117954	0.201720
 24	2.023272	  1	3.921979	0.201720
 24	2.023272	  2	0.555034	0.201720
 24	2.023272	  3	1.612117	0.201720
 24	2.023272	  4	0.741565	0.191921
 24	2.023272	  5	0.675620	0.191921
 24	2.023272	  6	2.278254	0.191921
 24	2.023272	  7	3.695271	0.191921
 24	2.023272	  8	1.833776	0.191921
 24	2.023272	  9	1.724320	0.191921
 25	1.719781	  1	0.456192	0.191921
 25	1.719781	  2	2.716789	0.191921
 25	1.719781	  3	3.086041	0.191921
 25	1.719781	  4	2.184624	0.191921
 25	1.719781	  5	0.431038	0.191921
 25	1.719781	  6	0.982139	0.191921
 25	1.719781	  7	1.291506	0.191921
 25	1.719781	  8	2.570890	0.191921
 25	1.719781	  9	0.742839	0.191921
 26	1.461814	  1	0.359533	0.191921
 26	1.461814	  2	3.270209	0.191921
 26	1.461814	  3	3.622005	0.191921
 26	1.461814	  4	1.603822	0.191921
 26	1.461814	  5	1.837180	0.191921
 26	1.461814	  6	1.145647	0.191921
 26	1.461814	  7	0.682727	0.191921
 26	1.461814	  8	3.126918	0.191921
 26	1.461814	  9	1.560064	0.191921
 27	1.242542	  1	0.791223	0.191921
 27	1.242542	  2	0.702708	0.191921
 27	1.242542	  3	1.177773	0.191921
 27	1.242542	  4	2.261356	0.191921
 27	1.242542	  5	2.369076	0.191921
 27	1.242542	  6	1.020184	0.191921
 27	1.242542	  7	0.350300	0.191921
 27	1.242542	  8	3.102158	0.191921
 27	1.242542	  9	1.104966	0.191921
 28	1.056160	  1	2.152392	0.191921
 28	1.056160	  2	0.439535	0.191921
 28	1.056160	  3	0.435103	0.191921
 28	1.056160	  4	0.322193	0.191921
 28	1.056160	  5	0.209824	0.191921
 28	1.056160	  6	1.932521	0.191921
 28	1.056160	  7	1.230645	0.191921
 28	1.056160	  8	1.037980	0.191921
 28	1.056160	  9	2.097553	0.191921
 29	0.897736	  1	0.338755	0.191921
 29	0.897736	  2	0.952494	0.191921
 29	0.897736	  3	1.992255	0.191921
 29	0.897736	  4	0.279769	0.191921
 29	0.897736	  5	1.977215	0.191921
 29	0.897736	  6	1.069175	0.191921
 29	0.897736	  7	0.247861	0.191921
 29	0.897736	  8	1.920654	0.191921
 29	0.897736	  9	2.397028	0.191921
 30	0.763076	  1	0.493114	0.191921
 30	0.763076	  2	0.267734	0.191921
 30	0.763076	  3	0.560453	0.191921
 30	0.763076	  4	1.090774	0.191921
 30	0.763076	  5	0.818497	0.191921
 30	0.763076	  6	0.371863	0.191921
 30	0.763076	  7	0.402440	0.191921
 30	0.763076	  8	0.456960	0.191921
 30	0.763076	  9	0.311321	0.191921
 31	0.648615	  1	0.557446	0.191921
 31	0.648615	  2	0.595075	0.191921
 31	0.648615	  3	0.436683	0.191921
 31	0.648615	  4	1.292194	0.191921
 31	0.648615	  5	0.744585	0.191921
 31	0.648615	  6	0.513006	0.191921
 31	0.648615	  7	0.899724	0.191921
 31	0.648615	  8	1.642170	0.191921
 31	0.648615	  9	1.019406	0.191921
 32	0.551322	  1	0.814307	0.191921
 32	0.551322	  2	1.522934	0.191921
 32	0.551322	  3	0.783898	0.191921
 32	0.551322	  4	0.986099	0.191921
 32	0.551322	  5	0.769252	0.191921
 32	0.551322	  6	0.520810	0.191921
 32	0.551322	  7	0.947767	0.191921
 32	0.551322	  8	1.002450	0.191921
 32	0.551322	  9	0.270101	0.191921
 33	0.468624	  1	0.841715	0.191921
 33	0.468624	  2	0.512449	0.191921
 33	0.468624	  3	0.295994	0.191921
 33	0.468624	  4	1.219834	0.191921
 33	0.468624	  5	0.496061	0.191921
 33	0.468624	  6	0.352705	0.191921
 33	0.468624	  7	0.375181	0.191921
 33	0.468624	  8	0.830834	0.191921
 33	0.468624	  9	0.702980	0.191921
 34	0.398330	  1	0.684064	0.191921
 34	0.398330	  2	0.463010	0.191921
 34	0.398330	  3	0.452904	0.191921
 34	0.398330	  4	0.315482	0.191921
 34	0.398330	  5	1.005749	0.191921
 34	0.398330	  6	0.591473	0.191921
 34	0.398330	  7	0.298079	0.191921
 34	0.398330	  8	0.223504	0.191921
 34	0.398330	  9	1.071533	0.191921
 35	0.338581	  1	0.222452	0.191921
 35	0.338581	  2	0.379380	0.191921
 35	0.338581	  3	0.918341	0.191921
 35	0.338581	  4	0.363377	0.191921
 35	0.338581	  5	0.471963	0.191921
 35	0.338581	  6	0.386559	0.191921
 35	0.338581	  7	0.424421	0.191921
 35	0.338581	  8	0.744990	0.191921
 35	0.338581	  9	0.677394	0.191921
 36	0.287794	  1	0.322319	0.191921
 36	0.287794	  2	0.399849	0.191921
 36	0.287794	  3	0.262392	0.191921
 36	0.287794	  4	0.226781	0.191921
 36	0.287794	  5	0.374240	0.191921
 36	0.287794	  6	0.387484	0.191921
 36	0.287794	  7	0.378777	0.191921
 36	0.287794	  8	0.247788	0.191921
 36	0.287794	  9	0.331013	0.191921
 37	0.244625	  1	0.229336	0.191921
 37	0.244625	  2	0.476108	0.191921
 37	0.244625	  3	0.917834	0.191921
 37	0.244625	  4	1.083615	0.191921
 37	0.244625	  5	0.293446	0.191921
 37	0.244625	  6	0.228143	0.191921
 37	0.244625	  7	0.723071	0.191921
 37	0.244625	  8	0.424096	0.191921
 37	0.244625	  9	0.452637	0.191921
 38	0.207931	  1	0.318991	0.191921
 38	0.207931	  2	0.258322	0.191921
 38	0.207931	  3	0.277187	0.191921
 38	0.207931	  4	0.208328	0.191921
 38	0.207931	  5	0.235863	0.191921
 38	0.207931	  6	0.383761	0.191921
 38	0.207931	  7	0.193204	0.191921
 38	0.207931	  8	0.402152	0.191921
 38	0.207931	  9	0.467175	0.191921
 39	0.176741	  1	0.319922	0.191921
 39	0.176741	  2	0.246876	0.191921
 39	0.176741	  3	0.287876	0.190749
 39	0.176741	  4	0.458023	0.190749
 39	0.176741	  5	0.582062	0.190749
 39	0.176741	  6	0.253914	0.190749
 39	0.176741	  7	0.584970	0.190749
 39	0.176741	  8	0.505411	0.190749
 39	0.176741	  9	0.568600	0.190749
 40	0.150230	  1	0.301363	0.190749
 40	0.150230	  2	0.337253	0.190749
 40	0.150230	  3	0.220008	0.190749
 40	0.150230	  4	0.446416	0.190749
 40	0.150230	  5	0.556059	0.190749
 40	0.150230	  6	0.453812	0.190749
 40	0.150230	  7	0.367784	0.190749
 40	0.150230	  8	0.484616	0.190749
 40	0.150230	  9	0.325722	0.190749
 41	0.127696	  1	0.227028	0.190749
 41	0.127696	  2	0.232968	0.190749
 41	0.127696	  3	0.261485	0.190749
 41	0.127696	  4	0.254223	0.190749
 41	0.127696	  5	0.428812	0.190749
 41	0.127696	  6	0.503625	0.190749
 41	0.127696	  7	0.258663	0.190749
 41	0.127696	  8	0.341312	0.190749
 41	0.127696	  9	0.248943	0.190749
 42	0.108541	  1	0.249371	0.190749
 42	0.108541	  2	0.275442	0.190749
 42	0.108541	  3	0.225542	0.190749
 42	0.108541	  4	0.469228	0.190749
 42	0.108541	  5	0.194788	0.190749
 42	0.108541	  6	0.237655	0.190749
 42	0.108541	  7	0.330396	0.190749
 42	0.108541	  8	0.420720	0.190749
 42	0.108541	  9	0.214579	0.190749
 43	0.092260	  1	0.211711	0.190749
 43	0.092260	  2	0.245850	0.190749
 43	0.092260	  3	0.281878	0.190749
 43	0.092260	  4	0.323010	0.190749
 43	0.092260	  5	0.289066	0.190749
 43	0.092260	  6	0.307309	0.190749
 43	0.092260	  7	0.280336	0.190749
 43	0.092260	  8	0.340840	0.190749
 43	0.092260	  9	0.242130	0.190749
 44	0.078421	  1	0.263315	0.190749
 44	0.078421	  2	0.216144	0.190749
 44	0.078421	  3	0.217786	0.190749
 44	0.078421	  4	0.261111	0.190749
 44	0.078421	  5	0.370640	0.190749
 44	0.078421	  6	0.291547	0.190749
 44	0.078421	  7	0.292685	0.190749
 44	0.078421	  8	0.243145	0.190749
 44	0.078421	  9	0.417144	0.190749
 45	0.066658	  1	0.371530	0.190749
 45	0.066658	  2	0.327680	0.190749
 45	0.066658	  3	0.228631	0.190749
 45	0.066658	  4	0.236011	0.190749
 45	0.066658	  5	0.248399	0.190749
 45	0.066658	  6	0.267645	0.190749
 45	0.066658	  7	0.217864	0.190749
 45	0.066658	  8	0.298281	0.190749
 45	0.066658	  9	0.287396	0.190749
 46	0.056659	  1	0.325881	0.190749
 46	0.056659	  2	0.277556	0.190749
 46	0.056659	  3	0.209922	0.190749
 46	0.056659	  4	0.263782	0.190749
 46	0.056659	  5	0.208902	0.190749
 46	0.056659	  6	0.297196	0.190749
 46	0.056659	  7	0.307878	0.190749
 46	0.056659	  8	0.260959	0.190749
 46	0.056659	  9	0.267910	0.190749
 47	0.048160	  1	0.219898	0.190749
 47	0.048160	  2	0.302043	0.190749
 47	0.048160	  3	0.235315	0.190749
 47	0.048160	  4	0.230092	0.190749
 47	0.048160	  5	0.270315	0.190749
 47	0.048160	  6	0.277285	0.190749
 47	0.048160	  7	0.314874	0.190749
 47	0.048160	  8	0.320699	0.190749
 47	0.048160	  9	0.222789	0.190749
 48	0.040936	  1	0.192939	0.190749
 48	0.040936	  2	0.235888	0.190749
 48	0.040936	  3	0.266898	0.190749
 48	0.040936	  4	0.205607	0.190749
 48	0.040936	  5	0.246418	0.190749
 48	0.040936	  6	0.360113	0.190749
 48	0.040936	  7	0.351408	0.190749
 48	0.040936	  8	0.219024	0.190749
 48	0.040936	  9	0.240360	0.190749
 49	0.034796	  1	0.266997	0.190749
 49	0.034796	  2	0.305700	0.190749
 49	0.034796	  3	0.265263	0.190749
 49	0.034796	  4	0.335703	0.190749
 49	0.034796	  5	0.327025	0.190749
 49	0.034796	  6	0.287785	0.190749
 49	0.034796	  7	0.298267	0.190749
 49	0.034796	  8	0.299036	0.190749
 49	0.034796	  9	0.274937	0.190749
 50	0.029576	  1	0.327471	0.190749
 50	0.029576	  2	0.291066	0.190749
 50	0.029576	  3	0.277740	0.190749
 50	0.029576	  4	0.308702	0.190749
 50	0.029576	  5	0.219199	0.190749
 50	0.029576	  6	0.194714	0.190749
 50	0.029576	  7	0.243854	0.190749
 50	0.029576	  8	0.202541	0.190749
 50	0.029576	  9	0.240117	0.190749
 51	0.025140	  1	0.218412	0.190749
 51	0.025140	  2	0.212605	0.190749
 51	0.025140	  3	0.266924	0.190749
 51	0.025140	  4	0.279193	0.190749
 51	0.025140	  5	0.271200	0.190749
 51	0.025140	  6	0.200284	0.190749
 51	0.025140	  7	0.195316	0.190749
 51	0.025140	  8	0.193830	0.190749
 51	0.025140	  9	0.263493	0.190749
 52	0.021369	  1	0.318181	0.190749
 52	0.021369	  2	0.258917	0.190749
 52	0.021369	  3	0.242483	0.190749
 52	0.021369	  4	0.249482	0.190749
 52	0.021369	  5	0.244139	0.190749
 52	0.021369	  6	0.202332	0.190749
 52	0.021369	  7	0.199948	0.190749
 52	0.021369	  8	0.204628	0.190749
 52	0.021369	  9	0.205978	0.190749
 53	0.018164	  1	0.231833	0.190749
 53	0.018164	  2	0.210736	0.190749
 53	0.018164	  3	0.307720	0.190749
 53	0.018164	  4	0.242128	0.190749
 53	0.018164	  5	0.221852	0.190749
 53	0.018164	  6	0.206775	0.190749
 53	0.018164	  7	0.209161	0.190749
 53	0.018164	  8	0.215143	0.190603
 53	0.018164	  9	0.204373	0.190603
 54	0.015439	  1	0.198203	0.190603
 54	0.015439	  2	0.209197	0.190603
 54	0.015439	  3	0.195005	0.190603
 54	0.015439	  4	0.195349	0.190603
 54	0.015439	  5	0.207182	0.190603
 54	0.015439	  6	0.225112	0.189615
 54	0.015439	  7	0.198693	0.189615
 54	0.015439	  8	0.218022	0.189615
 54	0.015439	  9	0.201124	0.189615
 55	0.013123	  1	0.218805	0.189615
 55	0.013123	  2	0.203580	0.189615
 55	0.013123	  3	0.193563	0.189615
 55	0.013123	  4	0.212847	0.189615
 55	0.013123	  5	0.196449	0.189615
 55	0.013123	  6	0.200909	0.189615
 55	0.013123	  7	0.247666	0.189615
 55	0.013123	  8	0.201903	0.189615
 55	0.013123	  9	0.213021	0.189615
 56	0.011155	  1	0.196660	0.189615
 56	0.011155	  2	0.207650	0.189615
 56	0.011155	  3	0.206375	0.189615
 56	0.011155	  4	0.198313	0.189615
 56	0.011155	  5	0.207291	0.189615
 56	0.011155	  6	0.207636	0.189615
 56	0.011155	  7	0.192931	0.189615
 56	0.011155	  8	0.205205	0.189615
 56	0.011155	  9	0.227126	0.189615
 57	0.009482	  1	0.212922	0.189615
 57	0.009482	  2	0.198432	0.189615
 57	0.009482	  3	0.194969	0.189615
 57	0.009482	  4	0.215767	0.189615
 57	0.009482	  5	0.229064	0.189615
 57	0.009482	  6	0.237777	0.189615
 57	0.009482	  7	0.232319	0.189615
 57	0.009482	  8	0.208207	0.189615
 57	0.009482	  9	0.193349	0.189615
 58	0.008059	  1	0.198986	0.189615
 58	0.008059	  2	0.202671	0.189615
 58	0.008059	  3	0.203890	0.189615
 58	0.008059	  4	0.230742	0.189615
 58	0.008059	  5	0.216697	0.189615
 58	0.008059	  6	0.193763	0.189615
 58	0.008059	  7	0.194240	0.189615
 58	0.008059	  8	0.202381	0.189615
 58	0.008059	  9	0.197257	0.189615
 59	0.006850	  1	0.206149	0.189615
 59	0.006850	  2	0.200249	0.189615
 59	0.006850	  3	0.194471	0.189615
 59	0.006850	  4	0.200789	0.189615
 59	0.006850	  5	0.225671	0.189582
 59	0.006850	  6	0.220311	0.189582
 59	0.006850	  7	0.195070	0.189582
 59	0.006850	  8	0.193208	0.189582
 59	0.006850	  9	0.194667	0.189582
 60	0.005823	  1	0.196861	0.189582
 60	0.005823	  2	0.192588	0.189582
 60	0.005823	  3	0.211595	0.189582
 60	0.005823	  4	0.199872	0.189582
 60	0.005823	  5	0.191334	0.189582
 60	0.005823	  6	0.191421	0.189582
 60	0.005823	  7	0.201096	0.189582
 60	0.005823	  8	0.196423	0.189582
 60	0.005823	  9	0.193358	0.189582
 61	0.004949	  1	0.202011	0.189582
 61	0.004949	  2	0.191726	0.189582
 61	0.004949	  3	0.201351	0.189582
 61	0.004949	  4	0.200330	0.189582
 61	0.004949	  5	0.193976	0.189582
 61	0.004949	  6	0.190511	0.189582
 61	0.004949	  7	0.194491	0.189582
 61	0.004949	  8	0.209433	0.189582
 61	0.004949	  9	0.200444	0.189582
 62	0.004207	  1	0.207575	0.189582
 62	0.004207	  2	0.194946	0.189582
 62	0.004207	  3	0.194504	0.189582
 62	0.004207	  4	0.192804	0.189582
 62	0.004207	  5	0.198061	0.189582
 62	0.004207	  6	0.207422	0.189582
 62	0.004207	  7	0.193982	0.189582
 62	0.004207	  8	0.190698	0.189582
 62	0.004207	  9	0.195152	0.189582
 63	0.003576	  1	0.199855	0.189582
 63	0.003576	  2	0.197751	0.189582
 63	0.003576	  3	0.199928	0.189582
 63	0.003576	  4	0.210021	0.189582
 63	0.003576	  5	0.195662	0.189582
 63	0.003576	  6	0.197202	0.189582
 63	0.003576	  7	0.200601	0.189582
 63	0.003576	  8	0.201749	0.189582
 63	0.003576	  9	0.192444	0.189582
 64	0.003040	  1	0.193195	0.189582
 64	0.003040	  2	0.194738	0.189582
 64	0.003040	  3	0.193471	0.189582
 64	0.003040	  4	0.192783	0.189582
 64	0.003040	  5	0.198895	0.189582
 64	0.003040	  6	0.200308	0.189582
 64	0.003040	  7	0.196695	0.189582
 64	0.003040	  8	0.191001	0.189582
 64	0.003040	  9	0.194002	0.189582
 65	0.002584	  1	0.190560	0.189582
 65	0.002584	  2	0.193338	0.189582
 65	0.002584	  3	0.198061	0.189582
 65	0.002584	  4	0.196159	0.189582
 65	0.002584	  5	0.192647	0.189582
 65	0.002584	  6	0.198332	0.189522
 65	0.002584	  7	0.192374	0.189522
 65	0.002584	  8	0.193239	0.189522
 65	0.002584	  9	0.193578	0.189522
 66	0.002196	  1	0.190806	0.189522
 66	0.002196	  2	0.195614	0.189522
 66	0.002196	  3	0.195685	0.189522
 66	0.002196	  4	0.192648	0.189522
 66	0.002196	  5	0.199441	0.189522
 66	0.002196	  6	0.191754	0.189522
 66	0.002196	  7	0.192862	0.189522
 66	0.002196	  8	0.192529	0.189522
 66	0.002196	  9	0.192422	0.189522
 67	0.001867	  1	0.196680	0.189522
 67	0.001867	  2	0.190352	0.189522
 67	0.001867	  3	0.196584	0.189522
 67	0.001867	  4	0.192122	0.189522
 67	0.001867	  5	0.196439	0.189522
 67	0.001867	  6	0.194592	0.189522
 67	0.001867	  7	0.193372	0.189522
 67	0.001867	  8	0.197428	0.189522
 67	0.001867	  9	0.192654	0.189522
 68	0.001587	  1	0.193611	0.189473
 68	0.001587	  2	0.192758	0.189473
 68	0.001587	  3	0.191791	0.189473
 68	0.001587	  4	0.190449	0.189473
 68	0.001587	  5	0.193689	0.189473
 68	0.001587	  6	0.194240	0.189473
 68	0.001587	  7	0.191886	0.189473
 68	0.001587	  8	0.192175	0.189473
 68	0.001587	  9	0.190550	0.189473
 69	0.001349	  1	0.192174	0.189473
 69	0.001349	  2	0.195494	0.189473
 69	0.001349	  3	0.199402	0.189473
 69	0.001349	  4	0.192069	0.189473
 69	0.001349	  5	0.193675	0.189442
 69	0.001349	  6	0.190281	0.189442
 69	0.001349	  7	0.191506	0.189442
 69	0.001349	  8	0.196096	0.189442
 69	0.001349	  9	0.193119	0.189442
 70	0.001146	  1	0.190779	0.189442
 70	0.001146	  2	0.191676	0.189442
 70	0.001146	  3	0.191330	0.189388
 70	0.001146	  4	0.195068	0.189388
 70	0.001146	  5	0.193239	0.189388
 70	0.001146	  6	0.191937	0.189388
 70	0.001146	  7	0.190873	0.189388
 70	0.001146	  8	0.192289	0.189388
 70	0.001146	  9	0.191240	0.189388
 71	0.000974	  1	0.190237	0.189388
 71	0.000974	  2	0.190151	0.189388
 71	0.000974	  3	0.190331	0.189388
 71	0.000974	  4	0.194912	0.189388
 71	0.000974	  5	0.192298	0.189388
 71	0.000974	  6	0.191835	0.189388
 71	0.000974	  7	0.190667	0.189388
 71	0.000974	  8	0.191073	0.189388
 71	0.000974	  9	0.194156	0.189388
 72	0.000828	  1	0.191423	0.189388
 72	0.000828	  2	0.189856	0.189388
 72	0.000828	  3	0.189879	0.189388
 72	0.000828	  4	0.192417	0.189388
 72	0.000828	  5	0.192029	0.189388
 72	0.000828	  6	0.189692	0.189388
 72	0.000828	  7	0.191524	0.189388
 72	0.000828	  8	0.192880	0.189388
 72	0.000828	  9	0.191360	0.189388
 73	0.000704	  1	0.190750	0.189388
 73	0.000704	  2	0.191832	0.189388
 73	0.000704	  3	0.189790	0.189388
 73	0.000704	  4	0.190009	0.189388
 73	0.000704	  5	0.191275	0.189388
 73	0.000704	  6	0.190835	0.189388
 73	0.000704	  7	0.189765	0.189388
 73	0.000704	  8	0.192645	0.189388
 73	0.000704	  9	0.189966	0.189388
 74	0.000598	  1	0.190850	0.189388
 74	0.000598	  2	0.191233	0.189388
 74	0.000598	  3	0.189710	0.189388
 74	0.000598	  4	0.189659	0.189388
 74	0.000598	  5	0.189916	0.189388
 74	0.000598	  6	0.190591	0.189388
 74	0.000598	  7	0.190083	0.189388
 74	0.000598	  8	0.189546	0.189388
 74	0.000598	  9	0.189918	0.189388
 75	0.000509	  1	0.190780	0.189384
 75	0.000509	  2	0.190044	0.189384
 75	0.000509	  3	0.189895	0.189384
 75	0.000509	  4	0.190491	0.189384
 75	0.000509	  5	0.193044	0.189384
 75	0.000509	  6	0.193834	0.189384
 75	0.000509	  7	0.191119	0.189384
 75	0.000509	  8	0.191093	0.189384
 75	0.000509	  9	0.190037	0.189384
 76	0.000432	  1	0.190473	0.189384
 76	0.000432	  2	0.190628	0.189384
 76	0.000432	  3	0.190602	0.189384
 76	0.000432	  4	0.190350	0.189384
 76	0.000432	  5	0.189517	0.189384
 76	0.000432	  6	0.191170	0.189384
 76	0.000432	  7	0.190898	0.189384
 76	0.000432	  8	0.189894	0.189384
 76	0.000432	  9	0.189469	0.189384
 77	0.000367	  1	0.190561	0.189384
 77	0.000367	  2	0.190436	0.189384
 77	0.000367	  3	0.190937	0.189384
 77	0.000367	  4	0.189765	0.189384
 77	0.000367	  5	0.189649	0.189384
 77	0.000367	  6	0.189910	0.189384
 77	0.000367	  7	0.190555	0.189384
 77	0.000367	  8	0.190089	0.189384
 77	0.000367	  9	0.190579	0.189384
 78	0.000312	  1	0.190271	0.189384
 78	0.000312	  2	0.189700	0.189384
 78	0.000312	  3	0.190208	0.189384
 78	0.000312	  4	0.189627	0.189384
 78	0.000312	  5	0.189524	0.189384
 78	0.000312	  6	0.190187	0.189384
 78	0.000312	  7	0.189723	0.189384
 78	0.000312	  8	0.190005	0.189384
 78	0.000312	  9	0.190670	0.189384
 79	0.000266	  1	0.190811	0.189384
 79	0.000266	  2	0.189498	0.189384
 79	0.000266	  3	0.190569	0.189384
 79	0.000266	  4	0.190915	0.189384
 79	0.000266	  5	0.190204	0.189384
 79	0.000266	  6	0.189553	0.189384
 79	0.000266	  7	0.189664	0.189384
 79	0.000266	  8	0.189738	0.189384
 79	0.000266	  9	0.189703	0.189384
 80	0.000226	  1	0.189884	0.189384
 80	0.000226	  2	0.189718	0.189384
 80	0.000226	  3	0.189712	0.189384
 80	0.000226	  4	0.189612	0.189384
 80	0.000226	  5	0.190094	0.189384
 80	0.000226	  6	0.189465	0.189384
 80	0.000226	  7	0.190059	0.189384
 80	0.000226	  8	0.190025	0.189384
 80	0.000226	  9	0.190386	0.189384
 81	0.000192	  1	0.189536	0.189384
 81	0.000192	  2	0.189752	0.189384
 81	0.000192	  3	0.190133	0.189384
 81	0.000192	  4	0.189859	0.189384
 81	0.000192	  5	0.189439	0.189384
 81	0.000192	  6	0.189901	0.189384
 81	0.000192	  7	0.189763	0.189384
 81	0.000192	  8	0.189695	0.189384
 81	0.000192	  9	0.189605	0.189384
 82	0.000163	  1	0.189819	0.189384
 82	0.000163	  2	0.189421	0.189384
 82	0.000163	  3	0.189528	0.189384
 82	0.000163	  4	0.189445	0.189384
 82	0.000163	  5	0.189789	0.189384
 82	0.000163	  6	0.189490	0.189384
 82	0.000163	  7	0.189579	0.189384
 82	0.000163	  8	0.189641	0.189384
 82	0.000163	  9	0.189988	0.189384
 83	0.000139	  1	0.189731	0.189384
 83	0.000139	  2	0.189667	0.189384
 83	0.000139	  3	0.189595	0.189384
 83	0.000139	  4	0.189568	0.189384
 83	0.000139	  5	0.189632	0.189384
 83	0.000139	  6	0.189938	0.189384
 83	0.000139	  7	0.189847	0.189384
 83	0.000139	  8	0.189583	0.189384
 83	0.000139	  9	0.189726	0.189384
 84	0.000118	  1	0.189541	0.189384
 84	0.000118	  2	0.189573	0.189384
 84	0.000118	  3	0.189697	0.189384
 84	0.000118	  4	0.189628	0.189384
 84	0.000118	  5	0.189469	0.189384
 84	0.000118	  6	0.189421	0.189384
 84	0.000118	  7	0.189501	0.189384
 84	0.000118	  8	0.189563	0.189384
 84	0.000118	  9	0.189576	0.189384
 85	0.000100	  1	0.189666	0.189384
 85	0.000100	  2	0.189437	0.189384
 85	0.000100	  3	0.189594	0.189384
 85	0.000100	  4	0.189601	0.189384
 85	0.000100	  5	0.189424	0.189384
 85	0.000100	  6	0.189767	0.189384
 85	0.000100	  7	0.189519	0.189384
 85	0.000100	  8	0.189583	0.189380
 85	0.000100	  9	0.189670	0.189380
 86	0.000085	  1	0.189508	0.189380
 86	0.000085	  2	0.189487	0.189380
 86	0.000085	  3	0.189643	0.189380
 86	0.000085	  4	0.189441	0.189380
 86	0.000085	  5	0.189550	0.189380
 86	0.000085	  6	0.189715	0.189380
 86	0.000085	  7	0.189703	0.189380
 86	0.000085	  8	0.189606	0.189380
 86	0.000085	  9	0.189453	0.189380
 87	0.000072	  1	0.189489	0.189380
 87	0.000072	  2	0.189611	0.189380
 87	0.000072	  3	0.189901	0.189380
 87	0.000072	  4	0.189531	0.189380
 87	0.000072	  5	0.189483	0.189380
 87	0.000072	  6	0.189685	0.189380
 87	0.000072	  7	0.189557	0.189380
 87	0.000072	  8	0.189452	0.189380
 87	0.000072	  9	0.189430	0.189380
 88	0.000061	  1	0.189383	0.189380
 88	0.000061	  2	0.189527	0.189380
 88	0.000061	  3	0.189493	0.189380
 88	0.000061	  4	0.189487	0.189380
 88	0.000061	  5	0.189428	0.189380
 88	0.000061	  6	0.189426	0.189380
 88	0.000061	  7	0.189472	0.189380
 88	0.000061	  8	0.189449	0.189380
 88	0.000061	  9	0.189445	0.189380
 89	0.000052	  1	0.189429	0.189380
 89	0.000052	  2	0.189686	0.189380
 89	0.000052	  3	0.189421	0.189380
 89	0.000052	  4	0.189443	0.189380
 89	0.000052	  5	0.189424	0.189380
 89	0.000052	  6	0.189390	0.189380
 89	0.000052	  7	0.189491	0.189380
 89	0.000052	  8	0.189425	0.189380
 89	0.000052	  9	0.189591	0.189380
 90	0.000044	  1	0.189582	0.189380
 90	0.000044	  2	0.189460	0.189380
 90	0.000044	  3	0.189444	0.189380
 90	0.000044	  4	0.189478	0.189380
 90	0.000044	  5	0.189436	0.189380
 90	0.000044	  6	0.189548	0.189380
 90	0.000044	  7	0.189458	0.189380
 90	0.000044	  8	0.189415	0.189380
 90	0.000044	  9	0.189504	0.189380
Finished annealing, starting powell minimization ...

Starting powell minimization ...
loops		error_sum	force calculations
    0	         0.189380	 49142
    3	         0.189379	 49177
    3	         0.189379	 49214
Precision reached: 7.85746e-10

Finished powell minimization, calculating errors ...
0.520011 2.28088 0.189379

Eigenvalues = 69800.5 166837
Eigenvectors = 0.940839 -0.338853, 0.338853 0.940839
0.00777757 2.94384e-05 0.0107838 2.64014e-05 0.519978 2.28069 0.192528
0.0186303 7.05165e-05 0.0230566 5.64482e-05 0.520025 2.28076 0.190386 1 0
-0.000366404 -1.38685e-06 0.0121439 2.97312e-05 0.520014 2.28079 0.189984 1 0
-0.00931912 -3.52733e-05 -0.0203318 -4.97771e-05 0.519997 2.28073 0.191142 1 0
-0.0094405 -3.57327e-05 0.00801291 1.96175e-05 0.519957 2.28074 0.191287 1 0
0.0134742 5.10003e-05 -0.000377678 -9.24648e-07 0.520005 2.28075 0.190613 1 0
0.00614692 2.32663e-05 0.00135365 3.31406e-06 0.520026 2.28077 0.19034 1 0
-0.00815462 -3.08656e-05 -0.013298 -3.25567e-05 0.520008 2.28072 0.191258 1 0
-0.0147336 -5.57672e-05 -0.0130344 -3.19113e-05 0.519966 2.28068 0.192971 1 0
-0.00596599 -2.25815e-05 -0.00834782 -2.04375e-05 0.519952 2.28065 0.194079 1 0
0.00458673 1.7361e-05 0.0143312 3.50862e-05 0.519956 2.28069 0.192685 1 0
0.00486081 1.83984e-05 -0.00323933 -7.93066e-06 0.519976 2.28069 0.192531 1 0
0.000754106 2.85432e-06 -0.00798106 -1.95396e-05 0.519986 2.28067 0.193011 1 0
-0.000154403 -5.84421e-07 -0.0101878 -2.49423e-05 0.519994 2.28065 0.193775 1 0
0.0188162 7.12203e-05 0.00507731 1.24305e-05 0.520056 2.28068 0.192235 1 0
0.0137981 5.22266e-05 0.00231731 5.67333e-06 0.520104 2.2807 0.191604 1 0
-0.0280769 -0.000106272 0.000545375 1.33521e-06 0.520003 2.28067 0.192858 1 0
0.00140313 5.31089e-06 0.0210202 5.14625e-05 0.519991 2.28072 0.19148 1 0
0.00875931 3.31544e-05 0.00831323 2.03528e-05 0.520015 2.28075 0.190664 1 0
0.00316476 1.19787e-05 0.0067954 1.66368e-05 0.520021 2.28077 0.190284 1 0
0.00943022 3.56938e-05 0.00531525 1.3013e-05 0.52005 2.28079 0.189901 1 0
-0.00435787 -1.64947e-05 0.00573516 1.40411e-05 0.52003 2.2808 0.189816 1 0
-0.000393195 -1.48826e-06 0.00264372 6.47246e-06 0.520026 2.28081 0.189758 1 0
0.00242382 9.17425e-06 -0.01622 -3.97104e-05 0.520048 2.28077 0.190189 1 0
0.00426585 1.61464e-05 0.0126601 3.0995e-05 0.520053 2.28081 0.189754 1 0
0.00980259 3.71032e-05 0.0089979 2.2029e-05 0.52008 2.28084 0.189601 1 0
0.00506186 1.91594e-05 0.00296271 7.25343e-06 0.520096 2.28085 0.189647 1 0
0.00616817 2.33468e-05 -0.00415035 -1.01611e-05 0.520121 2.28085 0.189827 1 0
-0.00493105 -1.86642e-05 0.00868338 2.1259e-05 0.520096 2.28087 0.189647 1 0
-0.00918365 -3.47605e-05 -0.00145806 -3.56968e-06 0.520065 2.28085 0.189508 1 0
-0.0184245 -6.97375e-05 -0.0044942 -1.10029e-05 0.520003 2.28082 0.189698 1 0
0.0210417 7.96438e-05 -0.000590711 -1.4462e-06 0.520079 2.28084 0.189586 1 0
-0.00945681 -3.57944e-05 -4.29504e-05 -1.05153e-07 0.520045 2.28083 0.189557 1 0
0.00711546 2.69323e-05 0.0149423 3.65823e-05 0.520058 2.28087 0.189459 1 0
0.00564592 2.137e-05 -0.0180563 -4.42061e-05 0.520093 2.28084 0.189666 1 0
-0.00617958 -2.339e-05 0.00727621 1.78139e-05 0.520065 2.28085 0.189515 1 0
-0.00216786 -8.20543e-06 -0.00345374 -8.45558e-06 0.52006 2.28084 0.189544 1 0
-0.0109434 -4.14212e-05 0.00589715 1.44376e-05 0.520016 2.28084 0.18951 1 0
0.0034736 1.31477e-05 0.00517725 1.26752e-05 0.520024 2.28085 0.189426 1 0
-0.0142915 -5.40941e-05 0.00032898 8.05422e-07 0.519973 2.28084 0.189636 1 0
-0.0132787 -5.02603e-05 -0.00612865 -1.50044e-05 0.519931 2.28081 0.190259 1 0
-0.0176036 -6.66305e-05 0.00575312 1.4085e-05 0.519863 2.2808 0.191198 1 0
-0.0029206 -1.10546e-05 0.000865423 2.11876e-06 0.519852 2.28079 0.191397 1 0
-0.0116739 -4.41864e-05 -0.000463747 -1.13536e-06 0.519811 2.28078 0.192438 1 0
-0.00546059 -2.06685e-05 0.0138619 3.39372e-05 0.51978 2.2808 0.192554 1 0
0.0208325 7.88518e-05 0.00807029 1.9758e-05 0.519848 2.28085 0.190705 1 0
0.0147359 5.5776e-05 0.00224353 5.49271e-06 0.519898 2.28087 0.189931 1 0
0.00329191 1.246e-05 0.00343105 8.40004e-06 0.519907 2.28088 0.18981 1 0
-0.00693289 -2.62413e-05 0.0231049 5.65663e-05 0.519863 2.28093 0.190239 1 0
-0.0115617 -4.37616e-05 -0.00274412 -6.71826e-06 0.519824 2.28091 0.190703 1 0
0.0115076 4.35567e-05 -0.0135083 -3.30715e-05 0.519877 2.28089 0.190083 1 0
0.0050723 1.91989e-05 -0.00436071 -1.06761e-05 0.519898 2.28089 0.189879 1 0
-0.00915617 -3.46565e-05 -0.0166561 -4.07782e-05 0.519879 2.28084 0.190396 1 0
0.00866384 3.2793e-05 -0.000760738 -1.86247e-06 0.519911 2.28085 0.189974 1 0
-0.0135333 -5.12243e-05 0.00221374 5.41977e-06 0.519861 2.28083 0.190665 1 0
-0.0105051 -3.97621e-05 -0.0334411 -8.1872e-05 0.519851 2.28074 0.192513 1 0
0.00400724 1.51676e-05 -0.000479961 -1.17506e-06 0.519866 2.28075 0.192168 1 0
-0.00448347 -1.69701e-05 -0.00572725 -1.40217e-05 0.519855 2.28073 0.192857 1 0
0.00560044 2.11979e-05 -0.00444467 -1.08816e-05 0.519878 2.28073 0.192554 1 0
-0.00399516 -1.51218e-05 -0.00809336 -1.98145e-05 0.519871 2.2807 0.193385 1 0
-0.0115502 -4.3718e-05 -0.00539963 -1.32196e-05 0.519834 2.28068 0.195015 1 0
0.0211364 8.00022e-05 0.00757623 1.85484e-05 0.519903 2.28072 0.192371 1 0
-0.00907134 -3.43354e-05 -0.00162662 -3.98236e-06 0.519872 2.2807 0.193301 1 0
0.00479886 1.81639e-05 -0.0101346 -2.48119e-05 0.519898 2.28069 0.193452 1 0
0.00235184 8.90181e-06 -0.0125708 -3.07764e-05 0.519916 2.28066 0.194083 1 0
0.00681282 2.57868e-05 0.0104145 2.54972e-05 0.519932 2.28069 0.192761 1 0
0.00133269 5.04429e-06 0.00428892 1.05003e-05 0.519933 2.28071 0.192396 1 0
-0.00963565 -3.64714e-05 -0.00987693 -2.41811e-05 0.519907 2.28067 0.193886 1 0
0.00396633 1.50127e-05 -0.000686675 -1.68115e-06 0.519922 2.28067 0.193553 1 0
0.00805644 3.0494e-05 0.0109238 2.67442e-05 0.519942 2.28071 0.19219 1 0
0.030708 0.000116231 0.0108493 2.65617e-05 0.520042 2.28077 0.190181 1 0
-0.0127296 -4.8182e-05 -0.0191295 -4.68337e-05 0.520012 2.28071 0.191513 1 0
0.0107581 4.072e-05 -0.0050099 -1.22654e-05 0.520055 2.28072 0.191315 1 0
0.00537385 2.03402e-05 -0.00736703 -1.80363e-05 0.52008 2.28071 0.191543 1 0
0.0058899 2.22935e-05 0.00166289 4.07116e-06 0.5201 2.28072 0.191295 1 0
0.00102503 3.87978e-06 -0.00552867 -1.35355e-05 0.520108 2.28071 0.191579 1 0
0.00135955 5.14596e-06 0.00239118 5.85418e-06 0.520111 2.28071 0.191417 1 0
0.00286478 1.08433e-05 -0.0033564 -8.21728e-06 0.520124 2.28071 0.191553 1 0
-0.0266939 -0.000101038 0.0063522 1.55517e-05 0.520023 2.28069 0.192123 1 0
-0.00710514 -2.68933e-05 0.00348978 8.54383e-06 0.519995 2.28069 0.192328 1 0
0.00358514 1.35699e-05 0.0122141 2.99031e-05 0.519998 2.28072 0.191406 1 0
-0.00588011 -2.22565e-05 -0.0029148 -7.13612e-06 0.519979 2.28071 0.191912 1 0
-0.00389189 -1.4731e-05 0.0121084 2.96442e-05 0.519955 2.28073 0.191513 1 0
-0.00642901 -2.43341e-05 0.00472798 1.15752e-05 0.519929 2.28073 0.191721 1 0
0.0169461 6.41416e-05 -0.00262622 -6.42962e-06 0.519991 2.28075 0.190823 1 0
0.000300299 1.13664e-06 0.000594009 1.45428e-06 0.519992 2.28075 0.190783 1 0
0.0114869 4.34785e-05 0.0123448 3.02231e-05 0.520022 2.28079 0.189937 1 0
-0.0198004 -7.49454e-05 -0.0102498 -2.50939e-05 0.51996 2.28074 0.19113 1 0
-0.00235139 -8.9001e-06 -0.0035987 -8.81049e-06 0.519955 2.28073 0.191444 1 0
0.00302266 1.14409e-05 -0.0153492 -3.75785e-05 0.519979 2.2807 0.192079 1 0
0.0230637 8.72971e-05 -0.00185376 -4.53846e-06 0.520062 2.28073 0.191062 1 0
0.00472861 1.7898e-05 -0.0135143 -3.30863e-05 0.52009 2.2807 0.191659 1 0
-0.0194711 -7.3699e-05 -0.00138896 -3.40052e-06 0.520022 2.28067 0.192623 1 0
0.000169354 6.41012e-07 0.0110719 2.71067e-05 0.520013 2.2807 0.191902 1 0
-0.00170174 -6.44116e-06 -0.00484496 -1.18616e-05 0.520011 2.28069 0.192302 1 0
-0.00101042 -3.82447e-06 0.00704971 1.72594e-05 0.520002 2.2807 0.191925 1 0
0.00991111 3.75139e-05 0.0258862 6.33756e-05 0.520016 2.28077 0.190249 1 0
0.0118978 4.50338e-05 0.0135386 3.31458e-05 0.520047 2.28082 0.189644 1 0
0.00880518 3.3328e-05 0.0120413 2.948e-05 0.520068 2.28086 0.189505 1 0
0.00110635 4.18759e-06 -0.00874448 -2.14086e-05 0.52008 2.28084 0.189603 1 0
0.000399251 1.51118e-06 -0.008627 -2.1121e-05 0.520088 2.28082 0.189746 1 0
-0.00668536 -2.53044e-05 0.00152133 3.72458e-06 0.520063 2.28082 0.189704 1 0
0.00605292 2.29105e-05 0.00518736 1.26999e-05 0.52008 2.28084 0.189628 1 0
0.0071172 2.69389e-05 -0.0193025 -4.72571e-05 0.520122 2.2808 0.19009 1 0
-0.00132593 -5.0187e-06 -0.0012423 -3.04145e-06 0.520118 2.2808 0.19011 1 0
0.0107039 4.05147e-05 0.00411822 1.00824e-05 0.520153 2.28082 0.190204 1 0
-0.00909123 -3.44107e-05 0.00873377 2.13824e-05 0.520113 2.28083 0.189843 1 0
0.000562941 2.13076e-06 0.00995946 2.43832e-05 0.520107 2.28085 0.189723 1 0
0.00154726 5.85646e-06 -0.00513482 -1.25713e-05 0.520117 2.28084 0.189813 1 0
-0.0033982 -1.28623e-05 -0.00047166 -1.15474e-06 0.520105 2.28084 0.189753 1 0
-0.0118734 -4.49414e-05 0.00452073 1.10678e-05 0.520059 2.28083 0.189584 1 0
0.014842 5.61777e-05 0.00110312 2.7007e-06 0.520111 2.28085 0.189748 1 0
-0.00617118 -2.33582e-05 0.00397313 9.72718e-06 0.520085 2.28085 0.189592 1 0
-0.00864714 -3.27298e-05 -0.000223837 -5.48006e-07 0.520055 2.28084 0.189515 1 0
-0.00717752 -2.71672e-05 -0.000914089 -2.23791e-06 0.52003 2.28083 0.189554 1 0
-0.00194802 -7.37334e-06 0.00300513 7.35728e-06 0.520021 2.28083 0.189527 1 0
-0.00116686 -4.41662e-06 0.0015459 3.78475e-06 0.520015 2.28084 0.189518 1 0
-0.000227345 -8.6051e-07 -0.0101115 -2.47554e-05 0.520023 2.28081 0.189704 1 0
-0.000350557 -1.32687e-06 -0.0035978 -8.80829e-06 0.520024 2.2808 0.189795 1 0
0.0015272 5.78052e-06 -0.0160957 -3.94063e-05 0.520043 2.28077 0.190256 1 0
0.00727784 2.75469e-05 0.00832241 2.03753e-05 0.520062 2.2808 0.189873 1 0
0.0102194 3.86808e-05 -0.00212751 -5.20865e-06 0.5201 2.28081 0.189914 1 0
-0.0017903 -6.77637e-06 -0.00665432 -1.62914e-05 0.5201 2.28079 0.190088 1 0
-0.0164917 -6.24219e-05 -0.0151009 -3.69706e-05 0.520053 2.28073 0.190941 1 0
-0.0187472 -7.09589e-05 -0.000188319 -4.6105e-07 0.519987 2.28071 0.191826 1 0
-0.000942344 -3.56681e-06 0.000922571 2.25868e-06 0.519983 2.28071 0.191831 1 0
-0.00514844 -1.94871e-05 -0.00585405 -1.43321e-05 0.519969 2.28069 0.192532 1 0
0.00941109 3.56214e-05 -0.00948628 -2.32247e-05 0.520011 2.28068 0.192512 1 0
0.0135417 5.12559e-05 -0.00289054 -7.07673e-06 0.520061 2.28069 0.191987 1 0
0.0156226 5.9132e-05 -0.00964477 -2.36127e-05 0.520125 2.28069 0.192088 1 0
0.00093107 3.52414e-06 0.000526115 1.28806e-06 0.520128 2.28069 0.192035 1 0
0.00998717 3.78019e-05 -0.0125002 -3.06034e-05 0.520174 2.28067 0.192692 1 0
-0.00382002 -1.44589e-05 0.0120937 2.96084e-05 0.52015 2.2807 0.191961 1 0
0.00101745 3.85108e-06 0.000354928 8.68948e-07 0.520153 2.2807 0.19193 1 0
-0.0170486 -6.45297e-05 -0.0118189 -2.89355e-05 0.520102 2.28065 0.193163 1 0
-0.0261636 -9.90303e-05 0.0102385 2.50663e-05 0.520001 2.28064 0.193925 1 0
-0.0039989 -1.5136e-05 -0.00943139 -2.30903e-05 0.519994 2.28061 0.19505 1 0
0.013464 5.09618e-05 0.0107198 2.62446e-05 0.520033 2.28066 0.193163 1 0
-0.00343721 -1.301e-05 0.00692262 1.69483e-05 0.520015 2.28067 0.192879 1 0
-0.0104288 -3.94734e-05 0.00665337 1.62891e-05 0.519973 2.28067 0.193155 1 0
-0.0143372 -5.42669e-05 -0.00050402 -1.23396e-06 0.519922 2.28065 0.194474 1 0
0.00543135 2.05579e-05 0.0110514 2.70566e-05 0.519932 2.28068 0.193173 1 0
0.00365282 1.38261e-05 0.0059872 1.46581e-05 0.51994 2.2807 0.192491 1 0
0.0123521 4.67531e-05 -2.74585e-05 -6.72251e-08 0.519984 2.28072 0.191635 1 0
-0.00185152 -7.00807e-06 0.00626102 1.53285e-05 0.519973 2.28073 0.191417 1 0
-0.0168243 -6.36808e-05 -0.00866395 -2.12115e-05 0.51992 2.28069 0.193177 1 0
0.0208777 7.9023e-05 -0.0102482 -2.50901e-05 0.520003 2.28069 0.192246 1 0
-0.00400144 -1.51456e-05 0.00861287 2.10864e-05 0.519981 2.2807 0.191975 1 0
0.00402891 1.52496e-05 -0.00382969 -9.376e-06 0.519999 2.2807 0.191951 1 0
-0.00519086 -1.96476e-05 0.00056322 1.3789e-06 0.51998 2.2807 0.192248 1 0
-0.00239378 -9.06055e-06 -0.00566714 -1.38745e-05 0.519976 2.28068 0.19278 1 0
-0.00431096 -1.63172e-05 -0.0112656 -2.75809e-05 0.51997 2.28065 0.193935 1 0
0.00012385 4.68777e-07 -0.00694368 -1.69998e-05 0.519976 2.28063 0.194478 1 0
-0.00878121 -3.32373e-05 0.00282826 6.92427e-06 0.519943 2.28063 0.195073 1 0
0.003466 1.3119e-05 -0.0147135 -3.60222e-05 0.519967 2.2806 0.196031 1 0
0.00675448 2.5566e-05 -0.0012966 -3.17438e-06 0.519992 2.2806 0.195497 1 0
0.00735664 2.78452e-05 -0.0149667 -3.66421e-05 0.520031 2.28058 0.196275 1 0
-0.0190981 -7.22872e-05 -0.00253062 -6.19558e-06 0.519965 2.28055 0.198498 1 0
0.00323771 1.22549e-05 -0.00345049 -8.44764e-06 0.519979 2.28054 0.198504 1 0
-0.0113198 -4.28461e-05 0.0148231 3.62904e-05 0.519927 2.28056 0.198256 1 0
-0.00211868 -8.0193e-06 0.00789548 1.933e-05 0.519913 2.28058 0.197712 1 0
-0.00553869 -2.09642e-05 0.00317791 7.78029e-06 0.51989 2.28058 0.198108 1 0
0.011899 4.50382e-05 -0.0221707 -5.42792e-05 0.519951 2.28054 0.198931 1 0
-0.0198506 -7.51354e-05 0.00968833 2.37194e-05 0.519872 2.28054 0.200566 1 0
-0.00071639 -2.71157e-06 -0.0104929 -2.56892e-05 0.519879 2.28052 0.201906 1 0
-0.017326 -6.55797e-05 -0.000969433 -2.37341e-06 0.519818 2.28049 0.204973 1 0
-0.0115305 -4.36436e-05 -0.0036321 -8.89225e-06 0.51978 2.28047 0.207691 1 0
-0.00672482 -2.54537e-05 -0.0111858 -2.73856e-05 0.519765 2.28043 0.210712 1 0
-0.00534585 -2.02343e-05 0.0194426 4.76001e-05 0.51973 2.28047 0.209106 1 0
-0.0134068 -5.07452e-05 0.0048638 1.19078e-05 0.519678 2.28047 0.211494 1 0
-0.00223807 -8.47118e-06 0.00895443 2.19226e-05 0.519663 2.28048 0.210809 1 0
-0.00690273 -2.61271e-05 -0.00222254 -5.44131e-06 0.51964 2.28047 0.212786 1 0
-0.0020844 -7.88956e-06 -0.00976348 -2.39034e-05 0.51964 2.28044 0.214696 1 0
0.00324377 1.22778e-05 0.00221967 5.43429e-06 0.51965 2.28045 0.213555 1 0
0.000460201 1.74188e-06 0.00568606 1.39209e-05 0.519647 2.28047 0.212641 1 0
-0.00298676 -1.1305e-05 0.00667562 1.63435e-05 0.519631 2.28048 0.212471 1 0
-0.00198194 -7.50174e-06 -0.00502211 -1.22953e-05 0.519628 2.28046 0.213657 1 0
0.00260806 9.87162e-06 0.00269752 6.60419e-06 0.519635 2.28047 0.21263 1 0
-0.00725756 -2.74701e-05 -0.00558483 -1.3673e-05 0.519614 2.28045 0.215266 1 0
0.0119524 4.52404e-05 0.00389373 9.53279e-06 0.519653 2.28048 0.211706 1 0
-0.00135964 -5.1463e-06 0.0073975 1.81109e-05 0.519642 2.28049 0.211053 1 0
-0.00960347 -3.63496e-05 -0.00746867 -1.82851e-05 0.519614 2.28046 0.214466 1 0
-0.00922046 -3.48998e-05 -0.0105682 -2.58736e-05 0.51959 2.28043 0.218489 1 0
0.00595449 2.2538e-05 0.00856591 2.09714e-05 0.519604 2.28045 0.215606 1 0
-0.0168636 -6.38293e-05 0.00386228 9.45579e-06 0.519541 2.28044 0.219727 1 0
-0.000220119 -8.33159e-07 0.00597422 1.46263e-05 0.519535 2.28045 0.218923 1 0
-0.00472066 -1.78679e-05 -0.0038178 -9.34689e-06 0.519522 2.28044 0.220858 1 0
-0.00462141 -1.74922e-05 0.00354652 8.68273e-06 0.519502 2.28044 0.221719 1 0
0.0139754 5.28974e-05 0.00601091 1.47162e-05 0.519547 2.28047 0.21681 1 0
0.000664743 2.51608e-06 0.0155203 3.79975e-05 0.519537 2.28051 0.2146 1 0
0.0154928 5.86407e-05 -0.0104318 -2.55397e-05 0.5196 2.28051 0.211872 1 0
0.00134381 5.08639e-06 -0.00244599 -5.98837e-06 0.519607 2.2805 0.211846 1 0
-0.0203649 -7.70822e-05 -0.00894433 -2.18979e-05 0.519542 2.28045 0.218496 1 0
-0.00521393 -1.9735e-05 -0.0111379 -2.72683e-05 0.519533 2.28042 0.221666 1 0
0.000146355 5.5396e-07 -2.11318e-05 -5.17358e-08 0.519533 2.28042 0.221626 1 0
-0.00508295 -1.92392e-05 -0.00606918 -1.48588e-05 0.51952 2.2804 0.224119 1 0
-0.0113285 -4.28787e-05 -0.00859569 -2.10443e-05 0.519487 2.28037 0.229162 1 0
0.00525375 1.98857e-05 -0.00776476 -1.901e-05 0.519512 2.28036 0.228787 1 0
-0.00778547 -2.94683e-05 -0.0125374 -3.06947e-05 0.519495 2.28032 0.233664 1 0
0.00822605 3.11359e-05 0.00220277 5.3929e-06 0.519522 2.28033 0.230493 1 0
-0.0176551 -6.68254e-05 0.0122615 3.00191e-05 0.519449 2.28034 0.234265 1 0
-0.0113579 -4.29902e-05 -0.00663364 -1.62408e-05 0.519414 2.28031 0.239606 1 0
-0.0129123 -4.88736e-05 0.0021372 5.23237e-06 0.519367 2.2803 0.244118 1 0
0.00182266 6.89886e-06 0.00453439 1.11013e-05 0.519369 2.28031 0.242534 1 0
0.00125913 4.76586e-06 0.00306476 7.50328e-06 0.519371 2.28032 0.241469 1 0
-0.0217627 -8.23726e-05 0.0138908 3.40081e-05 0.519282 2.28032 0.247499 1 0
-0.00243593 -9.2201e-06 -0.0144124 -3.5285e-05 0.519285 2.28029 0.251295 1 0
-0.00514344 -1.94681e-05 0.0162278 3.97296e-05 0.519254 2.28032 0.250313 1 0
0.00975686 3.69301e-05 0.00702839 1.72072e-05 0.519283 2.28035 0.244992 1 0
0.00256006 9.68994e-06 -0.00880071 -2.15463e-05 0.519299 2.28033 0.245563 1 0
0.00668209 2.5292e-05 0.0113347 2.77501e-05 0.519313 2.28036 0.240887 1 0
-0.024913 -9.42969e-05 0.0165079 4.04152e-05 0.519211 2.28037 0.248096 1 0
-0.00741176 -2.80538e-05 -0.00590822 -1.44648e-05 0.51919 2.28035 0.252298 1 0
-0.00775181 -2.93409e-05 0.00405842 9.93598e-06 0.519159 2.28035 0.254971 1 0
0.000693119 2.62348e-06 -0.00852069 -2.08607e-05 0.519168 2.28033 0.256221 1 0
0.0012843 4.86113e-06 -0.00758783 -1.85768e-05 0.519179 2.28031 0.257078 1 0
0.006951 2.63098e-05 -0.010595 -2.5939e-05 0.519212 2.2803 0.256038 1 0
-0.00674592 -2.55336e-05 0.0103983 2.54574e-05 0.51918 2.28031 0.257024 1 0
0.000846964 3.20579e-06 -0.000589829 -1.44404e-06 0.519183 2.28031 0.256758 1 0
0.00401733 1.52057e-05 0.00608653 1.49013e-05 0.519193 2.28033 0.253836 1 0
0.0185394 7.01724e-05 -0.000700115 -1.71405e-06 0.519259 2.28035 0.24611 1 0
0.00453382 1.71607e-05 0.00995856 2.4381e-05 0.519267 2.28038 0.242561 1 0
0.00167909 6.35542e-06 -0.0118366 -2.89789e-05 0.519283 2.28036 0.243927 1 0
-0.00325799 -1.23316e-05 -0.0135372 -3.31423e-05 0.519283 2.28032 0.247713 1 0
0.0134614 5.09519e-05 0.000166602 4.07882e-07 0.51933 2.28034 0.242287 1 0
-0.00281478 -1.06541e-05 -0.00916372 -2.2435e-05 0.519328 2.28031 0.245101 1 0
0.00578759 2.19063e-05 -0.00290036 -7.10079e-06 0.519351 2.28031 0.243367 1 0
0.0146213 5.53422e-05 0.00536849 1.31434e-05 0.519399 2.28035 0.236845 1 0
-0.00208102 -7.87675e-06 0.00938489 2.29765e-05 0.519383 2.28036 0.235952 1 0
0.00573247 2.16976e-05 0.00447289 1.09507e-05 0.5194 2.28038 0.233131 1 0
-0.0106755 -4.04071e-05 -0.00866647 -2.12176e-05 0.519369 2.28035 0.238516 1 0
0.00907314 3.43422e-05 0.0100859 2.46927e-05 0.519393 2.28038 0.233463 1 0
-0.0115976 -4.38972e-05 0.00270233 6.61597e-06 0.51935 2.28037 0.237233 1 0
-0.00105932 -4.00955e-06 0.00441748 1.08151e-05 0.519342 2.28038 0.236884 1 0
-0.00118931 -4.50158e-06 -0.000221614 -5.42564e-07 0.519338 2.28038 0.237366 1 0
-0.00341977 -1.2944e-05 0.00535201 1.3103e-05 0.519321 2.28039 0.237761 1 0
-0.00399766 -1.51313e-05 -0.00488878 -1.19689e-05 0.519311 2.28037 0.240107 1 0
0.0062501 2.36569e-05 0.0179571 4.39633e-05 0.519319 2.28042 0.234835 1 0
-0.00425139 -1.60917e-05 0.0158464 3.87958e-05 0.51929 2.28045 0.234037 1 0
0.00629807 2.38384e-05 -0.0010921 -2.67372e-06 0.519314 2.28046 0.231905 1 0
-0.0100703 -3.81166e-05 -0.0116112 -2.8427e-05 0.519287 2.28042 0.237349 1 0
0.00724715 2.74308e-05 -0.00684236 -1.67517e-05 0.519319 2.28041 0.235699 1 0
-0.0180811 -6.84376e-05 -0.019929 -4.87909e-05 0.519271 2.28034 0.246106 1 0
-0.00312565 -1.18307e-05 -0.0167186 -4.09311e-05 0.519274 2.2803 0.250531 1 0
0.00183404 6.94192e-06 0.00859917 2.10528e-05 0.519273 2.28032 0.248128 1 0
-0.00717388 -2.71534e-05 -0.00722289 -1.76834e-05 0.519254 2.2803 0.252527 1 0
0.00249688 9.4508e-06 0.0052629 1.28849e-05 0.519258 2.28031 0.250451 1 0
0.00488151 1.84767e-05 0.00342405 8.38291e-06 0.519273 2.28033 0.24777 1 0
0.00919779 3.4814e-05 -0.00236637 -5.79345e-06 0.519307 2.28033 0.244474 1 0
0.000509064 1.92683e-06 -0.0133395 -3.26584e-05 0.51932 2.2803 0.246783 1 0
-0.00166044 -6.28483e-06 0.0248152 6.07536e-05 0.519294 2.28036 0.242872 1 0
0.0100963 3.82149e-05 -0.0133026 -3.2568e-05 0.519341 2.28034 0.241294 1 0
0.00207887 7.86861e-06 0.0126717 3.10233e-05 0.519338 2.28037 0.238273 1 0
0.00815506 3.08673e-05 -0.0214627 -5.25458e-05 0.519385 2.28033 0.239006 1 0
0.00833605 3.15523e-05 0.00196831 4.81891e-06 0.519413 2.28035 0.23559 1 0
-0.00911351 -3.4495e-05 0.0128894 3.15563e-05 0.51937 2.28037 0.236653 1 0
-0.011393 -4.31228e-05 -0.00548505 -1.34287e-05 0.519333 2.28034 0.241939 1 0
-0.00482521 -1.82636e-05 -0.00822221 -2.013e-05 0.519323 2.28031 0.245368 1 0
0.00985076 3.72855e-05 -0.00471755 -1.15497e-05 0.519362 2.28032 0.242387 1 0
-0.00226202 -8.56183e-06 0.0083493 2.04411e-05 0.519347 2.28033 0.241706 1 0
-0.0179578 -6.79712e-05 0.000417741 1.02273e-06 0.519283 2.28031 0.248819 1 0
-0.00938009 -3.5504e-05 -0.01772 -4.33827e-05 0.519264 2.28026 0.256354 1 0
-0.0127197 -4.81444e-05 0.00876091 2.14488e-05 0.519212 2.28026 0.260187 1 0
0.0135845 5.14177e-05 0.00896199 2.19411e-05 0.519253 2.2803 0.252404 1 0
-0.00355323 -1.34491e-05 0.0046871 1.14752e-05 0.519236 2.28031 0.253021 1 0
-0.00791584 -2.99618e-05 0.00959504 2.3491e-05 0.5192 2.28032 0.254633 1 0
0.00110984 4.20078e-06 -0.000873363 -2.1382e-06 0.519204 2.28032 0.254312 1 0
-0.0108411 -4.10341e-05 -0.0109916 -2.691e-05 0.519175 2.28028 0.26133 1 0
0.00354406 1.34144e-05 0.00875718 2.14397e-05 0.51918 2.2803 0.257981 1 0
-0.00982116 -3.71735e-05 -0.000225961 -5.53207e-07 0.519146 2.28029 0.262524 1 0
0.0248798 9.41713e-05 -0.00794479 -1.94508e-05 0.519241 2.2803 0.252935 1 0
0.00137869 5.21841e-06 -0.0160575 -3.93127e-05 0.519259 2.28027 0.255542 1 0
0.00206845 7.82918e-06 -0.00423135 -1.03594e-05 0.51927 2.28026 0.255516 1 0
0.0110723 4.19091e-05 0.00639264 1.56507e-05 0.519304 2.28029 0.249527 1 0
0.010244 3.87742e-05 -0.0142163 -3.48049e-05 0.519352 2.28027 0.248197 1 0
-0.01975 -7.47544e-05 -0.0103498 -2.53389e-05 0.519291 2.28022 0.258723 1 0
0.0138515 5.24286e-05 0.000540234 1.32262e-06 0.519339 2.28024 0.252672 1 0
-0.0135708 -5.13659e-05 0.00541275 1.32517e-05 0.519287 2.28023 0.257301 1 0
0.00887528 3.35933e-05 0.0028235 6.91262e-06 0.519316 2.28025 0.252894 1 0
-0.00168931 -6.39412e-06 0.000585125 1.43253e-06 0.519309 2.28025 0.253485 1 0
0.00981469 3.7149e-05 0.00836496 2.04794e-05 0.519337 2.28028 0.247705 1 0
0.00334582 1.26641e-05 -0.00933949 -2.28653e-05 0.519357 2.28027 0.248245 1 0
0.00274006 1.03712e-05 0.00725645 1.77655e-05 0.519361 2.28029 0.245683 1 0
0.0123012 4.65606e-05 0.0158773 3.88716e-05 0.519391 2.28034 0.237955 1 0
-0.00632572 -2.39431e-05 0.0113092 2.76876e-05 0.519359 2.28036 0.238293 1 0
0.0016197 6.13064e-06 0.0165237 4.04541e-05 0.519352 2.2804 0.234903 1 0
-0.0023037 -8.71961e-06 0.00724849 1.7746e-05 0.519337 2.28041 0.234584 1 0
0.00961032 3.63755e-05 -0.023468 -5.74553e-05 0.519391 2.28037 0.234957 1 0
0.00342774 1.29741e-05 -0.00438277 -1.07301e-05 0.519407 2.28036 0.234481 1 0
0.00948055 3.58843e-05 -0.0113319 -2.77431e-05 0.51945 2.28035 0.233127 1 0
-0.0189726 -7.18121e-05 0.00114957 2.81443e-06 0.519382 2.28033 0.239789 1 0
0.000914744 3.46234e-06 -0.010759 -2.63407e-05 0.519394 2.2803 0.241475 1 0
0.00207968 7.87169e-06 0.00863551 2.11418e-05 0.519394 2.28033 0.23906 1 0
0.0150926 5.7126e-05 -0.00574797 -1.40724e-05 0.519452 2.28033 0.234649 1 0
-0.0153224 -5.79958e-05 0.00439878 1.07693e-05 0.519394 2.28032 0.239397 1 0
-0.0144276 -5.4609e-05 -0.00900905 -2.20563e-05 0.51935 2.28028 0.24672 1 1
0.00911297 3.4493e-05 0.00769718 1.88446e-05 0.51942 2.28035 0.234672 2 0
0.010059 3.80737e-05 -0.0144157 -3.5293e-05 0.519468 2.28033 0.233729 1 0
-0.00151746 -5.74366e-06 -0.00244306 -5.98121e-06 0.519465 2.28033 0.234708 1 0
-0.0165393 -6.26018e-05 0.0058471 1.43151e-05 0.519401 2.28032 0.239601 1 0
0.0175222 6.63223e-05 -0.00309902 -7.58716e-06 0.519466 2.28033 0.233859 1 0
-0.0290314 -0.000109885 0.00520746 1.27491e-05 0.519358 2.28031 0.243598 1 0
-0.00704775 -2.6676e-05 -0.0128295 -3.14097e-05 0.519344 2.28027 0.248953 1 0
-0.0136523 -5.16745e-05 0.0157617 3.85884e-05 0.519282 2.28029 0.251432 1 0
0.00665633 2.51945e-05 0.013972 3.42068e-05 0.519294 2.28033 0.245998 1 0
-0.0125844 -4.76326e-05 0.00917904 2.24725e-05 0.519242 2.28033 0.249501 1 0
-0.000732895 -2.77404e-06 -0.00344191 -8.42662e-06 0.519242 2.28032 0.250448 1 0
-0.0039217 -1.48438e-05 0.00706472 1.72961e-05 0.519222 2.28034 0.250809 1 0
0.0140734 5.32684e-05 0.004904 1.20062e-05 0.519268 2.28037 0.244102 1 0
-0.0248652 -9.4116e-05 -0.00675211 -1.65308e-05 0.519185 2.28032 0.25585 1 0
0.00292128 1.10572e-05 0.00410184 1.00423e-05 0.519192 2.28033 0.253795 1 0
0.00447934 1.69545e-05 -0.00625824 -1.53217e-05 0.519213 2.28032 0.253009 1 0
0.00882681 3.34098e-05 0.00957089 2.34319e-05 0.519237 2.28036 0.247519 1 0
0.0097871 3.70446e-05 0.00682957 1.67204e-05 0.519266 2.28038 0.242368 1 0
0.00798488 3.02231e-05 -0.00411166 -1.00663e-05 0.519298 2.28038 0.239924 1 0
0.00203124 7.68835e-06 0.00441334 1.08049e-05 0.519302 2.2804 0.238417 1 0
-0.00372719 -1.41076e-05 0.0098617 2.41438e-05 0.51928 2.28042 0.238269 1 0
-0.0104423 -3.95247e-05 0.00692485 1.69537e-05 0.519237 2.28042 0.241256 1 0
-0.00676837 -2.56185e-05 -0.00776586 -1.90127e-05 0.519219 2.28039 0.245231 1 0
-0.0138683 -5.24923e-05 0.0153013 3.74613e-05 0.519157 2.28041 0.248546 1 0
-0.023432 -8.86912e-05 0.0122562 3.00062e-05 0.519064 2.28041 0.256919 1 0
0.00717144 2.71442e-05 -0.0144603 -3.54024e-05 0.519101 2.28038 0.256036 1 0
-0.000255811 -9.68257e-07 -0.00314417 -7.69769e-06 0.519103 2.28038 0.256684 1 0
0.00378619 1.43309e-05 0.00321929 7.88161e-06 0.519114 2.28039 0.254439 1 0
-0.00173561 -6.56934e-06 -0.0310871 -7.61088e-05 0.519133 2.28031 0.260778 1 0
-0.0184859 -6.99698e-05 0.00701325 1.71701e-05 0.519062 2.28031 0.268215 1 0
-0.00772475 -2.92385e-05 0.00564661 1.38243e-05 0.51903 2.28031 0.270933 1 0
-0.00468268 -1.77241e-05 0.00106728 2.61296e-06 0.519012 2.28031 0.273073 1 0
0.0133133 5.03915e-05 -0.00492458 -1.20566e-05 0.519064 2.28031 0.267429 1 0
-0.00191871 -7.26241e-06 -0.00231879 -5.67696e-06 0.519059 2.2803 0.268813 1 0
-0.00729157 -2.75989e-05 -0.00937056 -2.29414e-05 0.51904 2.28027 0.274309 1 0
-0.000103272 -3.9089e-07 0.00533831 1.30695e-05 0.519036 2.28028 0.27328 1 0
-0.000787668 -2.98136e-06 0.0169359 4.14632e-05 0.519019 2.28032 0.270384 1 0
-0.000856652 -3.24246e-06 0.0113793 2.78593e-05 0.519006 2.28035 0.268715 1 0
0.00966636 3.65876e-05 0.00349905 8.56652e-06 0.519038 2.28037 0.263408 1 0
-0.00361651 -1.36887e-05 0.00981752 2.40357e-05 0.519017 2.28039 0.263465 1 0
-0.0135058 -5.112e-05 0.000592846 1.45143e-06 0.518968 2.28037 0.269963 1 0
-0.00102721 -3.88804e-06 0.0054586 1.3364e-05 0.51896 2.28038 0.269544 1 0
-0.0051223 -1.93881e-05 -0.0140566 -3.4414e-05 0.518953 2.28034 0.274596 1 0
-0.00508552 -1.92489e-05 0.0003516 8.60801e-07 0.518935 2.28034 0.277157 1 0
-0.000529732 -2.00506e-06 0.0110189 2.69768e-05 0.518924 2.28036 0.275452 1 0
0.0124603 4.71627e-05 -0.00554445 -1.35742e-05 0.518973 2.28036 0.270097 1 0
-4.13561e-05 -1.56535e-07 0.00289251 7.08157e-06 0.51897 2.28037 0.269617 1 0
-0.00483987 -1.83191e-05 0.0026779 6.55614e-06 0.518951 2.28037 0.271581 1 0
-0.00547729 -2.07318e-05 0.00493133 1.20731e-05 0.518927 2.28038 0.273514 1 0
0.0117531 4.44858e-05 -0.00320019 -7.83483e-06 0.518972 2.28038 0.268154 1 0
0.0033076 1.25194e-05 -0.0119396 -2.9231e-05 0.518994 2.28036 0.268575 1 0
0.00469288 1.77628e-05 0.008022 1.96398e-05 0.519004 2.28038 0.264905 1 0
0.00137363 5.19923e-06 0.0145407 3.55992e-05 0.518996 2.28042 0.261893 1 0
0.0139443 5.27797e-05 -0.0109376 -2.6778e-05 0.519055 2.28041 0.257114 1 0
0.0201551 7.6288e-05 -0.00512302 -1.25424e-05 0.519131 2.28043 0.248986 1 0
0.00187304 7.08952e-06 0.00405058 9.9168e-06 0.519135 2.28044 0.247574 1 0
-0.00348156 -1.31779e-05 -0.0211006 -5.16594e-05 0.51914 2.28039 0.252415 1 0
0.0101794 3.85296e-05 0.0151522 3.70964e-05 0.519163 2.28043 0.245657 1 0
0.00210869 7.98148e-06 -0.00370807 -9.07825e-06 0.519174 2.28043 0.245346 1 0
-0.0121792 -4.60988e-05 0.00504259 1.23455e-05 0.519126 2.28042 0.249717 1 0
-0.0143091 -5.41605e-05 0.0132573 3.24571e-05 0.519064 2.28044 0.253978 1 0
-0.00143703 -5.43923e-06 -0.00170607 -4.17688e-06 0.519061 2.28043 0.254882 1 0
-0.00823748 -3.11792e-05 0.00332024 8.12875e-06 0.519029 2.28043 0.25813 1 0
0.00133674 5.0596e-06 -0.0146791 -3.59379e-05 0.519046 2.28039 0.259844 1 0
0.00584717 2.21318e-05 -0.00803401 -1.96692e-05 0.519073 2.28038 0.258468 1 0
-0.00790359 -2.99154e-05 -0.0154362 -3.77915e-05 0.519058 2.28034 0.264889 1 0
0.0171072 6.47516e-05 -0.0067954 -1.66368e-05 0.519124 2.28034 0.258123 1 0
0.007718 2.9213e-05 0.00242957 5.94817e-06 0.51915 2.28036 0.254223 1 0
0.026071 9.86799e-05 0.0110398 2.70282e-05 0.519233 2.28042 0.241445 1 0
-0.00200871 -7.60303e-06 0.000976318 2.39026e-06 0.519225 2.28042 0.242094 1 0
-2.66601e-05 -1.0091e-07 -0.00711986 -1.74311e-05 0.519231 2.2804 0.243233 1 0
0.0148912 5.63639e-05 -0.0129787 -3.17751e-05 0.519295 2.28039 0.239475 1 0
-0.00816458 -3.09033e-05 0.00470048 1.15079e-05 0.519262 2.28039 0.241893 1 0
-0.0114893 -4.34875e-05 0.0151758 3.7154e-05 0.519209 2.28041 0.244063 1 0
0.00715911 2.70975e-05 0.0012608 3.08674e-06 0.519233 2.28042 0.24099 1 0
-0.0145581 -5.5103e-05 0.00426689 1.04464e-05 0.519178 2.28042 0.246241 1 1
-0.0147364 -5.57779e-05 -0.00659887 -1.61556e-05 0.519186 2.28039 0.248068 2 0
-0.00436241 -1.65119e-05 0.00118995 2.91329e-06 0.519169 2.28039 0.249724 1 0
-0.0127134 -4.81207e-05 0.00952563 2.3321e-05 0.519116 2.28039 0.253688 1 0
-0.00882853 -3.34164e-05 0.00764681 1.87212e-05 0.519079 2.2804 0.256398 1 0
0.00262426 9.93293e-06 0.00349879 8.56589e-06 0.519085 2.28041 0.254651 1 0
0.0020062 7.59354e-06 0.00620642 1.51948e-05 0.519087 2.28043 0.252788 1 0
-0.00878742 -3.32608e-05 -0.00211425 -5.17618e-06 0.519057 2.28041 0.257072 1 0
0.000619365 2.34432e-06 -0.00732766 -1.79399e-05 0.519066 2.28039 0.257971 1 0
-0.00740317 -2.80213e-05 0.00651965 1.59617e-05 0.519034 2.2804 0.260341 1 0
-0.00820239 -3.10464e-05 0.0100185 2.45278e-05 0.518996 2.28041 0.262609 1 0
-0.018475 -6.99285e-05 0.00764785 1.87238e-05 0.518924 2.28041 0.27043 1 0
0.015215 5.75896e-05 0.000104159 2.55006e-07 0.518978 2.28043 0.262955 1 0
0.000608452 2.30302e-06 0.00314123 7.69049e-06 0.518978 2.28043 0.262185 1 0
-0.00325901 -1.23355e-05 0.00310985 7.61366e-06 0.518964 2.28044 0.263273 1 0
-0.00619567 -2.34509e-05 -0.00668937 -1.63772e-05 0.518947 2.28041 0.267317 1 0
-0.0200062 -7.57244e-05 -0.00104376 -2.55538e-06 0.518877 2.28039 0.277653 1 1
-0.019727 -7.46675e-05 0.0114273 2.79769e-05 0.518867 2.28042 0.275476 2 0
0.00210785 7.97832e-06 -0.0142219 -3.48187e-05 0.518887 2.28039 0.2767 1 0
0.000485018 1.83581e-06 0.00313405 7.6729e-06 0.518886 2.28039 0.275925 1 0
-0.0283297 -0.000107229 0.00174319 4.26776e-06 0.518784 2.28036 0.290943 1 0
-0.00373004 -1.41184e-05 -0.00850421 -2.08204e-05 0.518777 2.28034 0.294592 1 0
0.0167956 6.3572e-05 0.0116202 2.84489e-05 0.518828 2.28038 0.283201 1 0
-0.0054089 -2.04729e-05 0.00621939 1.52266e-05 0.518803 2.28039 0.285101 1 0
-0.00376699 -1.42582e-05 -0.000860754 -2.10733e-06 0.51879 2.28039 0.287314 1 0
-0.014203 -5.37588e-05 0.00268813 6.5812e-06 0.518738 2.28037 0.294854 1 0
-0.00718267 -2.71867e-05 -0.0146027 -3.57508e-05 0.518724 2.28033 0.301657 1 0
-0.0153366 -5.80498e-05 0.0113849 2.78729e-05 0.51866 2.28034 0.308755 1 0
-0.0118669 -4.49166e-05 -0.00813355 -1.99129e-05 0.518625 2.2803 0.317673 1 0
-0.0085902 -3.25142e-05 -0.0119668 -2.92975e-05 0.518604 2.28026 0.325603 1 0
-0.0102874 -3.89384e-05 -0.0154432 -3.78087e-05 0.51858 2.28022 0.335761 1 0
0.0109806 4.15619e-05 -0.00370691 -9.07541e-06 0.518622 2.28022 0.329281 1 0
-0.000416554 -1.57668e-06 0.0130186 3.18727e-05 0.51861 2.28025 0.326716 1 0
-0.00967259 -3.66112e-05 0.0205184 5.02339e-05 0.518559 2.28029 0.328803 1 0
0.0121413 4.59553e-05 -0.0232051 -5.68116e-05 0.518621 2.28025 0.325682 1 0
0.018979 7.18362e-05 -0.015014 -3.67578e-05 0.518701 2.28024 0.316799 1 0
-0.00753454 -2.85185e-05 -0.00546341 -1.33758e-05 0.518679 2.28022 0.322784 1 0
0.00232841 8.81312e-06 -0.0079713 -1.95157e-05 0.518694 2.2802 0.323101 1 0
0.000519984 1.96816e-06 0.00868687 2.12676e-05 0.518688 2.28022 0.320804 1 0
0.0192591 7.28964e-05 0.00899259 2.2016e-05 0.518749 2.28027 0.306936 1 0
0.00245379 9.2877e-06 -0.0212186 -5.19482e-05 0.518776 2.28022 0.310017 1 0
0.00633991 2.39968e-05 -0.00200343 -4.90488e-06 0.5188 2.28022 0.306635 1 0
0.00298092 1.12829e-05 0.00317141 7.76437e-06 0.518808 2.28023 0.304163 1 0
-0.00689211 -2.60869e-05 -0.00365775 -8.95506e-06 0.518786 2.28022 0.309099 1 0
0.0194695 7.36927e-05 -0.0177807 -4.35316e-05 0.518871 2.2802 0.301552 1 0
-0.00630974 -2.38826e-05 0.0117376 2.87364e-05 0.518838 2.28022 0.302598 1 0
0.0118443 4.48312e-05 0.000792752 1.94085e-06 0.51888 2.28024 0.295578 1 0
0.0014364 5.43683e-06 -0.00711621 -1.74222e-05 0.518891 2.28022 0.296319 1 0
0.00664039 2.51342e-05 -0.0114937 -2.81393e-05 0.518924 2.28021 0.295132 1 0
0.021258 8.04624e-05 -0.0100446 -2.45917e-05 0.519008 2.28021 0.285719 1 0
0.00104497 3.95526e-06 -0.0136983 -3.35367e-05 0.519023 2.28018 0.288313 1 0
-0.00269727 -1.02093e-05 -0.00420469 -1.02941e-05 0.519017 2.28017 0.290775 1 0
-0.0238336 -9.02111e-05 0.00391121 9.57559e-06 0.518929 2.28014 0.30325 1 0
-0.00311478 -1.17896e-05 -0.0107301 -2.62698e-05 0.518927 2.28012 0.307776 1 0
-0.0256833 -9.72122e-05 0.0033085 8.1e-06 0.518833 2.28009 0.322576 1 0
0.00738421 2.79495e-05 -0.00275324 -6.74059e-06 0.518861 2.28009 0.318697 1 0
0.00896995 3.39516e-05 -0.00615644 -1.50724e-05 0.518898 2.28009 0.314824 1 0
0.00202017 7.64644e-06 -0.0177814 -4.35332e-05 0.51892 2.28005 0.318409 1 0
0.00982088 3.71725e-05 0.00434843 1.0646e-05 0.518952 2.28007 0.311294 1 0
-0.00440045 -1.66559e-05 0.00213803 5.2344e-06 0.518934 2.28007 0.313348 1 0
-0.00298385 -1.1294e-05 -0.0216134 -5.29148e-05 0.518941 2.28002 0.321185 1 0
0.00758426 2.87067e-05 0.0118569 2.90285e-05 0.518959 2.28006 0.31325 1 0
0.025606 9.69199e-05 -0.0015861 -3.88315e-06 0.519051 2.28009 0.298872 1 0
-0.00374072 -1.41588e-05 0.0062334 1.52609e-05 0.519033 2.2801 0.299323 1 0
-0.0065317 -2.47228e-05 -0.0023157 -5.6694e-06 0.519011 2.28008 0.303641 1 0
0.00270899 1.02536e-05 -0.00236134 -5.78114e-06 0.519023 2.28008 0.302725 1 0
0.00983657 3.72318e-05 0.0194186 4.75415e-05 0.519042 2.28014 0.292225 1 0
-0.00180618 -6.83645e-06 -0.0211103 -5.1683e-05 0.519053 2.28009 0.298647 1 0
-0.000930002 -3.52009e-06 0.000384053 9.40255e-07 0.519049 2.28009 0.299064 1 0
-0.0031227 -1.18196e-05 0.0163884 4.01228e-05 0.519024 2.28012 0.296548 1 0
0.00167612 6.34418e-06 -0.012963 -3.17365e-05 0.519041 2.28009 0.298968 1 0
0.00120039 4.54354e-06 0.00866727 2.12196e-05 0.519038 2.28011 0.296046 1 0
-0.0100587 -3.80726e-05 0.00257379 6.30126e-06 0.519 2.28011 0.301033 1 0
0.0139735 5.28901e-05 -0.00386119 -9.45313e-06 0.519053 2.28012 0.294216 1 0
0.00653612 2.47395e-05 -0.00622453 -1.52392e-05 0.519082 2.28011 0.29225 1 0
-0.008545 -3.23432e-05 0.0115566 2.82932e-05 0.519042 2.28013 0.293965 1 0
0.0021326 8.07198e-06 0.00726891 1.77961e-05 0.519043 2.28015 0.290987 1 0
-0.00334738 -1.267e-05 0.0095828 2.3461e-05 0.519023 2.28016 0.290475 1 0
0.00553855 2.09636e-05 -0.0107683 -2.63634e-05 0.519052 2.28015 0.290091 1 0
0.00804154 3.04376e-05 0.00927498 2.27074e-05 0.519073 2.28018 0.283578 1 0
-0.0102248 -3.87013e-05 -0.00787801 -1.92873e-05 0.519043 2.28015 0.29093 1 1
0.0117415 4.44421e-05 -0.0032718 -8.01016e-06 0.519118 2.28018 0.278293 2 0
-0.00909586 -3.44282e-05 -0.00646364 -1.58246e-05 0.51909 2.28016 0.284516 1 0
-0.00213151 -8.06786e-06 0.00992915 2.4309e-05 0.519075 2.28018 0.283263 1 0
0.00947734 3.58721e-05 0.00679854 1.66445e-05 0.519103 2.28021 0.276823 1 0
0.0137071 5.18819e-05 0.00470781 1.15259e-05 0.519148 2.28023 0.269017 1 0
0.00618888 2.34252e-05 0.0104541 2.55942e-05 0.519161 2.28027 0.26387 1 0
-0.00620456 -2.34845e-05 0.00641056 1.56946e-05 0.519134 2.28027 0.265479 1 0
-0.0162923 -6.16672e-05 0.0080821 1.97869e-05 0.519069 2.28027 0.271737 1 0
-0.00854395 -3.23392e-05 -0.00208139 -5.09575e-06 0.51904 2.28026 0.276471 1 0
-0.0101628 -3.84665e-05 0.00397055 9.72085e-06 0.519001 2.28025 0.280895 1 0
0.000122465 4.63534e-07 0.0132852 3.25253e-05 0.51899 2.28028 0.278087 1 0
0.010102 3.82365e-05 -0.00999874 -2.44793e-05 0.519034 2.28027 0.274934 1 0
-0.00046649 -1.76568e-06 0.00370341 9.06685e-06 0.51903 2.28028 0.274418 1 0
-0.00241101 -9.12579e-06 0.00192796 4.72011e-06 0.519019 2.28028 0.275254 1 0
0.00976797 3.69722e-05 -0.0170723 -4.17972e-05 0.519068 2.28025 0.273831 1 0
-0.00214499 -8.11889e-06 -0.0152685 -3.73809e-05 0.519073 2.28022 0.278223 1 1
0.00400564 1.51615e-05 -0.000975113 -2.38731e-06 0.519084 2.28026 0.272038 2 0
0.00059043 2.2348e-06 -0.0111212 -2.72273e-05 0.519095 2.28023 0.274117 1 0
0.00578037 2.1879e-05 -0.00177681 -4.35006e-06 0.519117 2.28024 0.271637 1 0
0.00268584 1.0166e-05 -0.00353323 -8.65019e-06 0.519129 2.28023 0.271087 1 0
-0.00510824 -1.93349e-05 -0.00622401 -1.52379e-05 0.519116 2.28021 0.274988 1 0
-0.00790581 -2.99238e-05 -0.0054341 -1.3304e-05 0.519093 2.28019 0.280236 1 0
0.00945988 3.5806e-05 1.08483e-05 2.65593e-08 0.519126 2.2802 0.275439 1 0
0.0172648 6.5348e-05 0.016007 3.9189e-05 0.519175 2.28026 0.263616 1 0
-0.00170763 -6.46345e-06 -0.00712788 -1.74508e-05 0.519174 2.28024 0.265924 1 0
-0.0150877 -5.71075e-05 0.00446521 1.09319e-05 0.519117 2.28023 0.272232 1 0
0.00911562 3.4503e-05 0.00350545 8.58218e-06 0.519147 2.28025 0.267059 1 0
0.00333674 1.26297e-05 0.00393682 9.63829e-06 0.519155 2.28026 0.264656 1 0
-0.00887138 -3.35785e-05 -0.00721705 -1.76691e-05 0.51913 2.28024 0.270428 1 0
-0.00278792 -1.05524e-05 -0.00980387 -2.40022e-05 0.519128 2.28021 0.273959 1 0
-0.00440792 -1.66842e-05 -0.00810833 -1.98512e-05 0.519119 2.28019 0.278021 1 0
0.00934558 3.53734e-05 0.00927423 2.27056e-05 0.519144 2.28022 0.271271 1 0
-0.00118691 -4.49251e-06 0.00696152 1.70435e-05 0.519134 2.28023 0.270322 1 0
-0.00757035 -2.86541e-05 -0.0107572 -2.63363e-05 0.519116 2.2802 0.276461 1 0
-0.00254221 -9.62237e-06 0.000379991 9.30309e-07 0.519107 2.2802 0.277658 1 0
0.00522175 1.97645e-05 -0.0154434 -3.78092e-05 0.519138 2.28017 0.278626 1 0
-0.00281688 -1.0662e-05 -0.000898217 -2.19905e-06 0.519129 2.28016 0.280271 1 0
0.0128786 4.87462e-05 -0.00529675 -1.29677e-05 0.519179 2.28017 0.275086 1 0
0.00949074 3.59229e-05 0.0134998 3.30508e-05 0.519202 2.28021 0.267385 1 0
0.0147896 5.59794e-05 -0.00944212 -2.31166e-05 0.519262 2.28021 0.262673 1 0
0.0212049 8.02613e-05 -0.00753834 -1.84557e-05 0.519344 2.28022 0.255074 1 0
-0.0173211 -6.55611e-05 -0.0116027 -2.84061e-05 0.519292 2.28017 0.265343 1 0
0.0153996 5.82881e-05 0.0159615 3.90776e-05 0.519334 2.28022 0.254927 1 0
-0.00272744 -1.03235e-05 0.00463891 1.13572e-05 0.51932 2.28023 0.255075 1 0
0.000200957 7.60632e-07 0.012006 2.93936e-05 0.519311 2.28026 0.252441 1 0
-0.00441452 -1.67092e-05 0.018356 4.49399e-05 0.51928 2.2803 0.250592 1 0
0.0141551 5.35776e-05 0.00827433 2.02576e-05 0.519324 2.28033 0.243266 1 0
0.0183108 6.93071e-05 -0.00908663 -2.22463e-05 0.519396 2.28034 0.237939 1 0
0.00770783 2.91744e-05 -0.00217713 -5.33014e-06 0.519426 2.28034 0.23553 1 0
0.00607822 2.30063e-05 0.00177994 4.35773e-06 0.519446 2.28035 0.233066 1 0
-0.0161676 -6.1195e-05 0.00192196 4.70541e-06 0.519387 2.28034 0.238545 1 1
-0.000466504 -1.76574e-06 0.00366867 8.98178e-06 0.519441 2.28036 0.232585 2 0
-0.019543 -7.39713e-05 0.0141544 3.46534e-05 0.51936 2.28037 0.237159 1 0
0.000162635 6.15582e-07 0.00412518 1.00994e-05 0.519357 2.28038 0.236396 1 0
-0.00229996 -8.70546e-06 0.00768794 1.88219e-05 0.519342 2.28039 0.235968 1 0
