This is potfit-git compiled on Nov 22 2016, 17:49:28.

Reading parameter file >> input_test.tmp << ... 
Reading parameter file >> input_test.tmp << ... done
Starting to read the potential file:
 - Potential file format 0 (analytic potentials) detected
 - Using 1 PAIR potentials to calculate forces
 - Successfully read 1 potential table(s)
Reading potential file >> morse_230616.pot << ... done
Reading the config file >> potfit_initial_230616.config << and calculating neighbor lists ...
Reading the config file >> potfit_initial_230616.config << and calculating neighbor lists ... done

Read 6 configurations (6 with forces, 0 with stresses)
with a total of 182 atoms (182 Ni (100.00%)).

Minimal Distances Matrix:
Atom	      Ni	with
Ni	2.276916	

Global energy weight: 100.000000

Starting optimization with 4 parameters.
  k	T        	  m	F          	F_opt
  0	100.000000	  0	24388300627343063028652741079655172276224.000000	24388300627343063028652741079655172276224.000000
  0	100.000000	  1	58586929349108884931634563907584.000000	58586929349108884931634563907584.000000
  0	100.000000	  2	8759463382772590755971072.000000	8759463382772590755971072.000000
  0	100.000000	  3	27558401444744312.000000	27558401444744312.000000
  0	100.000000	  4	9776921828.974667	9776921828.974667
  0	100.000000	  5	9075.753764	9075.753764
  0	100.000000	  6	6578.484081	6578.484081
  0	100.000000	  7	4145.693558	4107.109802
  0	100.000000	  8	493.082358	332.087182
  0	100.000000	  9	176.734961	176.432317
  0	100.000000	 10	358.338021	98.803825
  0	100.000000	 11	365.236371	98.803825
  0	100.000000	 12	231.369791	98.803825
  1	85.000000	  1	167.830753	98.803825
  1	85.000000	  2	68.264723	13.586572
  1	85.000000	  3	164.579744	13.586572
  1	85.000000	  4	128.648424	11.376356
  1	85.000000	  5	37.015853	11.376356
  1	85.000000	  6	44.887403	11.376356
  1	85.000000	  7	51.122858	11.376356
  1	85.000000	  8	76.392415	11.376356
  1	85.000000	  9	59.712771	9.925562
  1	85.000000	 10	262.990126	9.925562
  1	85.000000	 11	140.466176	9.925562
  1	85.000000	 12	121.724401	9.925562
  2	72.250000	  1	36.610146	9.925562
  2	72.250000	  2	127.557353	9.925562
  2	72.250000	  3	107.170625	9.925562
  2	72.250000	  4	78.839527	9.925562
  2	72.250000	  5	163.369245	9.925562
  2	72.250000	  6	62.053932	8.519290
  2	72.250000	  7	117.728105	8.519290
  2	72.250000	  8	109.433043	8.519290
  2	72.250000	  9	89.166627	8.519290
  2	72.250000	 10	93.975281	8.519290
  2	72.250000	 11	31.111509	8.519290
  2	72.250000	 12	85.443290	8.519290
  3	61.412500	  1	68.720840	8.487508
  3	61.412500	  2	15.084666	8.487508
  3	61.412500	  3	55.080244	8.487508
  3	61.412500	  4	84.583507	8.487508
  3	61.412500	  5	211.070246	8.487508
  3	61.412500	  6	283.615193	8.487508
  3	61.412500	  7	207.253401	8.487508
  3	61.412500	  8	168.790896	8.487508
  3	61.412500	  9	144.071147	8.487508
  3	61.412500	 10	82.055523	8.487508
  3	61.412500	 11	127.857926	8.487508
  3	61.412500	 12	193.392683	8.356377
  4	52.200625	  1	41.141712	8.356377
  4	52.200625	  2	202.631965	8.356377
  4	52.200625	  3	41.029519	8.356377
  4	52.200625	  4	83.277807	8.356377
  4	52.200625	  5	68.302108	8.356377
  4	52.200625	  6	97.420956	8.356377
  4	52.200625	  7	30.920292	8.356377
  4	52.200625	  8	21.775244	8.356377
  4	52.200625	  9	26.844243	8.356377
  4	52.200625	 10	159.851405	8.356377
  4	52.200625	 11	17.227622	8.356377
  4	52.200625	 12	75.141737	8.356377
  5	44.370531	  1	47.608382	8.356377
  5	44.370531	  2	132.659881	8.356377
  5	44.370531	  3	44.654201	8.356377
  5	44.370531	  4	32.087099	8.356377
  5	44.370531	  5	92.300832	8.356377
  5	44.370531	  6	42.836239	8.356377
  5	44.370531	  7	34.627816	8.356377
  5	44.370531	  8	68.200926	8.356377
  5	44.370531	  9	41.831319	8.356377
  5	44.370531	 10	24.241657	8.356377
  5	44.370531	 11	67.143752	8.356377
  5	44.370531	 12	13.897702	8.356377
  6	37.714952	  1	26.155686	8.356377
  6	37.714952	  2	39.797902	8.356377
  6	37.714952	  3	40.602170	8.356377
  6	37.714952	  4	40.893648	8.356377
  6	37.714952	  5	93.914648	8.356377
  6	37.714952	  6	70.533371	8.356377
  6	37.714952	  7	194.626950	8.356377
  6	37.714952	  8	112.357413	8.356377
  6	37.714952	  9	82.806057	8.356377
  6	37.714952	 10	43.001651	8.356377
  6	37.714952	 11	75.749593	8.356377
  6	37.714952	 12	29.024763	8.356377
  7	32.057709	  1	63.306715	8.356377
  7	32.057709	  2	62.452895	8.356377
  7	32.057709	  3	70.623575	8.356377
  7	32.057709	  4	27.551897	8.356377
  7	32.057709	  5	12.440035	8.356377
  7	32.057709	  6	11.148718	8.356377
  7	32.057709	  7	55.206269	8.356377
  7	32.057709	  8	26.026133	8.356377
  7	32.057709	  9	133.034655	8.356377
  7	32.057709	 10	20.096146	8.356377
  7	32.057709	 11	64.729641	8.356377
  7	32.057709	 12	82.280558	8.356377
  8	27.249053	  1	24.647041	8.356377
  8	27.249053	  2	27.752275	8.356377
  8	27.249053	  3	42.916656	8.356377
  8	27.249053	  4	38.543097	8.356377
  8	27.249053	  5	15.801692	8.356377
  8	27.249053	  6	31.549919	8.356377
  8	27.249053	  7	41.602121	8.356377
  8	27.249053	  8	38.731225	8.356377
  8	27.249053	  9	118.529398	8.356377
  8	27.249053	 10	42.320747	8.356377
  8	27.249053	 11	76.844759	8.356377
  8	27.249053	 12	109.808635	8.356377
  9	23.161695	  1	67.722453	8.356377
  9	23.161695	  2	84.775032	8.356377
  9	23.161695	  3	50.216494	8.356377
  9	23.161695	  4	30.111167	8.356377
  9	23.161695	  5	46.745987	8.356377
  9	23.161695	  6	15.064863	8.356377
  9	23.161695	  7	30.496777	8.352802
  9	23.161695	  8	28.295294	8.352802
  9	23.161695	  9	18.834733	8.352802
  9	23.161695	 10	26.824417	8.352802
  9	23.161695	 11	12.261107	8.352802
  9	23.161695	 12	30.648526	8.352802
 10	19.687440	  1	17.125897	8.352802
 10	19.687440	  2	37.353339	8.172188
 10	19.687440	  3	115.822007	8.172188
 10	19.687440	  4	73.022658	8.172188
 10	19.687440	  5	11.487603	8.172188
 10	19.687440	  6	79.971051	8.172188
 10	19.687440	  7	10.354448	8.172188
 10	19.687440	  8	18.125381	8.172188
 10	19.687440	  9	37.003621	8.172188
 10	19.687440	 10	8.985744	8.172188
 10	19.687440	 11	66.028942	8.172188
 10	19.687440	 12	46.876830	8.172188
 11	16.734324	  1	18.533356	8.172188
 11	16.734324	  2	79.043074	8.172188
 11	16.734324	  3	40.828820	8.172188
 11	16.734324	  4	35.021980	8.172188
 11	16.734324	  5	40.441523	8.172188
 11	16.734324	  6	10.330784	8.172188
 11	16.734324	  7	56.265956	8.172188
 11	16.734324	  8	43.451293	8.172188
 11	16.734324	  9	61.491682	8.172188
 11	16.734324	 10	104.285916	8.172188
 11	16.734324	 11	60.708550	8.172188
 11	16.734324	 12	18.526254	8.172188
 12	14.224176	  1	31.322542	8.172188
 12	14.224176	  2	48.138592	8.172188
 12	14.224176	  3	55.867166	8.172188
 12	14.224176	  4	28.999528	8.172188
 12	14.224176	  5	32.290977	8.172188
 12	14.224176	  6	41.041191	8.172188
 12	14.224176	  7	34.734174	8.172188
 12	14.224176	  8	18.240253	8.172188
 12	14.224176	  9	47.550618	8.172188
 12	14.224176	 10	26.738632	8.172188
 12	14.224176	 11	15.765090	8.172188
 12	14.224176	 12	43.198821	8.172188
 13	12.090549	  1	20.505703	8.172188
 13	12.090549	  2	16.895773	8.172188
 13	12.090549	  3	8.966518	8.172188
 13	12.090549	  4	18.731766	8.172188
 13	12.090549	  5	15.635196	8.172188
 13	12.090549	  6	28.748159	8.172188
 13	12.090549	  7	19.946760	8.172188
 13	12.090549	  8	42.488751	8.172188
 13	12.090549	  9	37.977700	8.172188
 13	12.090549	 10	29.933422	8.172188
 13	12.090549	 11	40.272780	8.172188
 13	12.090549	 12	15.373976	8.172188
 14	10.276967	  1	17.399813	8.172188
 14	10.276967	  2	25.505285	8.172188
 14	10.276967	  3	39.444230	8.172188
 14	10.276967	  4	17.999205	8.172188
 14	10.276967	  5	18.985419	8.172188
 14	10.276967	  6	35.457849	8.172188
 14	10.276967	  7	18.123595	8.172188
 14	10.276967	  8	23.753460	8.172188
 14	10.276967	  9	25.854267	8.172188
 14	10.276967	 10	16.317243	8.172188
 14	10.276967	 11	25.193790	8.172188
 14	10.276967	 12	33.514453	8.172188
 15	8.735422	  1	25.504105	8.172188
 15	8.735422	  2	26.225845	8.172188
 15	8.735422	  3	12.912384	8.172188
 15	8.735422	  4	13.585318	8.172188
 15	8.735422	  5	22.751473	8.172188
 15	8.735422	  6	25.430743	8.172188
 15	8.735422	  7	16.352242	8.172188
 15	8.735422	  8	17.391905	8.172188
 15	8.735422	  9	25.088742	8.172188
 15	8.735422	 10	41.177970	8.172188
 15	8.735422	 11	14.590582	8.172188
 15	8.735422	 12	25.864213	8.172188
 16	7.425109	  1	15.463727	8.172188
 16	7.425109	  2	15.190065	8.172188
 16	7.425109	  3	21.222960	8.172188
 16	7.425109	  4	37.697040	8.172188
 16	7.425109	  5	14.703279	8.172188
 16	7.425109	  6	16.912608	8.172188
 16	7.425109	  7	20.835869	8.172188
 16	7.425109	  8	32.173449	8.172188
 16	7.425109	  9	18.639068	8.172188
 16	7.425109	 10	16.046473	8.172188
 16	7.425109	 11	10.591726	8.172188
 16	7.425109	 12	17.641139	8.172188
 17	6.311342	  1	21.436433	8.172188
 17	6.311342	  2	14.753139	8.172188
 17	6.311342	  3	23.040446	8.172188
 17	6.311342	  4	22.958818	8.172188
 17	6.311342	  5	21.669135	8.172188
 17	6.311342	  6	11.466028	8.172188
 17	6.311342	  7	14.852960	8.172188
 17	6.311342	  8	27.412316	8.172188
 17	6.311342	  9	17.719638	8.172188
 17	6.311342	 10	10.319969	8.172188
 17	6.311342	 11	23.321985	8.172188
 17	6.311342	 12	17.382475	8.172188
 18	5.364641	  1	12.591496	8.172188
 18	5.364641	  2	17.339815	8.172188
 18	5.364641	  3	12.607892	8.172188
 18	5.364641	  4	12.391855	8.172188
 18	5.364641	  5	11.329834	8.172188
 18	5.364641	  6	13.706764	8.172188
 18	5.364641	  7	14.532457	8.172188
 18	5.364641	  8	25.436172	8.172188
 18	5.364641	  9	16.056613	8.172188
 18	5.364641	 10	12.220530	8.172188
 18	5.364641	 11	17.364687	8.172188
 18	5.364641	 12	15.160170	8.172188
 19	4.559945	  1	11.249075	8.172188
 19	4.559945	  2	24.600791	8.172188
 19	4.559945	  3	12.154267	8.172188
 19	4.559945	  4	9.234196	8.172188
 19	4.559945	  5	11.062684	8.172188
 19	4.559945	  6	12.521196	8.172188
 19	4.559945	  7	14.847229	8.172188
 19	4.559945	  8	15.060780	8.172188
 19	4.559945	  9	18.241679	8.172188
 19	4.559945	 10	10.721588	8.172188
 19	4.559945	 11	12.686785	8.172188
 19	4.559945	 12	10.235011	8.172188
 20	3.875953	  1	8.583351	8.172188
 20	3.875953	  2	19.214729	8.172188
 20	3.875953	  3	11.600460	8.172188
 20	3.875953	  4	10.592086	8.172188
 20	3.875953	  5	14.667164	8.172188
 20	3.875953	  6	13.846162	8.172188
 20	3.875953	  7	14.915848	8.172188
 20	3.875953	  8	11.258829	8.172188
 20	3.875953	  9	14.487809	8.172188
 20	3.875953	 10	18.326889	8.172188
 20	3.875953	 11	17.131961	8.172188
 20	3.875953	 12	22.336692	8.172188
 21	3.294560	  1	13.150636	8.172188
 21	3.294560	  2	11.572168	8.172188
 21	3.294560	  3	16.704465	8.172188
 21	3.294560	  4	11.744641	8.172188
 21	3.294560	  5	16.151936	8.172188
 21	3.294560	  6	15.061090	8.172188
 21	3.294560	  7	10.147379	8.172188
 21	3.294560	  8	15.204148	8.172188
 21	3.294560	  9	17.930489	8.172188
 21	3.294560	 10	16.660606	8.172188
 21	3.294560	 11	12.783310	8.172188
 21	3.294560	 12	23.228295	8.172188
 22	2.800376	  1	9.743012	8.172188
 22	2.800376	  2	9.220646	8.172188
 22	2.800376	  3	13.289579	8.172188
 22	2.800376	  4	10.745343	8.172188
 22	2.800376	  5	12.772388	8.172188
 22	2.800376	  6	10.746586	8.172188
 22	2.800376	  7	10.768975	8.130553
 22	2.800376	  8	8.726075	8.130553
 22	2.800376	  9	33.256765	8.130553
 22	2.800376	 10	12.815985	8.130553
 22	2.800376	 11	14.199511	8.130553
 22	2.800376	 12	13.691254	8.130553
 23	2.380320	  1	15.220836	8.130553
 23	2.380320	  2	12.051970	8.130553
 23	2.380320	  3	11.110882	8.130553
 23	2.380320	  4	13.031644	8.130553
 23	2.380320	  5	8.617102	8.130553
 23	2.380320	  6	11.875565	8.130553
 23	2.380320	  7	17.032639	8.130553
 23	2.380320	  8	12.667185	8.130553
 23	2.380320	  9	25.818745	8.130553
 23	2.380320	 10	13.081794	8.130553
 23	2.380320	 11	9.489974	8.130553
 23	2.380320	 12	10.898222	8.130553
 24	2.023272	  1	8.812552	8.130553
 24	2.023272	  2	10.871644	8.130553
 24	2.023272	  3	8.939148	8.130553
 24	2.023272	  4	10.686231	8.130553
 24	2.023272	  5	8.994012	8.130553
 24	2.023272	  6	10.658006	8.130553
 24	2.023272	  7	8.963440	8.130553
 24	2.023272	  8	12.487380	8.130553
 24	2.023272	  9	13.936480	8.130553
 24	2.023272	 10	13.096455	8.130553
 24	2.023272	 11	8.166088	8.130553
 24	2.023272	 12	9.584129	8.130553
 25	1.719781	  1	11.017401	8.130553
 25	1.719781	  2	8.839589	8.130553
 25	1.719781	  3	9.307081	8.130553
 25	1.719781	  4	8.918504	8.130553
 25	1.719781	  5	9.013250	8.130553
 25	1.719781	  6	14.893232	8.130553
 25	1.719781	  7	9.988075	8.130553
 25	1.719781	  8	11.632121	8.130553
 25	1.719781	  9	9.473094	8.130553
 25	1.719781	 10	9.014611	8.130553
 25	1.719781	 11	8.439401	8.130553
 25	1.719781	 12	10.925982	8.130553
 26	1.461814	  1	9.930640	8.130553
 26	1.461814	  2	8.850925	8.130553
 26	1.461814	  3	9.040049	8.130553
 26	1.461814	  4	9.516229	8.130553
 26	1.461814	  5	8.781390	8.130553
 26	1.461814	  6	9.043196	8.130553
 26	1.461814	  7	13.079830	8.130553
 26	1.461814	  8	9.251017	8.130553
 26	1.461814	  9	10.964676	8.130553
 26	1.461814	 10	9.203431	8.130553
 26	1.461814	 11	8.900047	8.130553
 26	1.461814	 12	8.277140	8.130553
 27	1.242542	  1	9.455343	8.130553
 27	1.242542	  2	9.324216	8.130553
 27	1.242542	  3	9.204896	8.130553
 27	1.242542	  4	10.243132	8.130553
 27	1.242542	  5	10.527660	8.130553
 27	1.242542	  6	9.354844	8.130553
 27	1.242542	  7	8.800658	8.130553
 27	1.242542	  8	8.983377	8.130553
 27	1.242542	  9	12.269664	8.130553
 27	1.242542	 10	10.458946	8.130553
 27	1.242542	 11	8.891875	8.130553
 27	1.242542	 12	8.636485	8.130553
 28	1.056160	  1	9.093576	8.130553
 28	1.056160	  2	8.860414	8.130553
 28	1.056160	  3	8.252476	8.130553
 28	1.056160	  4	8.563323	8.130553
 28	1.056160	  5	9.645363	8.130553
 28	1.056160	  6	10.615850	8.130553
 28	1.056160	  7	9.886654	8.130553
 28	1.056160	  8	10.309065	8.130553
 28	1.056160	  9	9.879078	8.130553
 28	1.056160	 10	8.493812	8.130553
 28	1.056160	 11	9.319811	8.130553
 28	1.056160	 12	8.971268	8.130553
 29	0.897736	  1	9.383721	8.130553
 29	0.897736	  2	11.517789	8.130553
 29	0.897736	  3	10.546309	8.130553
 29	0.897736	  4	9.086570	8.130553
 29	0.897736	  5	8.867935	8.130553
 29	0.897736	  6	9.570977	8.130553
 29	0.897736	  7	8.288669	8.130553
 29	0.897736	  8	8.582903	8.130553
 29	0.897736	  9	8.228285	8.130553
 29	0.897736	 10	8.439897	8.130553
 29	0.897736	 11	8.537019	8.130553
 29	0.897736	 12	9.146729	8.130553
 30	0.763076	  1	8.817023	8.130553
 30	0.763076	  2	10.212768	8.130553
 30	0.763076	  3	8.895367	8.130553
 30	0.763076	  4	9.025270	8.130553
 30	0.763076	  5	9.985274	8.130553
 30	0.763076	  6	10.183517	8.130553
 30	0.763076	  7	9.950792	8.130553
 30	0.763076	  8	8.923231	8.130553
 30	0.763076	  9	9.535340	8.130553
 30	0.763076	 10	8.384768	8.130553
 30	0.763076	 11	8.502955	8.130553
 30	0.763076	 12	8.842469	8.130553
 31	0.648615	  1	9.628226	8.130553
 31	0.648615	  2	8.800310	8.130553
 31	0.648615	  3	10.645080	8.130553
 31	0.648615	  4	9.808290	8.130553
 31	0.648615	  5	9.782322	8.130553
 31	0.648615	  6	8.868920	8.130553
 31	0.648615	  7	8.687024	8.130553
 31	0.648615	  8	8.329434	8.130553
 31	0.648615	  9	8.304891	8.130553
 31	0.648615	 10	8.243593	8.130553
 31	0.648615	 11	9.010068	8.130553
 31	0.648615	 12	8.479288	8.130553
 32	0.551322	  1	9.231217	8.130553
 32	0.551322	  2	9.250745	8.130553
 32	0.551322	  3	9.570505	8.130553
 32	0.551322	  4	8.223506	8.130553
 32	0.551322	  5	8.344322	8.130553
 32	0.551322	  6	10.398090	8.130553
 32	0.551322	  7	8.463510	8.130553
 32	0.551322	  8	8.794412	8.130553
 32	0.551322	  9	8.673501	8.130553
 32	0.551322	 10	8.882241	8.130553
 32	0.551322	 11	8.685658	8.130553
 32	0.551322	 12	9.865295	8.130553
 33	0.468624	  1	9.070244	8.130553
 33	0.468624	  2	9.274143	8.130553
 33	0.468624	  3	8.462771	8.130553
 33	0.468624	  4	8.365979	8.130553
 33	0.468624	  5	8.134485	8.130553
 33	0.468624	  6	9.027657	8.130553
 33	0.468624	  7	8.508297	8.130553
 33	0.468624	  8	9.904797	8.130553
 33	0.468624	  9	9.952319	8.130553
 33	0.468624	 10	9.158417	8.130553
 33	0.468624	 11	9.728776	8.130553
 33	0.468624	 12	9.019595	8.130553
 34	0.398330	  1	9.019578	8.130553
 34	0.398330	  2	8.189587	8.130553
 34	0.398330	  3	8.689678	8.130553
 34	0.398330	  4	8.435396	8.120858
 34	0.398330	  5	8.373821	8.120858
 34	0.398330	  6	8.418122	8.120858
 34	0.398330	  7	8.600631	8.120858
 34	0.398330	  8	8.400235	8.120858
 34	0.398330	  9	8.605117	8.120858
 34	0.398330	 10	8.932939	8.120858
 34	0.398330	 11	8.720044	8.120858
 34	0.398330	 12	9.039750	8.120858
 35	0.338581	  1	8.207113	8.120858
 35	0.338581	  2	8.739374	8.120858
 35	0.338581	  3	8.732289	8.120858
 35	0.338581	  4	8.989045	8.120858
 35	0.338581	  5	9.647258	8.120858
 35	0.338581	  6	8.664203	8.120858
 35	0.338581	  7	8.480263	8.120858
 35	0.338581	  8	8.289410	8.120858
 35	0.338581	  9	8.374648	8.120858
 35	0.338581	 10	8.457268	8.120858
 35	0.338581	 11	9.192046	8.120858
 35	0.338581	 12	8.251943	8.120858
 36	0.287794	  1	8.457826	8.120858
 36	0.287794	  2	8.616504	8.120858
 36	0.287794	  3	9.080065	8.120858
 36	0.287794	  4	8.698771	8.120858
 36	0.287794	  5	8.461363	8.120858
 36	0.287794	  6	8.358209	8.120858
 36	0.287794	  7	8.557755	8.120858
 36	0.287794	  8	9.084800	8.120858
 36	0.287794	  9	8.484503	8.120858
 36	0.287794	 10	8.180179	8.120858
 36	0.287794	 11	8.790421	8.120858
 36	0.287794	 12	8.648241	8.120858
 37	0.244625	  1	8.150378	8.120858
 37	0.244625	  2	8.256940	8.120858
 37	0.244625	  3	8.191958	8.120858
 37	0.244625	  4	8.227461	8.120858
 37	0.244625	  5	8.339759	8.120858
 37	0.244625	  6	9.338117	8.120858
 37	0.244625	  7	8.915080	8.120858
 37	0.244625	  8	8.147474	8.120858
 37	0.244625	  9	8.250954	8.120858
 37	0.244625	 10	8.423875	8.120858
 37	0.244625	 11	8.490165	8.120858
 37	0.244625	 12	8.292413	8.120858
 38	0.207931	  1	8.223685	8.120858
 38	0.207931	  2	8.309192	8.120858
 38	0.207931	  3	8.927429	8.120858
 38	0.207931	  4	8.184844	8.120858
 38	0.207931	  5	8.393067	8.120858
 38	0.207931	  6	8.156658	8.120858
 38	0.207931	  7	8.230033	8.120858
 38	0.207931	  8	8.683153	8.120858
 38	0.207931	  9	8.273817	8.120858
 38	0.207931	 10	8.455724	8.120858
 38	0.207931	 11	8.244814	8.120858
 38	0.207931	 12	8.324799	8.120858
 39	0.176741	  1	8.175462	8.120858
 39	0.176741	  2	8.155162	8.120858
 39	0.176741	  3	8.343072	8.120858
 39	0.176741	  4	8.321766	8.120858
 39	0.176741	  5	8.236997	8.120858
 39	0.176741	  6	8.610812	8.120858
 39	0.176741	  7	8.289274	8.120858
 39	0.176741	  8	8.187072	8.120858
 39	0.176741	  9	8.425884	8.120858
 39	0.176741	 10	8.249744	8.120858
 39	0.176741	 11	8.292680	8.120858
 39	0.176741	 12	8.268564	8.120858
 40	0.150230	  1	8.410724	8.120858
 40	0.150230	  2	8.203173	8.120858
 40	0.150230	  3	8.542133	8.120858
 40	0.150230	  4	8.167893	8.120858
 40	0.150230	  5	8.342378	8.120858
 40	0.150230	  6	8.150651	8.120858
 40	0.150230	  7	8.127545	8.120858
 40	0.150230	  8	8.255365	8.120858
 40	0.150230	  9	8.387441	8.120858
 40	0.150230	 10	8.147903	8.120858
 40	0.150230	 11	8.330728	8.120858
 40	0.150230	 12	8.170881	8.120858
 41	0.127696	  1	8.285901	8.120016
 41	0.127696	  2	8.313605	8.120016
 41	0.127696	  3	8.400792	8.120016
 41	0.127696	  4	8.190063	8.120016
 41	0.127696	  5	8.508292	8.120016
 41	0.127696	  6	8.348382	8.120016
 41	0.127696	  7	8.350544	8.120016
 41	0.127696	  8	8.337335	8.120016
 41	0.127696	  9	8.313711	8.120016
 41	0.127696	 10	8.330637	8.120016
 41	0.127696	 11	8.189764	8.120016
 41	0.127696	 12	8.198376	8.120016
 42	0.108541	  1	8.132874	8.120016
 42	0.108541	  2	8.526477	8.120016
 42	0.108541	  3	8.414365	8.120016
 42	0.108541	  4	8.124041	8.120016
 42	0.108541	  5	8.185908	8.120016
 42	0.108541	  6	8.243228	8.120016
 42	0.108541	  7	8.284447	8.120016
 42	0.108541	  8	8.248433	8.120016
 42	0.108541	  9	8.201989	8.120016
 42	0.108541	 10	8.241141	8.120016
 42	0.108541	 11	8.475066	8.120016
 42	0.108541	 12	8.552281	8.120016
 43	0.092260	  1	8.405811	8.120016
 43	0.092260	  2	8.276630	8.120016
 43	0.092260	  3	8.172457	8.120016
 43	0.092260	  4	8.176985	8.120016
 43	0.092260	  5	8.129875	8.120016
 43	0.092260	  6	8.273022	8.120016
 43	0.092260	  7	8.211291	8.120016
 43	0.092260	  8	8.137223	8.120016
 43	0.092260	  9	8.178159	8.120016
 43	0.092260	 10	8.197087	8.120016
 43	0.092260	 11	8.256042	8.120016
 43	0.092260	 12	8.327682	8.120016
 44	0.078421	  1	8.265866	8.120016
 44	0.078421	  2	8.308751	8.120016
 44	0.078421	  3	8.232902	8.120016
 44	0.078421	  4	8.238776	8.120016
 44	0.078421	  5	8.212121	8.120016
 44	0.078421	  6	8.214472	8.120016
 44	0.078421	  7	8.177882	8.120016
 44	0.078421	  8	8.141122	8.120016
 44	0.078421	  9	8.293498	8.120016
 44	0.078421	 10	8.219667	8.120016
 44	0.078421	 11	8.335493	8.120016
 44	0.078421	 12	8.226294	8.120016
 45	0.066658	  1	8.156585	8.120016
 45	0.066658	  2	8.160060	8.120016
 45	0.066658	  3	8.264952	8.120016
 45	0.066658	  4	8.233315	8.120016
 45	0.066658	  5	8.213790	8.119670
 45	0.066658	  6	8.184217	8.119670
 45	0.066658	  7	8.263845	8.119670
 45	0.066658	  8	8.126712	8.119670
 45	0.066658	  9	8.238352	8.119670
 45	0.066658	 10	8.194082	8.119670
 45	0.066658	 11	8.179007	8.119670
 45	0.066658	 12	8.260291	8.119670
 46	0.056659	  1	8.216532	8.119670
 46	0.056659	  2	8.152342	8.119670
 46	0.056659	  3	8.413809	8.119670
 46	0.056659	  4	8.279800	8.119670
 46	0.056659	  5	8.219341	8.119670
 46	0.056659	  6	8.211774	8.119670
 46	0.056659	  7	8.198101	8.119670
 46	0.056659	  8	8.179832	8.119670
 46	0.056659	  9	8.237471	8.119573
 46	0.056659	 10	8.173674	8.119573
 46	0.056659	 11	8.262620	8.119573
 46	0.056659	 12	8.314144	8.119573
 47	0.048160	  1	8.239331	8.119573
 47	0.048160	  2	8.229992	8.119573
 47	0.048160	  3	8.192815	8.119573
 47	0.048160	  4	8.135522	8.119573
 47	0.048160	  5	8.285606	8.119573
 47	0.048160	  6	8.194091	8.119573
 47	0.048160	  7	8.191083	8.119573
 47	0.048160	  8	8.132245	8.119573
 47	0.048160	  9	8.202994	8.119573
 47	0.048160	 10	8.126465	8.119573
 47	0.048160	 11	8.152850	8.119573
 47	0.048160	 12	8.253670	8.119573
 48	0.040936	  1	8.182407	8.119573
 48	0.040936	  2	8.294529	8.119573
 48	0.040936	  3	8.157286	8.119573
 48	0.040936	  4	8.147397	8.119573
 48	0.040936	  5	8.153425	8.117917
 48	0.040936	  6	8.186897	8.117917
 48	0.040936	  7	8.195985	8.117917
 48	0.040936	  8	8.164849	8.117917
 48	0.040936	  9	8.187023	8.117917
 48	0.040936	 10	8.165969	8.117917
 48	0.040936	 11	8.259612	8.117917
 48	0.040936	 12	8.167272	8.117917
 49	0.034796	  1	8.165544	8.117917
 49	0.034796	  2	8.217726	8.117917
 49	0.034796	  3	8.139929	8.117917
 49	0.034796	  4	8.133368	8.117917
 49	0.034796	  5	8.129676	8.117226
 49	0.034796	  6	8.134392	8.117226
 49	0.034796	  7	8.161145	8.117226
 49	0.034796	  8	8.223298	8.117226
 49	0.034796	  9	8.175910	8.117226
 49	0.034796	 10	8.157361	8.117226
 49	0.034796	 11	8.151260	8.117226
 49	0.034796	 12	8.311648	8.117226
 50	0.029576	  1	8.214162	8.117226
 50	0.029576	  2	8.128309	8.117226
 50	0.029576	  3	8.134481	8.117226
 50	0.029576	  4	8.142903	8.117226
 50	0.029576	  5	8.234479	8.117226
 50	0.029576	  6	8.203705	8.117226
 50	0.029576	  7	8.178337	8.117226
 50	0.029576	  8	8.261570	8.117226
 50	0.029576	  9	8.161626	8.117226
 50	0.029576	 10	8.131872	8.117226
 50	0.029576	 11	8.198879	8.117226
 50	0.029576	 12	8.165262	8.117226
 51	0.025140	  1	8.143983	8.117226
 51	0.025140	  2	8.139521	8.117226
 51	0.025140	  3	8.147966	8.116549
 51	0.025140	  4	8.121140	8.116549
 51	0.025140	  5	8.138611	8.116549
 51	0.025140	  6	8.156015	8.116549
 51	0.025140	  7	8.140102	8.116549
 51	0.025140	  8	8.170994	8.116549
 51	0.025140	  9	8.205137	8.116549
 51	0.025140	 10	8.146397	8.116549
 51	0.025140	 11	8.160611	8.116549
 51	0.025140	 12	8.165212	8.116549
 52	0.021369	  1	8.163480	8.116549
 52	0.021369	  2	8.140886	8.116549
 52	0.021369	  3	8.161606	8.116549
 52	0.021369	  4	8.134254	8.116549
 52	0.021369	  5	8.161869	8.116549
 52	0.021369	  6	8.160866	8.116549
 52	0.021369	  7	8.133726	8.116549
 52	0.021369	  8	8.123889	8.116549
 52	0.021369	  9	8.195240	8.116549
 52	0.021369	 10	8.145582	8.116549
 52	0.021369	 11	8.165604	8.116549
 52	0.021369	 12	8.160619	8.116549
 53	0.018164	  1	8.124604	8.116549
 53	0.018164	  2	8.142600	8.116549
 53	0.018164	  3	8.125481	8.116549
 53	0.018164	  4	8.131004	8.116549
 53	0.018164	  5	8.129439	8.116549
 53	0.018164	  6	8.135258	8.116549
 53	0.018164	  7	8.149490	8.116549
 53	0.018164	  8	8.164902	8.116549
 53	0.018164	  9	8.127713	8.116549
 53	0.018164	 10	8.119305	8.116549
 53	0.018164	 11	8.118911	8.116549
 53	0.018164	 12	8.191790	8.116549
 54	0.015439	  1	8.145402	8.116549
 54	0.015439	  2	8.140520	8.116549
 54	0.015439	  3	8.153680	8.116549
 54	0.015439	  4	8.139014	8.116549
 54	0.015439	  5	8.142256	8.116549
 54	0.015439	  6	8.146110	8.116549
 54	0.015439	  7	8.120938	8.116549
 54	0.015439	  8	8.149142	8.116549
 54	0.015439	  9	8.121945	8.116549
 54	0.015439	 10	8.120406	8.116549
 54	0.015439	 11	8.179538	8.116549
 54	0.015439	 12	8.150623	8.116549
 55	0.013123	  1	8.155785	8.116549
 55	0.013123	  2	8.146284	8.116549
 55	0.013123	  3	8.131043	8.116549
 55	0.013123	  4	8.145489	8.116549
 55	0.013123	  5	8.131710	8.116549
 55	0.013123	  6	8.137178	8.116549
 55	0.013123	  7	8.127179	8.116549
 55	0.013123	  8	8.121750	8.116549
 55	0.013123	  9	8.123465	8.116549
 55	0.013123	 10	8.132249	8.116549
 55	0.013123	 11	8.139088	8.116549
 55	0.013123	 12	8.161919	8.116549
 56	0.011155	  1	8.136230	8.116549
 56	0.011155	  2	8.173779	8.116049
 56	0.011155	  3	8.138510	8.116049
 56	0.011155	  4	8.124662	8.116049
 56	0.011155	  5	8.125295	8.116049
 56	0.011155	  6	8.145108	8.116049
 56	0.011155	  7	8.163666	8.116049
 56	0.011155	  8	8.125125	8.116049
 56	0.011155	  9	8.151325	8.116049
 56	0.011155	 10	8.146468	8.116049
 56	0.011155	 11	8.134314	8.116049
 56	0.011155	 12	8.125978	8.116049
 57	0.009482	  1	8.131593	8.116049
 57	0.009482	  2	8.180398	8.116049
 57	0.009482	  3	8.135682	8.116049
 57	0.009482	  4	8.125678	8.116049
 57	0.009482	  5	8.118525	8.116049
 57	0.009482	  6	8.134804	8.116049
 57	0.009482	  7	8.127208	8.116049
 57	0.009482	  8	8.121953	8.116049
 57	0.009482	  9	8.130863	8.116049
 57	0.009482	 10	8.122509	8.116049
 57	0.009482	 11	8.124731	8.116049
 57	0.009482	 12	8.129940	8.116049
 58	0.008059	  1	8.142163	8.116049
 58	0.008059	  2	8.125370	8.116049
 58	0.008059	  3	8.124978	8.116049
 58	0.008059	  4	8.118299	8.116049
 58	0.008059	  5	8.185299	8.116049
 58	0.008059	  6	8.126007	8.116049
 58	0.008059	  7	8.127480	8.116049
 58	0.008059	  8	8.128012	8.116049
 58	0.008059	  9	8.134451	8.116049
 58	0.008059	 10	8.133353	8.116049
 58	0.008059	 11	8.131973	8.116049
 58	0.008059	 12	8.132416	8.116049
 59	0.006850	  1	8.147022	8.116049
 59	0.006850	  2	8.121932	8.116049
 59	0.006850	  3	8.133090	8.116049
 59	0.006850	  4	8.129689	8.116049
 59	0.006850	  5	8.130024	8.116049
 59	0.006850	  6	8.121394	8.116049
 59	0.006850	  7	8.130403	8.116049
 59	0.006850	  8	8.127969	8.116049
 59	0.006850	  9	8.127914	8.116049
 59	0.006850	 10	8.124902	8.116049
 59	0.006850	 11	8.118946	8.116049
 59	0.006850	 12	8.126595	8.116049
 60	0.005823	  1	8.137095	8.116049
 60	0.005823	  2	8.124947	8.116049
 60	0.005823	  3	8.129869	8.116049
 60	0.005823	  4	8.121365	8.116049
 60	0.005823	  5	8.126604	8.116049
 60	0.005823	  6	8.133528	8.116049
 60	0.005823	  7	8.144575	8.116049
 60	0.005823	  8	8.121067	8.116049
 60	0.005823	  9	8.125803	8.116049
 60	0.005823	 10	8.128991	8.116049
 60	0.005823	 11	8.132207	8.116049
 60	0.005823	 12	8.119243	8.116049
 61	0.004949	  1	8.132884	8.116049
 61	0.004949	  2	8.116640	8.116049
 61	0.004949	  3	8.119756	8.116049
 61	0.004949	  4	8.117373	8.116049
 61	0.004949	  5	8.132948	8.116049
 61	0.004949	  6	8.126211	8.116049
 61	0.004949	  7	8.124849	8.116049
 61	0.004949	  8	8.120914	8.116049
 61	0.004949	  9	8.125185	8.116049
 61	0.004949	 10	8.121645	8.116049
 61	0.004949	 11	8.120498	8.116049
 61	0.004949	 12	8.123510	8.116049
 62	0.004207	  1	8.121362	8.115834
 62	0.004207	  2	8.117031	8.115760
 62	0.004207	  3	8.118134	8.115760
 62	0.004207	  4	8.120727	8.115760
 62	0.004207	  5	8.119332	8.115760
 62	0.004207	  6	8.121359	8.115760
 62	0.004207	  7	8.122186	8.115760
 62	0.004207	  8	8.130017	8.115760
 62	0.004207	  9	8.124466	8.115760
 62	0.004207	 10	8.123732	8.115760
 62	0.004207	 11	8.122200	8.115760
 62	0.004207	 12	8.116321	8.115760
 63	0.003576	  1	8.119858	8.115760
 63	0.003576	  2	8.117039	8.115760
 63	0.003576	  3	8.122435	8.115760
 63	0.003576	  4	8.124315	8.115760
 63	0.003576	  5	8.119327	8.115760
 63	0.003576	  6	8.120404	8.115760
 63	0.003576	  7	8.121992	8.115760
 63	0.003576	  8	8.122571	8.115760
 63	0.003576	  9	8.118660	8.115760
 63	0.003576	 10	8.120849	8.115760
 63	0.003576	 11	8.122137	8.115760
 63	0.003576	 12	8.119440	8.115760
Finished annealing, starting powell minimization ...

Starting powell minimization ...
loops		error_sum	force calculations
    0	         8.115760	 61442
    4	         8.115758	 61480
    4	         8.115746	 61517
    4	         8.115740	 61573
    4	         8.115739	 61610
    4	         8.115735	 61648
    4	         8.115734	 61686
   27	         8.115508	 61900
    4	         8.115507	 61938
    8	         8.115502	 62004
    5	         8.115499	 62047
    5	         8.115498	 62091
    4	         8.115498	 62129
    4	         8.115497	 62165
    4	         8.115497	 62205
    6	         8.115492	 62255
    5	         8.115490	 62298
    4	         8.115489	 62334
    4	         8.115489	 62373
    5	         8.115489	 62417
    4	         8.115489	 62455
    4	         8.115488	 62491
    4	         8.115488	 62529
    4	         8.115488	 62564
    4	         8.115488	 62602
Precision reached: 2.98492e-09

Finished powell minimization, calculating errors ...
0.633645 2.3557 2.54697 8.11549
0.617202 2.35542 2.56395 32.2967 1 1
0.630092 2.35738 2.55858 17.7465 1 1
0.653462 2.35033 2.53969 21.4243 1 1
0.618226 2.35722 2.54362 15.8623 1 1
0.646421 2.37447 2.53648 13.7889
0.645408 2.3662 2.53363 17.7374 1 0
0.642273 2.35718 2.53656 15.2445 1 0
0.632554 2.3687 2.53306 16.7344 1 0
0.636888 2.36222 2.5328 17.9638 1 0
0.62342 2.34484 2.53326 26.2075 1 1
0.648897 2.38441 2.54177 12.8306 2 0
0.65964 2.34679 2.56017 40.8891 1 1
0.636157 2.391 2.54226 8.57232 2 0
0.632531 2.38503 2.5331 13.8338 1 1
0.633537 2.38928 2.54405 9.07937 2 0
0.634247 2.37119 2.55472 15.726 1 1
0.631182 2.38782 2.56132 37.3997 1 1
0.647594 2.39725 2.54195 12.2831 3 0
0.666039 2.39923 2.5448 35.6009 1 1
0.651989 2.39272 2.53244 17.1856 1 1
0.630315 2.39705 2.54463 10.872 3 0
0.643249 2.38391 2.52901 18.764 1 1
0.634232 2.3964 2.54564 10.7732 2 0
0.639483 2.38332 2.54015 8.82419 1 0
0.638388 2.37847 2.54241 8.47769 1 0
0.64096 2.3775 2.53257 15.14 1 0
0.660077 2.37839 2.51806 51.3558 1 1
0.641033 2.38377 2.53431 12.2483 2 0
0.643698 2.38911 2.53524 11.4784 1 0
0.642917 2.39657 2.55031 18.2404 1 1
0.625289 2.40291 2.54891 18.0354 1 1
0.632046 2.38646 2.53157 15.5761 1 1
0.65855 2.39215 2.51234 57.3916 1 1
0.643355 2.39739 2.54474 11.8669 5 0
0.662327 2.3959 2.54616 31.1164 1 1
0.660929 2.3896 2.54909 32.2366 1 1
0.678331 2.40166 2.54713 64.0992 1 1
0.655398 2.38448 2.53928 18.2713 1 1
0.645698 2.40477 2.54205 11.8414 5 0
0.664726 2.40489 2.53555 27.9038 1 1
0.656533 2.39733 2.53578 18.7353 1 1
0.645208 2.42803 2.54342 16.8599 1 1
0.655648 2.41532 2.52825 19.3404 4 0
0.656344 2.41942 2.54761 30.8297 1 1
0.652941 2.4161 2.518 31.4489 1 1
0.656319 2.40486 2.52626 24.0335 1 1
0.646273 2.42865 2.53279 10.7377 4 0
0.657982 2.40373 2.53876 20.0572 1 1
0.637056 2.41552 2.53542 9.21556 2 0
0.636414 2.41735 2.52989 12.173 1 1
0.633858 2.41544 2.53777 9.58191 2 0
0.657988 2.42213 2.54949 38.0856 1 1
0.633818 2.4077 2.53595 9.63252 2 0
0.639518 2.41054 2.53437 9.53329 1 0
0.645408 2.4022 2.53788 10.3626 1 0
0.651835 2.4007 2.54296 16.212 1 1
0.642754 2.40074 2.54898 17.1599 1 1
0.646083 2.41492 2.56002 56.3399 1 1
0.659531 2.41229 2.53195 21.2558 1 1
0.635202 2.42037 2.52466 18.137 5 0
0.647884 2.40577 2.50511 67.0825 1 1
0.637334 2.42219 2.52031 24.1214 2 0
0.629731 2.41718 2.52844 16.323 1 0
0.606016 2.43421 2.54037 39.7438 1 1
0.619308 2.43096 2.52884 24.1273 2 0
0.628591 2.42557 2.53133 13.8953 1 0
0.62021 2.42808 2.53747 18.9492 1 1
0.637994 2.40871 2.52947 13.2761 2 0
0.635175 2.4092 2.53267 10.9347 1 0
0.645852 2.40272 2.54266 12.1125 1 0
0.643254 2.40687 2.53927 9.79561 1 0
0.653269 2.41056 2.54618 22.6751 1 1
0.65143 2.41128 2.535 13.5838 2 0
0.651242 2.41594 2.52796 16.5279 1 0
0.656776 2.42724 2.52565 20.3445 1 1
0.651815 2.4204 2.5183 29.0314 1 1
0.655399 2.41765 2.52423 22.7235 3 0
0.649904 2.41529 2.52644 17.4729 1 0
0.64489 2.41666 2.52449 18.0626 1 0
0.665085 2.41896 2.51292 49.9783 1 1
0.652126 2.39917 2.52757 20.7888 2 0
0.654153 2.40373 2.53329 16.7021 1 0
0.656369 2.41426 2.54898 32.1571 1 1
0.661271 2.40437 2.5224 33.983 1 1
0.644314 2.41326 2.51882 28.373 1 1
0.661318 2.3966 2.53285 25.1892 1 1
0.656381 2.40675 2.51663 39.4615 1 1
0.680641 2.40201 2.54827 72.056 1 1
0.663373 2.40318 2.53994 27.3851 1 1
0.648191 2.42134 2.54169 15.0024 8 0
0.64682 2.40941 2.53838 11.1084 1 0
0.648577 2.39817 2.55651 36.6433 1 1
0.637292 2.41564 2.54595 15.0763 1 1
0.633235 2.41013 2.53603 9.75628 3 0
0.631337 2.40817 2.51819 34.917 1 1
0.619961 2.39532 2.52117 41.5417 1 1
0.630607 2.41063 2.5388 10.3296 3 0
0.641734 2.39844 2.53678 9.48816 1 0
0.64906 2.39558 2.56434 63.6448 1 1
0.644387 2.40234 2.53299 11.6342 2 0
0.64247 2.409 2.52425 19.8012 1 1
0.650442 2.41215 2.55387 37.3094 1 1
0.654262 2.3963 2.53222 18.4762 1 1
0.647722 2.42159 2.53833 12.1992 4 0
0.649545 2.4396 2.54671 29.4082 1 1
0.653289 2.43363 2.52444 18.0328 1 1
0.643296 2.42039 2.53665 9.82979 3 0
0.654031 2.41458 2.52077 27.5741 1 1
0.652391 2.42886 2.53582 14.3877 2 0
0.658468 2.41815 2.55539 54.7334 1 1
0.661137 2.44883 2.53777 26.7008 2 0
0.677209 2.46559 2.54574 79.6964 1 1
0.65773 2.45084 2.53791 23.4815 2 0
0.656879 2.45631 2.54533 39.6946 1 0
0.657423 2.45956 2.54142 31.7262 1 0
0.65383 2.45991 2.54359 33.4158 1 1
0.662044 2.44263 2.55221 62.44 1 1
0.662095 2.46534 2.5533 83.0438 1 1
0.661409 2.45825 2.54805 55.089 1 1
0.649913 2.46574 2.53794 20.7357 5 0
0.636393 2.46248 2.53487 13.6556 1 0
0.638797 2.47028 2.53243 12.9868 1 0
0.639636 2.47747 2.54787 47.2389 1 1
0.625126 2.47041 2.53725 23.0116 1 1
0.643969 2.47515 2.51314 24.2786 1 1
0.6491 2.46568 2.52224 14.3619 1 1
0.63964 2.47109 2.52748 11.7215 5 0
0.660254 2.47366 2.53035 21.3341 1 1
0.650459 2.46556 2.51431 24.1141 1 1
0.633281 2.46179 2.50868 42.1573 1 1
0.655704 2.47542 2.52071 17.2422 4 0
0.652243 2.46133 2.49623 70.9909 1 1
0.651338 2.47777 2.5263 13.5717 2 0
0.651957 2.47702 2.52397 13.9699 1 0
0.663096 2.47034 2.51979 23.8332 1 1
0.630107 2.4846 2.5298 17.282 2 0
0.620264 2.48905 2.54391 47.1882 1 1
0.63392 2.48443 2.51642 22.2929 2 0
0.640721 2.48315 2.53698 21.2824 1 0
0.643114 2.48064 2.52834 12.3296 1 0
0.652491 2.49787 2.51838 15.8885 1 0
0.646761 2.49882 2.51944 14.3277 1 0
0.655888 2.49091 2.52863 18.4478 1 0
0.659155 2.4996 2.53754 39.4283 1 1
0.648039 2.50744 2.5341 26.0405 1 1
0.657609 2.5023 2.53536 33.3965 1 1
0.652593 2.47707 2.53998 30.3335 1 1
0.664565 2.49509 2.52794 26.4196 1 1
0.647062 2.47721 2.54291 34.2415 1 1
0.656532 2.47371 2.53102 18.5619 7 0
0.651944 2.4559 2.53711 18.5024 1 0
0.657652 2.4693 2.54269 38.8829 1 1
0.648645 2.45334 2.53496 13.9616 2 0
0.642629 2.45081 2.52626 11.8364 1 0
0.644255 2.45657 2.52323 13.6757 1 0
0.637574 2.4473 2.53919 14.387 1 0
0.65862 2.44903 2.53105 18.55 1 1
0.647564 2.46285 2.53986 21.8727 1 1
0.631031 2.44404 2.52912 13.5834 3 0
0.646779 2.45007 2.53267 11.5898 1 0
0.639586 2.44927 2.52393 14.0816 1 1
0.646627 2.44183 2.53693 12.9986 1 1
0.646105 2.45432 2.50733 41.6728 1 1
0.663482 2.4609 2.53631 29.8317 1 1
0.654114 2.46424 2.53801 23.4234 1 1
0.652092 2.46618 2.53753 21.6013 1 1
0.65643 2.46551 2.54381 38.9961 1 1
0.644181 2.45854 2.54135 21.7744 1 1
0.650306 2.44637 2.5429 24.0928 1 1
0.644627 2.44412 2.52854 11.1115 10 0
0.630169 2.43866 2.51562 33.8183 1 1
0.66181 2.43191 2.53894 26.3739 1 1
0.631609 2.45338 2.52382 17.1807 1 1
0.648085 2.45026 2.53981 18.5424 1 1
0.646834 2.44689 2.5182 21.2924 5 0
0.646701 2.43435 2.52546 14.3526 1 0
0.652319 2.42653 2.5175 28.9066 1 0
0.62502 2.43187 2.50521 69.3215 1 1
0.660052 2.4241 2.52067 29.4872 2 0
0.647051 2.41308 2.52879 14.3503 1 0
0.662744 2.40422 2.52625 30.5801 1 1
0.655549 2.40081 2.51272 50.3846 1 1
0.642983 2.40743 2.52823 14.8518 3 0
0.638202 2.4013 2.53099 12.7132 1 0
0.6241 2.41033 2.5325 16.7796 1 1
0.626617 2.40483 2.51542 46.3146 1 1
0.639093 2.37278 2.54104 9.02839 3 0
0.634145 2.36286 2.53965 10.4133 1 0
0.621823 2.35679 2.53237 26.1102 1 1
0.650159 2.37183 2.54488 14.6549 1 1
0.641787 2.36675 2.55089 12.4627 1 1
0.620729 2.35968 2.53094 28.9681 1 1
0.627162 2.36257 2.52358 38.9198 1 1
0.6284 2.35005 2.54479 9.56371 6 0
0.637371 2.3651 2.54685 8.59314 1 0
0.636934 2.36129 2.56426 33.3337 1 1
0.641834 2.34989 2.52894 28.8507 1 1
0.636576 2.33997 2.53575 19.4258 1 1
0.641422 2.38412 2.55381 20.022 4 0
0.628288 2.38907 2.55522 22.7531 1 1
0.641026 2.371 2.53675 12.1084 2 0
0.646704 2.36675 2.53644 15.3474 1 0
0.642102 2.37508 2.55116 14.1866 1 0
0.663454 2.39027 2.55009 37.8755 1 1
0.636447 2.37552 2.5548 17.4306 1 1
0.6371 2.36557 2.55743 19.1985 1 1
0.642111 2.38369 2.5544 21.3239 1 1
0.636534 2.37764 2.54648 9.07966 5 0
0.6356 2.37848 2.53949 9.02246 1 0
0.626702 2.36657 2.52634 31.7212 1 1
0.618606 2.37642 2.53745 19.2302 1 1
0.646938 2.38296 2.5485 15.3816 3 0
0.65061 2.38454 2.54491 15.3653 1 0
0.63518 2.38527 2.54214 8.36403 1 0
0.647003 2.3904 2.526 22.6771 1 1
0.63819 2.39396 2.54963 14.8783 1 1
0.636887 2.38113 2.53766 9.74263 3 0
0.631075 2.36473 2.54227 9.17168 1 0
0.629586 2.3622 2.54156 10.0776 1 0
0.6127 2.36065 2.53642 28.5908 1 1
0.623083 2.37008 2.53775 15.6611 2 0
0.630973 2.38427 2.54167 9.0197 1 0
0.64778 2.37173 2.54836 14.5867 1 0
0.649001 2.37142 2.54142 13.5346 1 0
0.63721 2.36494 2.55122 10.8955 1 0
0.639042 2.35954 2.55378 13.1127 1 0
0.637751 2.35324 2.54774 8.64741 1 0
0.647168 2.36289 2.56764 52.6984 1 1
0.628937 2.35675 2.5589 18.1681 1 1
0.626806 2.35001 2.53415 21.4176 1 1
0.632861 2.35905 2.54368 8.64475 4 0
0.618469 2.37294 2.54251 16.07 1 1
0.617183 2.36788 2.55104 17.6102 2 0
0.622433 2.38246 2.5591 30.4943 1 1
0.61173 2.34997 2.54497 21.9832 2 0
0.6088 2.36065 2.54413 26.2952 1 0
0.607024 2.35017 2.55551 28.2653 1 0
0.604955 2.35032 2.55606 31.5903 1 0
0.623626 2.35047 2.54995 10.6683 1 0
0.62119 2.35535 2.55898 20.3079 1 1
0.603307 2.37005 2.54689 34.5084 1 1
0.624484 2.3523 2.54305 12.0133 3 0
0.631325 2.37204 2.53856 10.7282 1 0
0.632643 2.37802 2.53464 13.1497 1 0
0.623656 2.36142 2.53195 24.3912 1 1
0.641884 2.38985 2.54225 9.43482 2 0
0.634317 2.37118 2.53393 14.7452 1 1
0.651089 2.39472 2.55431 31.792 1 1
0.637216 2.37767 2.5486 10.5034 1 1
0.648808 2.39645 2.54221 13.1423 1 1
0.649292 2.39416 2.53756 12.74 1 1
0.642158 2.37972 2.52462 27.1086 1 1
0.653719 2.38226 2.54409 17.6703 1 1
0.638889 2.38185 2.56724 57.4967 1 1
0.643938 2.38828 2.52191 29.9308 1 1
0.657949 2.39522 2.55755 49.3136 1 1
0.652371 2.39639 2.55291 30.4577 1 1
0.666321 2.40209 2.55004 45.438 1 1
0.652634 2.39104 2.53486 16.3586 1 1
0.637677 2.40862 2.5504 20.2955 1 1
0.644194 2.38676 2.54237 10.2591 15 0
0.65533 2.3944 2.54814 24.4573 1 1
0.658294 2.38457 2.5559 40.7276 1 1
0.644642 2.37005 2.53196 18.5776 1 1
0.65289 2.38009 2.54162 16.1699 1 1
0.633996 2.38516 2.53654 10.3726 5 0
0.630554 2.39731 2.53902 9.77305 1 0
0.621614 2.40021 2.51404 56.708 1 1
0.630265 2.39722 2.53418 12.3016 2 0
0.619184 2.38005 2.54038 16.4163 1 0
0.622763 2.36312 2.54931 12.0604 1 0
0.595503 2.35558 2.55086 46.9662 1 1
0.617229 2.35968 2.54325 16.9239 1 1
0.625041 2.37623 2.54772 11.7456 3 0
0.605825 2.38982 2.5433 33.0145 1 1
0.634374 2.36461 2.55985 22.9752 1 1
0.619173 2.38649 2.54953 18.5656 1 1
0.624059 2.36864 2.53475 18.5411 1 1
0.623905 2.37573 2.54164 12.1926 5 0
0.618649 2.37433 2.52893 31.5424 1 1
0.622349 2.38618 2.54429 13.4206 1 1
0.638965 2.36311 2.54051 10.0844 3 0
0.647599 2.33917 2.53328 27.5716 1 1
0.635647 2.37474 2.52327 31.8929 1 1
0.631775 2.37089 2.53577 13.2466 1 1
0.644505 2.36907 2.52016 41.1213 1 1
0.620774 2.36194 2.56335 31.8712 1 1
0.63322 2.35902 2.5352 15.7177 6 0
0.624647 2.3479 2.53495 21.8149 1 1
0.614385 2.34821 2.52803 44.7534 1 1
0.639999 2.37143 2.53487 13.6017 3 0
0.633964 2.38736 2.52266 29.7623 1 0
0.627474 2.38634 2.51105 64.7063 1 1
0.621087 2.38467 2.51604 56.6603 1 1
0.64371 2.37962 2.52817 21.2336 3 0
0.637723 2.384 2.53514 11.2219 1 0
0.629587 2.37644 2.53835 11.0588 1 0
0.625254 2.36225 2.54517 10.3872 1 0
0.637437 2.35676 2.54127 10.1263 1 0
0.63494 2.36517 2.53884 10.6872 1 1
0.648296 2.35205 2.53483 21.5975 1 1
0.628388 2.3508 2.54582 9.14033 3 0
0.617424 2.36058 2.55152 16.4532 1 1
0.637201 2.36569 2.55767 19.7197 1 1
0.633507 2.34365 2.54743 8.33836 3 0
0.62474 2.32741 2.53161 33.8965 1 1
0.628007 2.35137 2.52966 28.6006 1 1
0.637376 2.33985 2.54958 8.86298 3 0
0.64895 2.35578 2.55159 16.8197 1 1
0.640297 2.32452 2.54705 12.0403 2 0
0.639021 2.33012 2.55032 9.81693 1 0
0.646131 2.32975 2.54516 15.6638 1 1
0.647427 2.3253 2.54956 15.651 1 1
0.617084 2.32936 2.56271 20.3396 1 1
0.64035 2.31394 2.5539 11.3775 1 1
0.643428 2.34505 2.54572 11.4709 5 0
0.651421 2.34495 2.55844 26.0396 1 1
0.649979 2.33654 2.54729 16.9539 1 1
0.639019 2.34221 2.53679 17.6833 3 0
0.645683 2.33339 2.53719 22.4385 1 1
0.652512 2.35447 2.52988 31.2114 1 1
0.653019 2.33288 2.55388 21.7975 1 1
0.637632 2.35661 2.56021 21.7957 4 0
0.652493 2.35528 2.5567 26.5934 1 0
0.641487 2.36469 2.56279 33.2149 1 1
0.652658 2.33912 2.55464 22.1155 2 0
0.64755 2.34916 2.565 37.2773 1 1
0.63345 2.34277 2.5424 10.9891 2 0
0.631142 2.34984 2.54917 8.29396 1 0
0.644511 2.35762 2.55456 16.6085 1 1
0.631459 2.35053 2.52929 28.2251 1 1
0.624411 2.3621 2.55384 14.0472 1 1
0.625638 2.35633 2.5641 29.3393 1 1
0.632355 2.34373 2.56246 20.4313 1 1
0.629384 2.38438 2.56293 40.5224 1 1
0.631916 2.34001 2.54901 8.22832 7 0
0.627224 2.33767 2.54762 9.4279 1 0
0.626198 2.33643 2.55169 9.17549 1 0
0.619486 2.3388 2.54346 16.1538 1 1
0.622874 2.34616 2.55646 13.985 1 1
0.623012 2.36145 2.54958 11.8345 1 1
0.618957 2.34099 2.55856 17.1074 1 1
0.645651 2.329 2.54854 13.9812 1 1
0.623649 2.3415 2.55035 10.2645 6 0
0.602272 2.3438 2.55125 32.9747 1 1
0.614069 2.33507 2.55203 16.8444 2 0
0.619576 2.33565 2.52265 57.2304 1 1
0.612433 2.32273 2.54957 19.1191 2 0
0.615472 2.30484 2.56325 16.3833 1 0
0.606339 2.32107 2.55842 25.3138 1 0
0.617612 2.32374 2.5575 14.1073 1 0
0.613252 2.33252 2.55022 17.8661 1 0
0.624287 2.33124 2.54531 12.4478 1 0
0.631792 2.33329 2.55075 8.253 1 0
0.614307 2.334 2.56066 21.1639 1 1
0.636015 2.34524 2.55898 15.8086 1 1
0.639267 2.33766 2.56484 25.6973 1 1
0.628518 2.3347 2.54396 11.5777 4 0
0.619987 2.32685 2.55819 13.4516 1 1
0.627987 2.3471 2.54159 12.1108 2 0
0.607326 2.36313 2.53863 33.1152 1 1
0.631529 2.34744 2.53964 13.0011 2 0
0.639321 2.35208 2.53076 24.263 1 1
0.622875 2.36055 2.52695 34.9491 1 1
0.642612 2.37579 2.54607 10.4094 3 0
0.631496 2.36105 2.54644 8.30177 1 0
0.624337 2.36405 2.53261 22.2686 1 1
0.623603 2.34977 2.54921 10.5733 2 0
0.624881 2.33121 2.54265 14.6642 1 0
0.607485 2.34594 2.54915 25.5945 1 1
0.627537 2.31641 2.53259 34.4009 1 1
0.620296 2.34926 2.53714 21.3539 3 0
0.612073 2.36051 2.54401 22.08 1 0
0.602024 2.35849 2.54679 35.611 1 1
0.609914 2.35919 2.53259 38.7474 1 1
0.625004 2.36251 2.5434 11.0487 3 0
0.629665 2.35495 2.5484 8.58046 1 0
0.648836 2.35525 2.53139 25.824 1 1
0.63002 2.35424 2.55806 16.0248 1 1
0.637104 2.34341 2.55197 9.35297 3 0
0.646642 2.34799 2.54826 13.1839 1 1
0.641564 2.34267 2.5501 10.4898 1 1
0.620323 2.33997 2.5533 12.4608 1 1
0.634209 2.33152 2.55896 12.5033 1 1
0.623037 2.34763 2.54806 10.8843 5 0
0.624448 2.3499 2.52639 38.3118 1 1
0.623156 2.35018 2.55753 15.8996 1 1
0.62569 2.35898 2.53756 15.5622 3 0
0.628233 2.34803 2.53453 20.6264 1 1
0.628371 2.34897 2.54003 13.1881 2 0
0.61329 2.34489 2.53519 32.3259 1 1
0.616971 2.35165 2.53325 30.1918 1 1
0.626511 2.34843 2.55981 17.4977 1 1
0.629881 2.33696 2.54644 9.37734 4 0
0.626765 2.34244 2.53987 15.0395 1 1
0.629234 2.33316 2.54911 8.71218 2 0
0.637406 2.32543 2.56291 17.4763 1 1
0.604795 2.33253 2.54908 29.0028 2 0
0.604355 2.33052 2.57585 64.0817 1 1
0.6074 2.34095 2.55581 26.0876 2 0
0.605764 2.35543 2.57201 66.8019 1 1
0.622337 2.34229 2.53831 19.4656 2 0
0.606289 2.33981 2.52817 58.3542 1 1
0.617926 2.34334 2.5453 15.6362 2 0
0.62553 2.353 2.54607 10.0672 1 0
0.630974 2.34984 2.54935 8.33602 1 0
0.629335 2.34539 2.56379 23.5229 1 1
0.645395 2.33459 2.5466 13.6492 2 0
0.650043 2.32246 2.54166 23.6869 1 1
0.65266 2.32504 2.53837 29.3649 1 1
0.646347 2.34293 2.54975 13.4157 3 0
0.644929 2.34537 2.53385 23.0456 1 0
0.642766 2.36259 2.52672 28.8899 1 1
0.658521 2.36029 2.53742 26.4003 2 0
0.685055 2.37297 2.5492 81.7693 1 1
0.667145 2.34057 2.52815 58.2945 1 1
0.652717 2.34799 2.55095 19.7943 3 0
0.658704 2.3573 2.55985 41.6557 1 1
0.652004 2.35038 2.56054 31.9003 1 1
0.659604 2.33798 2.5468 28.3824 1 1
0.652043 2.33785 2.56763 44.9421 1 1
0.648005 2.33222 2.56927 42.2087 1 1
0.660708 2.32704 2.54636 32.2462 6 0
0.640222 2.33541 2.54745 10.4127 1 0
0.655145 2.32246 2.55028 24.2959 1 1
0.631397 2.33455 2.53651 20.0284 1 1
0.65113 2.35115 2.54068 18.3686 1 1
0.641775 2.35412 2.55088 11.2143 1 1
0.668643 2.31478 2.53876 56.8145 1 1
0.648144 2.31763 2.54578 19.4955 1 1
0.617879 2.32827 2.54471 17.4288 1 1
0.630767 2.329 2.5551 8.99255 8 0
0.640847 2.34964 2.56352 28.1649 1 1
0.638833 2.34499 2.55706 14.2306 1 1
0.625432 2.33008 2.55375 9.46732 3 0
0.621109 2.33003 2.56101 16.0759 1 1
0.627193 2.33992 2.56925 34.7874 1 1
0.64294 2.34216 2.55781 16.9155 1 1
0.626484 2.31829 2.5517 9.29147 4 0
0.633126 2.32748 2.54796 9.3648 1 0
0.639529 2.31696 2.54133 18.8646 1 1
0.619534 2.33304 2.54163 18.8196 1 1
0.626936 2.32144 2.54978 9.68174 3 0
0.620012 2.31222 2.54339 20.0509 1 1
0.622464 2.32456 2.55132 10.6321 2 0
0.613444 2.32299 2.55062 17.5406 1 1
0.609711 2.32762 2.55428 20.9758 1 1
0.628294 2.3077 2.5538 9.04051 3 0
0.630376 2.30324 2.54917 12.0249 1 1
0.625231 2.31897 2.54952 10.5196 2 0
0.627943 2.32008 2.53737 23.5888 1 1
0.63348 2.31521 2.5501 9.78118 2 0
0.63546 2.31708 2.56117 12.916 1 0
0.639805 2.29745 2.55929 12.6897 1 0
0.640403 2.28808 2.54701 21.0318 1 1
0.650062 2.29682 2.54976 23.8342 2 0
0.643401 2.28674 2.539 36.2955 1 1
0.672444 2.29987 2.53487 78.7054 1 1
0.659346 2.29 2.55474 36.1474 3 0
0.65443 2.30234 2.56299 30.4329 1 0
0.665736 2.30794 2.56538 54.3355 1 1
0.666147 2.30393 2.56724 57.9245 1 1
0.66776 2.30609 2.54412 52.8205 1 1
0.637603 2.31982 2.57136 33.4698 1 1
0.657698 2.29725 2.55224 32.4788 5 0
0.668781 2.29401 2.55492 53.4621 1 1
0.643372 2.29715 2.55151 16.394 2 0
0.651674 2.28262 2.54429 36.96 1 1
0.65786 2.30371 2.54401 36.8273 1 1
0.645495 2.30463 2.55568 15.8754 3 0
0.67067 2.2935 2.56234 60.9336 1 1
0.669437 2.31265 2.56696 66.3353 1 1
0.63164 2.31152 2.55276 8.98745 3 0
0.623083 2.30132 2.5598 10.2705 1 0
0.609391 2.29537 2.5545 20.6705 1 1
0.613062 2.30299 2.55481 16.586 2 0
0.623797 2.30758 2.55317 10.2327 1 0
0.614853 2.30321 2.56944 23.8007 1 1
0.594719 2.31231 2.56246 44.1888 1 1
0.616188 2.30936 2.56413 17.578 1 1
0.630957 2.30686 2.55045 10.504 4 0
0.627398 2.31334 2.55797 9.39306 1 0
0.611973 2.30969 2.57758 48.3054 1 1
0.623549 2.30328 2.56285 11.9389 1 1
0.636502 2.29669 2.57041 22.1062 1 1
0.615962 2.30732 2.55412 14.2947 1 1
0.625407 2.29352 2.56245 10.3111 5 0
0.634092 2.29045 2.56229 11.0457 1 0
0.639175 2.29196 2.54841 17.5769 1 1
0.625699 2.2856 2.55032 14.985 1 1
0.641767 2.28973 2.56223 15.3699 1 1
0.642326 2.29519 2.55624 14.285 1 1
0.628914 2.28189 2.55745 10.2175 5 0
0.638717 2.2736 2.55474 16.4974 1 0
0.64547 2.28755 2.54017 35.278 1 1
0.627324 2.26378 2.54991 21.4087 1 1
0.636567 2.26176 2.54296 36.4836 1 1
0.626908 2.267 2.55909 11.4075 4 0
0.639908 2.27454 2.57143 21.1497 1 1
0.628374 2.26306 2.5679 11.4461 2 0
0.62663 2.26994 2.57415 18.072 1 1
0.624143 2.28144 2.57357 20.2756 2 0
0.618289 2.27903 2.57752 28.3938 1 0
0.624306 2.29587 2.57103 20.3471 1 0
0.617295 2.29641 2.55977 12.7034 1 0
0.621418 2.28487 2.57301 20.8102 1 0
0.631489 2.27213 2.57788 26.7096 1 1
0.623101 2.28694 2.56699 13.1016 2 0
0.61869 2.29915 2.55605 12.1081 1 0
0.616302 2.29689 2.56945 20.9212 1 0
0.620615 2.28892 2.56632 13.5197 1 0
0.62019 2.29787 2.56733 16.4465 1 0
0.611108 2.30179 2.56804 24.2271 1 1
0.625963 2.30383 2.56186 10.8208 2 0
0.625649 2.31117 2.56952 22.5941 1 1
0.617178 2.28592 2.57099 19.5413 1 1
0.63276 2.28108 2.56503 11.6882 3 0
0.636485 2.28449 2.5653 13.6418 1 0
0.638282 2.28049 2.58286 48.457 1 1
0.63096 2.28312 2.56775 13.4343 2 0
0.636711 2.27676 2.56817 15.5412 1 0
0.635405 2.26224 2.55991 14.0071 1 0
0.636504 2.25617 2.56897 15.2335 1 0
0.643308 2.25698 2.54699 35.8166 1 1
0.647539 2.25513 2.56272 25.0354 2 0
0.654451 2.25327 2.57745 45.3696 1 1
0.649149 2.23956 2.57524 33.1003 1 1
0.633021 2.26067 2.55455 17.4636 3 0
0.656759 2.25577 2.5599 39.4613 1 1
0.632035 2.27463 2.51973 91.6439 1 1
0.648967 2.27264 2.56803 26.6941 1 1
0.629246 2.25917 2.53982 42.7202 1 1
0.642908 2.25004 2.54581 41.115 1 1
0.627988 2.26657 2.57068 13.5151 6 0
0.610779 2.26904 2.5753 24.9498 1 1
0.632036 2.26995 2.57492 20.6363 2 0
0.614231 2.2583 2.57012 15.2582 1 0
0.619672 2.26464 2.56486 11.4841 1 0
0.624749 2.26126 2.56181 11.0764 1 0
0.634955 2.2723 2.55562 14.2375 1 0
0.64071 2.27396 2.55599 16.8968 1 0
0.655576 2.27233 2.5697 38.1416 1 1
0.635419 2.27433 2.55502 14.4095 2 0
0.637797 2.26505 2.56982 16.8248 1 0
0.631899 2.25332 2.55807 15.7484 1 0
0.634429 2.2483 2.55426 22.4373 1 1
0.633458 2.23642 2.57676 18.2007 1 1
0.627706 2.23792 2.56516 13.3279 3 0
0.627903 2.24777 2.55924 15.178 1 0
0.623813 2.24817 2.55652 17.723 1 0
0.635278 2.23405 2.55423 28.6503 1 0
0.624517 2.23202 2.55391 26.7851 1 0
0.621126 2.22502 2.55991 20.8089 1 0
0.626109 2.21572 2.55431 33.301 1 1
0.618271 2.22286 2.57089 13.6158 2 0
0.613288 2.22928 2.57513 15.8256 1 1
0.594391 2.23199 2.57639 36.6959 1 1
0.61949 2.23235 2.56401 15.1588 1 1
0.625178 2.22175 2.57788 14.9516 1 1
0.622045 2.21303 2.57637 13.9584 5 0
0.630983 2.22411 2.57261 15.0062 1 0
0.622781 2.21911 2.5788 15.1036 1 0
0.62081 2.22448 2.57473 13.2984 1 0
0.613643 2.22676 2.56727 16.2468 1 1
0.623551 2.21772 2.57453 13.5265 2 0
0.634952 2.21159 2.57263 19.377 1 1
0.618519 2.2234 2.57634 14.192 2 0
0.623609 2.20783 2.57736 14.5758 1 0
0.634455 2.2099 2.56307 26.3006 1 1
0.625157 2.19832 2.56979 19.0072 1 1
0.619617 2.20892 2.56888 16.5215 3 0
0.615576 2.20873 2.5609 26.1702 1 1
0.629024 2.21403 2.5775 15.9575 2 0
0.631658 2.21056 2.58303 21.1682 1 0
0.636945 2.20925 2.56573 25.6861 1 1
0.626791 2.20911 2.58101 16.9939 2 0
0.635905 2.2125 2.58765 30.9943 1 1
0.612613 2.20915 2.58945 27.8692 1 1
0.608696 2.21149 2.57549 18.3198 3 0
0.624954 2.20271 2.57251 16.1504 1 0
0.626897 2.20594 2.56986 17.4087 1 0
0.618891 2.18941 2.56912 21.6119 1 0
0.626356 2.181 2.5477 69.1052 1 1
0.612594 2.18947 2.59154 25.4637 2 0
0.620253 2.17837 2.58378 17.2571 1 0
0.605597 2.1815 2.59407 30.7489 1 0
0.599004 2.16316 2.60232 44.7343 1 1
0.601012 2.19052 2.59495 39.4385 1 1
0.617753 2.17533 2.57317 21.9824 3 0
0.601357 2.17866 2.56771 35.6061 1 1
0.626182 2.15757 2.58188 23.3326 2 0
0.617734 2.16783 2.57986 19.1591 1 0
0.6067 2.16805 2.56579 38.0952 1 1
0.62034 2.15217 2.55828 59.9339 1 1
0.6159 2.17068 2.58689 18.384 3 0
0.594924 2.15643 2.57547 38.8363 1 1
0.607916 2.16505 2.57787 23.3649 1 1
0.61401 2.16207 2.58536 18.9103 3 0
0.614295 2.16534 2.57985 19.9107 1 0
0.630594 2.16953 2.58318 22.9896 1 0
0.621533 2.15997 2.57901 22.3423 1 0
0.624044 2.13909 2.57414 37.8998 1 1
0.627088 2.15461 2.5821 24.6563 1 1
0.624963 2.16802 2.58856 20.8584 3 0
0.624796 2.16843 2.58397 19.672 1 0
0.62497 2.17305 2.58173 19.159 1 0
0.626507 2.16462 2.56754 36.0605 1 1
0.629907 2.18646 2.58339 20.2263 1 1
0.637602 2.19227 2.58447 26.9628 3 0
0.632306 2.19522 2.58945 27.633 1 0
0.637199 2.19527 2.59937 53.6764 1 1
0.613111 2.18394 2.58367 17.6945 2 0
0.610681 2.16761 2.55737 53.2917 1 1
0.612953 2.20572 2.58606 21.7488 2 0
0.612122 2.22356 2.60028 67.8693 1 1
0.625408 2.21432 2.58944 28.7206 1 1
0.598157 2.19611 2.58918 35.1464 1 1
0.616326 2.22645 2.57536 14.4759 4 0
0.617647 2.22657 2.58008 17.4119 1 0
0.633459 2.21006 2.595 44.6955 1 1
0.643898 2.23437 2.58137 33.2272 1 1
0.626089 2.23481 2.57707 15.4287 3 0
0.632659 2.23115 2.58962 39.1244 1 1
0.618879 2.23488 2.59294 47.3019 1 1
0.624215 2.24911 2.58235 26.1218 1 1
0.637786 2.24546 2.57681 22.2121 1 1
0.607447 2.24013 2.57875 24.3357 1 1
0.632435 2.2123 2.57212 17.6032 1 1
0.627575 2.23089 2.56395 15.4843 7 0
0.633134 2.24428 2.56908 13.8638 1 0
0.643293 2.24613 2.5762 26.8552 1 1
0.632179 2.25 2.59002 50.1538 1 1
0.638012 2.24894 2.56751 16.3037 1 1
0.643047 2.26468 2.5777 32.3587 1 1
0.630814 2.24728 2.57382 15.1221 5 0
0.622332 2.24845 2.58995 45.9115 1 1
0.641417 2.24459 2.5788 28.1528 1 1
0.642017 2.26174 2.56706 18.5582 3 0
0.621758 2.24362 2.56776 11.7345 1 0
0.619731 2.25301 2.5719 13.4405 1 0
0.638629 2.24757 2.55418 25.3326 1 1
0.619886 2.26647 2.57121 14.5556 2 0
0.622973 2.26595 2.55446 15.6424 1 0
0.630133 2.25923 2.55871 13.3889 1 0
0.620621 2.26862 2.56437 11.1102 1 0
0.619163 2.28663 2.56548 13.1509 1 0
0.60599 2.28279 2.58948 77.597 1 1
0.629502 2.29117 2.56132 9.67011 2 0
0.631966 2.28279 2.56795 13.8709 1 1
0.63235 2.30016 2.54366 19.0897 1 1
0.617148 2.27581 2.56536 13.0082 1 1
0.63862 2.31632 2.5414 18.6342 1 1
0.612054 2.29293 2.56952 22.8431 1 1
0.620274 2.29388 2.5595 11.0173 1 1
0.61514 2.29821 2.55999 14.293 1 1
0.636523 2.28585 2.56174 11.8707 1 1
0.608798 2.29078 2.54556 31.7353 1 1
0.62291 2.30536 2.56042 10.8559 10 0
0.625766 2.32061 2.56233 13.9802 1 0
0.637812 2.30745 2.55922 11.5819 1 0
0.636943 2.30818 2.57253 31.0006 1 1
0.62538 2.29786 2.56255 10.728 2 0
0.63212 2.29896 2.55844 9.35649 1 0
0.624332 2.30638 2.56582 15.3411 1 0
0.610851 2.31362 2.57796 53.0296 1 1
0.626324 2.31939 2.57473 39.8841 1 1
0.611275 2.31274 2.58209 67.4888 1 1
0.621647 2.30929 2.56481 15.5041 4 0
0.615973 2.32341 2.56295 19.7831 1 0
0.623012 2.3033 2.55681 9.93439 1 0
0.616645 2.30085 2.55607 13.3696 1 1
0.629478 2.29357 2.56403 11.2113 2 0
0.608788 2.28961 2.56039 19.57 1 1
0.639526 2.3054 2.55833 12.0705 2 0
0.655094 2.29808 2.53962 41.4146 1 1
0.625998 2.29106 2.56461 11.3149 2 0
0.617491 2.28309 2.56875 16.0661 1 1
0.631423 2.29822 2.56502 12.939 2 0
0.628794 2.29419 2.56353 10.8631 1 0
0.621218 2.29644 2.54466 21.215 1 1
0.628082 2.29149 2.56618 12.6542 1 1
0.624385 2.29938 2.56817 16.7826 1 1
0.641542 2.29438 2.54237 25.9563 1 1
0.646094 2.30858 2.54708 18.9699 5 0
0.65145 2.31837 2.53189 41.8382 1 1
0.648053 2.30942 2.55082 18.3097 2 0
0.645082 2.31582 2.54216 21.1182 1 0
0.638884 2.31662 2.54414 15.4136 1 0
0.636282 2.31307 2.54154 18.7752 1 1
0.623318 2.30956 2.54307 19.2354 1 1
0.641154 2.30459 2.54874 15.1656 3 0
0.617861 2.30643 2.55614 12.5322 1 0
0.614026 2.31657 2.55866 16.5068 1 1
0.61926 2.32041 2.55671 12.3889 2 0
0.612055 2.32444 2.56076 21.022 1 1
0.623852 2.32174 2.55836 11.1481 2 0
0.632229 2.31869 2.55377 8.55535 1 0
0.636387 2.33406 2.56074 15.8544 1 1
0.624366 2.32208 2.55302 9.58573 2 0
0.617043 2.32736 2.56845 29.8518 1 1
0.621361 2.33332 2.54099 18.2416 1 1
0.613348 2.31664 2.55808 16.8907 1 1
0.612799 2.31646 2.56283 20.4875 1 1
0.610437 2.33875 2.5532 21.1046 1 1
0.612026 2.31692 2.56094 19.6732 6 0
0.610515 2.32564 2.56452 27.2515 1 1
0.597273 2.31557 2.55634 38.2537 1 1
0.603264 2.32501 2.55323 29.5112 1 1
0.621531 2.31635 2.57272 33.0455 1 1
0.619268 2.32146 2.57409 40.4834 1 1
0.620475 2.31244 2.55547 11.1208 6 0
0.633803 2.3229 2.56821 25.2137 1 1
0.627013 2.31146 2.54694 12.9485 2 0
0.628989 2.30935 2.54372 16.6431 1 0
0.628546 2.31761 2.54566 12.7575 1 0
0.628883 2.32008 2.54092 17.7647 1 1
0.625934 2.30943 2.53536 31.6491 1 1
0.634223 2.3087 2.53918 23.4798 1 1
0.630861 2.31955 2.54285 15.0693 4 0
0.629128 2.31036 2.5216 65.5281 1 1
0.64566 2.33764 2.53331 26.9189 1 1
0.628599 2.30444 2.55228 9.86181 3 0
0.634988 2.3081 2.54477 15.7819 1 1
0.626909 2.30542 2.55994 9.77387 2 0
0.623766 2.3028 2.55942 10.0323 1 0
0.624161 2.32111 2.55774 10.6311 1 0
0.618955 2.31319 2.5509 13.3225 1 1
0.631412 2.32805 2.54842 9.08608 2 0
0.624143 2.31972 2.54938 10.933 1 0
0.636155 2.32229 2.54832 10.2565 1 0
0.651399 2.32082 2.54927 20.2499 1 1
0.632741 2.34477 2.56331 22.5586 1 1
0.650276 2.31347 2.55942 22.1622 3 0
0.650076 2.31342 2.55757 20.6382 1 0
0.641387 2.32252 2.54979 11.6961 1 0
0.624078 2.31701 2.54698 12.9904 1 1
0.646337 2.32398 2.55623 16.1815 1 1
0.645406 2.32841 2.54872 13.829 3 0
0.655069 2.32631 2.54336 26.387 1 1
0.646581 2.33156 2.53569 25.7905 1 1
0.654873 2.31496 2.53419 42.5962 1 1
0.641365 2.33731 2.53818 17.8646 4 0
0.642471 2.33869 2.54136 14.5476 1 0
0.639148 2.327 2.51664 70.5523 1 1
0.6474 2.34341 2.54529 14.3728 2 0
0.653521 2.33459 2.55921 27.9175 1 1
0.649275 2.3377 2.53599 25.1784 1 1
0.649845 2.34523 2.54401 16.5569 3 0
0.632819 2.33362 2.53411 24.1256 1 1
0.630538 2.33359 2.54496 10.5463 2 0
0.634098 2.34275 2.54571 8.95339 1 0
0.638371 2.32355 2.56723 25.3623 1 1
0.622564 2.34251 2.53593 22.8047 1 1
0.641143 2.36096 2.52524 32.1804 1 1
0.646998 2.33837 2.56111 24.3957 1 1
0.646754 2.347 2.53184 26.6548 1 1
0.633671 2.3302 2.54376 11.876 6 0
0.634274 2.32904 2.53211 29.3821 1 1
0.662336 2.3534 2.54444 30.3214 1 1
0.64524 2.33288 2.52722 40.6745 1 1
0.632314 2.3227 2.54932 9.20754 4 0
0.64539 2.32692 2.54976 13.7905 1 0
0.652995 2.31543 2.55258 22.4759 1 1
0.649022 2.32659 2.56921 40.7145 1 1
0.633215 2.33064 2.55459 9.02458 3 0
0.63428 2.33223 2.5591 12.7966 1 1
0.613834 2.31868 2.5488 18.4427 1 1
0.637518 2.32872 2.55942 13.6171 1 1
0.609156 2.33588 2.55928 25.3895 1 1
0.636552 2.33527 2.55077 8.80744 5 0
0.642038 2.33428 2.54455 12.7389 1 0
0.649271 2.33895 2.55177 16.6524 1 0
0.658108 2.34598 2.54687 25.2079 1 1
0.655726 2.33456 2.53301 36.9244 1 1
0.657067 2.34201 2.56617 49.7902 1 1
0.63358 2.33993 2.54634 8.91641 4 0
0.634601 2.34152 2.55635 11.5578 1 0
0.639395 2.35025 2.55406 12.1285 1 1
0.63271 2.33993 2.56475 23.8235 1 1
0.655153 2.34273 2.54815 21.8531 1 1
0.64195 2.33392 2.56328 22.9735 1 1
0.63358 2.34507 2.57174 46.9829 1 1
0.632338 2.34934 2.55368 10.1455 6 0
0.622384 2.33937 2.54483 13.0055 1 0
0.626636 2.33724 2.55114 9.02795 1 0
0.623278 2.32964 2.54876 10.9262 1 1
0.625175 2.35853 2.54534 10.3782 1 1
0.623983 2.3311 2.54327 14.472 3 0
0.615923 2.33037 2.54286 20.8488 1 0
0.61988 2.31301 2.5459 16.9016 1 0
0.632364 2.30991 2.54112 19.8872 1 0
0.626469 2.31327 2.55161 9.65515 1 0
0.646875 2.31643 2.55837 17.8693 1 0
0.651266 2.30445 2.53967 34.0522 1 1
0.638821 2.31963 2.58097 69.0855 1 1
0.65428 2.32649 2.5296 45.3374 1 1
0.652194 2.31289 2.55951 24.5436 4 0
0.645283 2.31272 2.56216 19.6144 1 0
0.639724 2.30528 2.55551 11.6596 1 0
0.619772 2.30939 2.55565 11.4533 1 0
0.635395 2.29636 2.56116 11.1556 1 0
0.630127 2.29085 2.56558 12.2391 1 0
0.635525 2.28198 2.56306 11.8877 1 0
0.626877 2.28315 2.56705 12.2688 1 0
0.623544 2.2759 2.56199 10.1609 1 0
0.623401 2.27494 2.55434 13.7683 1 0
0.61991 2.27676 2.5554 13.7974 1 0
0.604896 2.28727 2.53642 56.1954 1 1
0.633209 2.26989 2.56719 12.6626 2 0
0.63764 2.26984 2.54273 33.6159 1 1
0.627378 2.25106 2.58165 25.8711 1 1
0.639026 2.26264 2.57629 25.4733 1 1
0.639628 2.28163 2.56996 20.105 1 1
0.634599 2.27608 2.56722 13.5877 5 0
0.639203 2.26667 2.56901 17.2879 1 0
0.611558 2.27485 2.56071 16.6612 1 0
0.624185 2.29845 2.55756 9.60594 1 0
0.619039 2.29635 2.55933 11.6577 1 0
0.619128 2.30968 2.58065 55.2634 1 1
0.621424 2.29764 2.55507 11.0993 2 0
0.624493 2.29602 2.5505 13.0482 1 0
0.611163 2.29542 2.53761 42.7592 1 1
0.615172 2.29343 2.54097 32.5171 1 1
0.623554 2.29442 2.56228 10.6476 3 0
0.629858 2.28589 2.57447 23.9003 1 1
0.628832 2.28884 2.5551 10.3609 2 0
0.633351 2.29816 2.55081 11.9523 1 0
0.644697 2.30299 2.55138 16.314 1 1
0.647819 2.29784 2.5631 21.8555 1 1
0.645419 2.29144 2.5475 22.9672 1 1
0.63192 2.30393 2.54323 18.5714 1 1
0.649675 2.29473 2.54465 29.2317 1 1
0.63031 2.28355 2.5685 14.1169 6 0
0.63164 2.2835 2.57438 23.4299 1 1
0.631093 2.27393 2.56363 10.6053 2 0
0.63581 2.27576 2.57907 33.1411 1 1
0.642111 2.28568 2.55924 15.0633 2 0
0.63927 2.29557 2.56305 14.2697 1 0
0.636596 2.29685 2.59061 95.0681 1 1
0.627224 2.29755 2.56962 18.3273 2 0
0.629769 2.29875 2.57287 25.1908 1 0
0.617862 2.30129 2.57156 25.1605 1 0
0.622597 2.3101 2.55781 10.3518 1 0
0.613732 2.29326 2.5875 72.56 1 1
0.63282 2.30499 2.55868 9.56063 2 0
0.637661 2.3061 2.54925 12.8032 1 0
0.644407 2.31677 2.5507 14.0991 1 1
0.624324 2.32156 2.55699 10.2661 2 0
0.613756 2.3276 2.55526 16.8744 1 1
0.633198 2.3329 2.56434 20.5746 1 1
0.630545 2.30936 2.56128 10.9294 3 0
0.640654 2.29529 2.558 13.0903 1 0
0.64044 2.31268 2.55169 11.8303 1 0
0.637432 2.29944 2.55479 11.1297 1 0
0.637973 2.2898 2.5624 12.8853 1 0
0.648207 2.28737 2.5688 27.8192 1 0
0.643209 2.28644 2.56636 19.5188 1 0
0.637954 2.2955 2.56088 12.2157 1 0
0.636212 2.31509 2.55622 9.84571 1 0
0.628169 2.31796 2.54769 11.0384 1 0
0.621569 2.31036 2.56412 14.9801 1 1
0.630708 2.31819 2.55251 8.58968 2 0
0.640699 2.32601 2.57166 39.4547 1 1
0.635412 2.31618 2.57269 34.2621 1 1
0.630317 2.31234 2.55602 8.70425 3 0
0.630687 2.30688 2.57214 26.9639 1 1
0.633126 2.32125 2.54492 12.4485 2 0
0.64078 2.32494 2.54762 11.8974 1 0
0.650357 2.30772 2.54881 21.9881 1 1
0.6312 2.31792 2.54337 14.794 2 0
0.628248 2.3155 2.5254 52.358 1 1
0.62727 2.33349 2.54312 12.8751 2 0
0.623623 2.33627 2.54574 11.9562 1 0
0.623998 2.32809 2.53843 21.3244 1 0
0.635016 2.33797 2.53928 15.0554 1 0
0.640051 2.34077 2.54156 13.0045 1 0
0.643867 2.34057 2.57186 51.0929 1 1
0.633785 2.34668 2.55349 9.78894 2 0
0.638362 2.34622 2.55366 10.9307 1 0
0.655923 2.34618 2.55899 32.9206 1 1
0.633416 2.34064 2.54962 8.20262 2 0
0.6284 2.35654 2.54825 8.92321 1 0
0.636056 2.34617 2.54325 10.0226 1 0
0.640316 2.34672 2.55374 11.8518 1 0
0.629872 2.36473 2.53856 11.9379 1 0
0.636339 2.37488 2.53772 10.3283 1 0
0.650733 2.37054 2.54769 16.4882 1 0
0.647821 2.35094 2.52365 41.9288 1 1
0.660654 2.3869 2.54166 24.6468 1 1
0.629816 2.37192 2.53887 10.9787 3 0
0.628282 2.37593 2.55137 13.1224 1 0
0.618574 2.36741 2.55826 24.8078 1 1
0.62704 2.3754 2.55912 25.7954 1 1
0.611677 2.37026 2.55227 24.5306 1 1
0.625079 2.3547 2.54783 10.0365 4 0
0.625711 2.36605 2.55045 11.5108 1 1
0.617965 2.37179 2.5402 17.8297 2 0
0.614828 2.3752 2.55855 31.3425 1 0
0.613977 2.36643 2.55444 23.0995 1 0
0.608097 2.37601 2.54909 28.3818 1 0
0.605676 2.36265 2.54592 30.1987 1 0
0.610961 2.37974 2.56409 51.0826 1 1
0.608581 2.37209 2.54355 27.2647 2 0
0.613479 2.37757 2.5267 41.6285 1 1
0.606657 2.37484 2.55597 36.2295 2 0
0.598591 2.35939 2.58026 116.82 1 1
0.599452 2.38354 2.56835 83.1281 1 1
0.623225 2.36187 2.5555 16.3439 3 0
0.618558 2.35743 2.56327 30.7807 1 0
0.628202 2.3612 2.57387 66.7283 1 1
0.614079 2.33774 2.56213 24.3534 2 0
0.605192 2.34299 2.56285 37.063 1 1
0.617353 2.34595 2.54995 14.5764 2 0
0.619713 2.31921 2.52846 47.8413 1 1
0.609546 2.3435 2.53883 31.6215 1 1
0.611003 2.33399 2.54088 28.2036 1 1
0.611954 2.34178 2.53602 33.1506 1 1
0.61235 2.34095 2.52874 47.7252 1 1
0.605639 2.34403 2.52905 56.1556 1 1
0.612067 2.35201 2.54094 24.819 1 1
0.617769 2.35845 2.56191 28.7961 1 1
0.622324 2.36579 2.56125 27.9756 1 1
0.624911 2.34889 2.53618 19.5664 10 0
0.620699 2.34231 2.527 42.3548 1 1
0.621545 2.34534 2.54995 11.5384 2 0
0.602487 2.32859 2.54481 36.2701 1 1
0.619104 2.33293 2.54405 16.5434 2 0
0.616546 2.31377 2.54726 17.8308 1 0
0.634913 2.31541 2.53052 38.2577 1 1
0.618645 2.32121 2.55219 12.6897 2 0
0.640958 2.32912 2.5469 11.7226 1 0
0.631019 2.3444 2.54928 8.22841 1 0
0.619468 2.3407 2.55352 13.1601 1 1
0.635263 2.34405 2.54036 12.6254 1 1
0.615425 2.3486 2.54671 17.0788 3 0
0.600729 2.35721 2.5426 40.4451 1 1
0.594059 2.33804 2.54362 53.129 1 1
0.61699 2.34048 2.54707 15.5487 3 0
0.603033 2.34129 2.54485 34.6925 1 1
0.626262 2.33822 2.54489 11.1716 2 0
0.639621 2.33799 2.54281 12.3512 1 1
0.636739 2.34654 2.52598 35.8403 1 1
0.641203 2.3456 2.53975 14.0835 3 0
0.665024 2.34765 2.54495 35.5306 1 1
0.635088 2.34118 2.54109 12.4305 2 0
0.630071 2.34706 2.53073 26.9283 1 1
0.621414 2.34988 2.53245 27.9275 2 0
0.618276 2.34502 2.52733 42.9868 1 1
0.632501 2.3544 2.54028 11.166 2 0
0.639025 2.35492 2.52741 29.6597 1 1
0.640943 2.34878 2.55546 14.0337 1 1
0.62614 2.35184 2.54493 10.2263 3 0
0.632885 2.34788 2.55187 8.92724 1 0
0.629839 2.35291 2.54771 8.45985 1 0
0.620468 2.36437 2.54615 13.2776 1 0
0.606387 2.37387 2.55155 31.7381 1 1
0.619313 2.35617 2.54459 14.4669 2 0
0.613171 2.36427 2.53362 31.659 1 1
0.608652 2.35721 2.5477 25.0551 2 0
0.593284 2.3488 2.5428 55.4792 1 1
0.604147 2.36453 2.51698 86.337 1 1
0.613264 2.36023 2.53775 26.2021 1 1
0.601064 2.36891 2.5461 38.4194 1 1
0.60723 2.35637 2.54781 26.9532 1 1
0.610284 2.3509 2.53664 32.7919 1 1
0.605806 2.36215 2.55262 30.6865 1 1
0.605799 2.34981 2.53916 35.9647 1 1
0.601305 2.35788 2.55652 39.6376 1 1
0.605835 2.35691 2.53595 39.7288 1 1
0.607164 2.36021 2.547 27.5034 11 0
0.618319 2.36141 2.54735 14.7566 1 0
0.627972 2.37238 2.53785 12.4749 1 0
0.651007 2.37656 2.53684 16.1448 1 0
0.665602 2.37006 2.56353 69.6702 1 1
0.672116 2.39842 2.53037 42.1476 1 1
0.651931 2.36247 2.52194 43.0957 1 1
0.654541 2.38501 2.52546 29.4204 1 1
0.643634 2.37179 2.52884 22.3594 1 1
0.666569 2.37004 2.53577 36.4934 1 1
0.648082 2.36816 2.52718 28.0524 1 1
0.673946 2.36782 2.52826 57.6113 1 1
0.648084 2.38637 2.5291 19.7101 9 0
0.651653 2.40425 2.53071 16.3737 1 0
0.598171 2.41531 2.53045 58.5945 1 1
0.653993 2.40987 2.52283 25.6539 1 1
0.641285 2.40084 2.5305 13.3005 3 0
0.633046 2.41413 2.51747 33.8676 1 1
0.635344 2.39617 2.53147 13.307 2 0
0.629281 2.39861 2.53122 15.506 1 0
0.637298 2.40047 2.53173 12.1893 1 0
0.643039 2.39474 2.53423 11.298 1 0
0.628564 2.38107 2.54871 11.648 1 0
0.63344 2.38728 2.5456 9.57409 1 0
0.639721 2.39925 2.54403 10.4276 1 0
0.638079 2.39084 2.53996 8.53671 1 0
0.627804 2.40706 2.53464 12.7434 1 1
0.634425 2.38196 2.52703 22.6377 1 1
0.62369 2.37725 2.542 12.213 3 0
0.628412 2.38294 2.5543 18.881 1 1
0.627326 2.38647 2.55561 22.7676 2 0
0.619639 2.39025 2.54497 16.1593 1 0
0.625029 2.40166 2.53085 18.3697 1 1
0.626157 2.38388 2.5357 14.2635 2 0
0.64242 2.38442 2.54644 11.2488 1 0
0.651239 2.38137 2.54583 16.3143 1 1
0.637487 2.38674 2.54149 8.413 2 0
0.649734 2.4036 2.52916 16.7435 1 1
0.645901 2.37038 2.55005 14.528 1 1
0.6431 2.38097 2.54648 11.2285 3 0
0.6535 2.38569 2.55276 28.1219 1 1
0.63024 2.36927 2.54141 9.53159 2 0
0.641052 2.37702 2.53799 10.4423 1 1
0.626179 2.36393 2.53766 14.5059 2 0
0.637335 2.35239 2.53158 22.5781 1 1
0.620791 2.35333 2.52783 36.9059 1 1
0.63803 2.35463 2.55102 9.85283 3 0
0.639024 2.34247 2.54575 9.83518 1 0
0.632651 2.3392 2.5631 20.1734 1 1
0.645111 2.33457 2.53137 31.2497 1 1
0.650713 2.3264 2.55158 18.6346 1 1
0.638449 2.33893 2.54517 10.319 4 0
0.657654 2.35769 2.56561 56.2654 1 1
0.640513 2.34666 2.54869 9.72647 2 0
0.631924 2.34531 2.53489 19.6002 1 1
0.630326 2.34879 2.55119 8.81599 2 0
0.612559 2.3365 2.55125 18.5058 1 0
0.597354 2.32096 2.5268 84.0204 1 1
0.626332 2.33343 2.56081 14.9222 2 0
0.635748 2.34211 2.55451 10.3443 1 0
0.639089 2.33069 2.55626 11.6988 1 1
0.649451 2.35541 2.56047 30.4556 1 1
0.636464 2.34917 2.54353 9.5636 3 0
0.62836 2.35668 2.5222 43.7041 1 1
0.651472 2.34212 2.5288 37.238 1 1
0.658439 2.34159 2.54372 26.8592 1 1
0.621296 2.35556 2.52455 43.4446 1 1
0.635639 2.36318 2.53457 15.3831 5 0
0.63581 2.35707 2.51094 73.3587 1 1
0.653809 2.36713 2.53094 26.4076 1 1
0.632723 2.36236 2.54649 8.20373 3 0
0.617535 2.3713 2.55614 23.5027 1 1
0.62662 2.35871 2.5537 12.4371 1 1
0.634138 2.36141 2.53768 12.3133 3 0
0.630499 2.35568 2.54009 11.5484 1 0
0.644956 2.36114 2.54421 11.2943 1 0
